This file contains any messages produced by compilers while
running configure, to aid debugging if configure makes a mistake.

configure:597: checking for a BSD compatible install
configure:650: checking whether build environment is sane
configure:707: checking whether make sets ${MAKE}
configure:753: checking for working aclocal
configure:766: checking for working autoconf
configure:779: checking for working automake
configure:792: checking for working autoheader
configure:805: checking for working makeinfo
configure:832: checking for gcc
configure:945: checking whether the C compiler (psp-gcc -I../../../../SharedLib/libpthread -I/usr/local/pspdev/psp/include/ -I/usr/local/pspdev/psp/sdk/include/ -I/usr/local/pspdev/psp/include/machine/ -I/usr/local/pspdev/psp/sdk/include/ -I/usr/local/pspdev/psp/include/machine/ -I../../../../SharedLib/Tools -L/usr/local/pspdev/psp/sdk/lib -L/usr/local/pspdev/psp/sdk/sdk/lib -L../../../../SharedLib/lib) works
configure:961: psp-gcc -I../../../../SharedLib/libpthread -I/usr/local/pspdev/psp/include/ -I/usr/local/pspdev/psp/sdk/include/ -I/usr/local/pspdev/psp/include/machine/ -o conftest -I/usr/local/pspdev/psp/sdk/include/ -I/usr/local/pspdev/psp/include/machine/ -I../../../../SharedLib/Tools  -L/usr/local/pspdev/psp/sdk/lib -L/usr/local/pspdev/psp/sdk/sdk/lib -L../../../../SharedLib/lib conftest.c -lpspdebug -lpspdisplay -lpspge -lpspctrl -lpspsdk -lc -lpspnet -lpspnet_inet -lpspnet_apctl -lpspnet_resolver -lpsputility -lpspuser -liberty -lpspsdk -lpspnet -lpspaudio -lpspgu -lpspge -lpsphprm -lpspkernel 1>&5
configure:987: checking whether the C compiler (psp-gcc -I../../../../SharedLib/libpthread -I/usr/local/pspdev/psp/include/ -I/usr/local/pspdev/psp/sdk/include/ -I/usr/local/pspdev/psp/include/machine/ -I/usr/local/pspdev/psp/sdk/include/ -I/usr/local/pspdev/psp/include/machine/ -I../../../../SharedLib/Tools -L/usr/local/pspdev/psp/sdk/lib -L/usr/local/pspdev/psp/sdk/sdk/lib -L../../../../SharedLib/lib) is a cross-compiler
configure:992: checking whether we are using GNU C
configure:1001: psp-gcc -I../../../../SharedLib/libpthread -I/usr/local/pspdev/psp/include/ -I/usr/local/pspdev/psp/sdk/include/ -I/usr/local/pspdev/psp/include/machine/ -E conftest.c
configure:1020: checking whether psp-gcc -I../../../../SharedLib/libpthread -I/usr/local/pspdev/psp/include/ -I/usr/local/pspdev/psp/sdk/include/ -I/usr/local/pspdev/psp/include/machine/ accepts -g
configure:1058: checking how to run the C preprocessor
configure:1079: psp-gcc -I../../../../SharedLib/libpthread -I/usr/local/pspdev/psp/include/ -I/usr/local/pspdev/psp/sdk/include/ -I/usr/local/pspdev/psp/include/machine/ -E  conftest.c >/dev/null 2>conftest.out
configure:1138: checking for ANSI C header files
configure:1151: psp-gcc -I../../../../SharedLib/libpthread -I/usr/local/pspdev/psp/include/ -I/usr/local/pspdev/psp/sdk/include/ -I/usr/local/pspdev/psp/include/machine/ -E  conftest.c >/dev/null 2>conftest.out
configure:1243: checking whether psp-gcc -I../../../../SharedLib/libpthread -I/usr/local/pspdev/psp/include/ -I/usr/local/pspdev/psp/sdk/include/ -I/usr/local/pspdev/psp/include/machine/ needs -traditional
configure:1250:19: error: sgtty.h: No such file or directory
configure:1268:20: error: termio.h: No such file or directory
configure:1292: checking for EMX
configure:1306: psp-gcc -I../../../../SharedLib/libpthread -I/usr/local/pspdev/psp/include/ -I/usr/local/pspdev/psp/sdk/include/ -I/usr/local/pspdev/psp/include/machine/ -c -I/usr/local/pspdev/psp/sdk/include/ -I/usr/local/pspdev/psp/include/machine/ -I../../../../SharedLib/Tools  conftest.c 1>&5
configure: In function 'main':
configure:1301: error: 'kill' undeclared (first use in this function)
configure:1301: error: (Each undeclared identifier is reported only once
configure:1301: error: for each function it appears in.)
configure:1301: error: syntax error before 'me'
configure: failed program was:
#line 1297 "configure"
#include "confdefs.h"

int main() {
#ifndef __EMX__
	kill me!
	#endif 
; return 0; }
configure:1323: checking for typeof
configure:1336: psp-gcc -I../../../../SharedLib/libpthread -I/usr/local/pspdev/psp/include/ -I/usr/local/pspdev/psp/sdk/include/ -I/usr/local/pspdev/psp/include/machine/ -c -I/usr/local/pspdev/psp/sdk/include/ -I/usr/local/pspdev/psp/include/machine/ -I../../../../SharedLib/Tools  conftest.c 1>&5
configure:1356: checking for long long
configure:1368: psp-gcc -I../../../../SharedLib/libpthread -I/usr/local/pspdev/psp/include/ -I/usr/local/pspdev/psp/sdk/include/ -I/usr/local/pspdev/psp/include/machine/ -c -I/usr/local/pspdev/psp/sdk/include/ -I/usr/local/pspdev/psp/include/machine/ -I../../../../SharedLib/Tools  conftest.c 1>&5
configure:1392: checking for dirent.h that defines DIR
configure:1405: psp-gcc -I../../../../SharedLib/libpthread -I/usr/local/pspdev/psp/include/ -I/usr/local/pspdev/psp/sdk/include/ -I/usr/local/pspdev/psp/include/machine/ -c -I/usr/local/pspdev/psp/sdk/include/ -I/usr/local/pspdev/psp/include/machine/ -I../../../../SharedLib/Tools  conftest.c 1>&5
configure:1430: checking for opendir in -ldir
configure:1449: psp-gcc -I../../../../SharedLib/libpthread -I/usr/local/pspdev/psp/include/ -I/usr/local/pspdev/psp/sdk/include/ -I/usr/local/pspdev/psp/include/machine/ -o conftest -I/usr/local/pspdev/psp/sdk/include/ -I/usr/local/pspdev/psp/include/machine/ -I../../../../SharedLib/Tools  -L/usr/local/pspdev/psp/sdk/lib -L/usr/local/pspdev/psp/sdk/sdk/lib -L../../../../SharedLib/lib conftest.c -ldir  -lpspdebug -lpspdisplay -lpspge -lpspctrl -lpspsdk -lc -lpspnet -lpspnet_inet -lpspnet_apctl -lpspnet_resolver -lpsputility -lpspuser -liberty -lpspsdk -lpspnet -lpspaudio -lpspgu -lpspge -lpsphprm -lpspkernel 1>&5
/usr/local/pspdev/lib/gcc/psp/4.0.2/../../../../psp/bin/ld: cannot find -ldir
collect2: ld returned 1 exit status
configure: failed program was:
#line 1438 "configure"
#include "confdefs.h"
/* Override any gcc2 internal prototype to avoid an error.  */
/* We use char because int might match the return type of a gcc2
    builtin and then its argument prototype would still apply.  */
char opendir();

int main() {
opendir()
; return 0; }
configure:1513: checking for sys/wait.h that is POSIX.1 compatible
configure:1534: psp-gcc -I../../../../SharedLib/libpthread -I/usr/local/pspdev/psp/include/ -I/usr/local/pspdev/psp/sdk/include/ -I/usr/local/pspdev/psp/include/machine/ -c -I/usr/local/pspdev/psp/sdk/include/ -I/usr/local/pspdev/psp/include/machine/ -I../../../../SharedLib/Tools  conftest.c 1>&5
configure:1558: checking for fcntl.h
configure:1568: psp-gcc -I../../../../SharedLib/libpthread -I/usr/local/pspdev/psp/include/ -I/usr/local/pspdev/psp/sdk/include/ -I/usr/local/pspdev/psp/include/machine/ -E  conftest.c >/dev/null 2>conftest.out
configure:1558: checking for limits.h
configure:1568: psp-gcc -I../../../../SharedLib/libpthread -I/usr/local/pspdev/psp/include/ -I/usr/local/pspdev/psp/sdk/include/ -I/usr/local/pspdev/psp/include/machine/ -E  conftest.c >/dev/null 2>conftest.out
configure:1558: checking for sys/ioctl.h
configure:1568: psp-gcc -I../../../../SharedLib/libpthread -I/usr/local/pspdev/psp/include/ -I/usr/local/pspdev/psp/sdk/include/ -I/usr/local/pspdev/psp/include/machine/ -E  conftest.c >/dev/null 2>conftest.out
configure:1558: checking for sys/time.h
configure:1568: psp-gcc -I../../../../SharedLib/libpthread -I/usr/local/pspdev/psp/include/ -I/usr/local/pspdev/psp/sdk/include/ -I/usr/local/pspdev/psp/include/machine/ -E  conftest.c >/dev/null 2>conftest.out
configure:1558: checking for time.h
configure:1568: psp-gcc -I../../../../SharedLib/libpthread -I/usr/local/pspdev/psp/include/ -I/usr/local/pspdev/psp/sdk/include/ -I/usr/local/pspdev/psp/include/machine/ -E  conftest.c >/dev/null 2>conftest.out
configure:1558: checking for unistd.h
configure:1568: psp-gcc -I../../../../SharedLib/libpthread -I/usr/local/pspdev/psp/include/ -I/usr/local/pspdev/psp/sdk/include/ -I/usr/local/pspdev/psp/include/machine/ -E  conftest.c >/dev/null 2>conftest.out
configure:1558: checking for math.h
configure:1568: psp-gcc -I../../../../SharedLib/libpthread -I/usr/local/pspdev/psp/include/ -I/usr/local/pspdev/psp/sdk/include/ -I/usr/local/pspdev/psp/include/machine/ -E  conftest.c >/dev/null 2>conftest.out
configure:1558: checking for ieee.h
configure:1568: psp-gcc -I../../../../SharedLib/libpthread -I/usr/local/pspdev/psp/include/ -I/usr/local/pspdev/psp/sdk/include/ -I/usr/local/pspdev/psp/include/machine/ -E  conftest.c >/dev/null 2>conftest.out
configure:1564:18: error: ieee.h: No such file or directory
configure: failed program was:
#line 1563 "configure"
#include "confdefs.h"
#include <ieee.h>
configure:1558: checking for endian.h
configure:1568: psp-gcc -I../../../../SharedLib/libpthread -I/usr/local/pspdev/psp/include/ -I/usr/local/pspdev/psp/sdk/include/ -I/usr/local/pspdev/psp/include/machine/ -E  conftest.c >/dev/null 2>conftest.out
configure:1598: checking for values.h
configure:1608: psp-gcc -I../../../../SharedLib/libpthread -I/usr/local/pspdev/psp/include/ -I/usr/local/pspdev/psp/sdk/include/ -I/usr/local/pspdev/psp/include/machine/ -E  conftest.c >/dev/null 2>conftest.out
configure:1604:20: error: values.h: No such file or directory
configure: failed program was:
#line 1603 "configure"
#include "confdefs.h"
#include <values.h>
configure:1638: checking for sigaction.h
configure:1648: psp-gcc -I../../../../SharedLib/libpthread -I/usr/local/pspdev/psp/include/ -I/usr/local/pspdev/psp/sdk/include/ -I/usr/local/pspdev/psp/include/machine/ -E  conftest.c >/dev/null 2>conftest.out
configure:1644:23: error: sigaction.h: No such file or directory
configure: failed program was:
#line 1643 "configure"
#include "confdefs.h"
#include <sigaction.h>
configure:1678: checking for netinet/in_systm.h
configure:1688: psp-gcc -I../../../../SharedLib/libpthread -I/usr/local/pspdev/psp/include/ -I/usr/local/pspdev/psp/sdk/include/ -I/usr/local/pspdev/psp/include/machine/ -E  conftest.c >/dev/null 2>conftest.out
configure:1684:30: error: netinet/in_systm.h: No such file or directory
configure: failed program was:
#line 1683 "configure"
#include "confdefs.h"
#include <netinet/in_systm.h>
configure:1718: checking for netinet/in_system.h
configure:1728: psp-gcc -I../../../../SharedLib/libpthread -I/usr/local/pspdev/psp/include/ -I/usr/local/pspdev/psp/sdk/include/ -I/usr/local/pspdev/psp/include/machine/ -E  conftest.c >/dev/null 2>conftest.out
configure:1724:31: error: netinet/in_system.h: No such file or directory
configure: failed program was:
#line 1723 "configure"
#include "confdefs.h"
#include <netinet/in_system.h>
configure:1758: checking for netinet/ip.h
configure:1768: psp-gcc -I../../../../SharedLib/libpthread -I/usr/local/pspdev/psp/include/ -I/usr/local/pspdev/psp/sdk/include/ -I/usr/local/pspdev/psp/include/machine/ -E  conftest.c >/dev/null 2>conftest.out
configure:1764:24: error: netinet/ip.h: No such file or directory
configure: failed program was:
#line 1763 "configure"
#include "confdefs.h"
#include <netinet/ip.h>
configure:1798: checking for netinet/dhcp.h
configure:1808: psp-gcc -I../../../../SharedLib/libpthread -I/usr/local/pspdev/psp/include/ -I/usr/local/pspdev/psp/sdk/include/ -I/usr/local/pspdev/psp/include/machine/ -E  conftest.c >/dev/null 2>conftest.out
configure:1804:26: error: netinet/dhcp.h: No such file or directory
configure: failed program was:
#line 1803 "configure"
#include "confdefs.h"
#include <netinet/dhcp.h>
configure:1838: checking for sys/select.h
configure:1848: psp-gcc -I../../../../SharedLib/libpthread -I/usr/local/pspdev/psp/include/ -I/usr/local/pspdev/psp/sdk/include/ -I/usr/local/pspdev/psp/include/machine/ -E  conftest.c >/dev/null 2>conftest.out
configure:1878: checking for sys/resource.h
configure:1888: psp-gcc -I../../../../SharedLib/libpthread -I/usr/local/pspdev/psp/include/ -I/usr/local/pspdev/psp/sdk/include/ -I/usr/local/pspdev/psp/include/machine/ -E  conftest.c >/dev/null 2>conftest.out
configure:1918: checking for sys/utsname.h
configure:1928: psp-gcc -I../../../../SharedLib/libpthread -I/usr/local/pspdev/psp/include/ -I/usr/local/pspdev/psp/sdk/include/ -I/usr/local/pspdev/psp/include/machine/ -E  conftest.c >/dev/null 2>conftest.out
configure:1924:25: error: sys/utsname.h: No such file or directory
configure: failed program was:
#line 1923 "configure"
#include "confdefs.h"
#include <sys/utsname.h>
configure:1958: checking for sys/un.h
configure:1968: psp-gcc -I../../../../SharedLib/libpthread -I/usr/local/pspdev/psp/include/ -I/usr/local/pspdev/psp/sdk/include/ -I/usr/local/pspdev/psp/include/machine/ -E  conftest.c >/dev/null 2>conftest.out
configure:1964:20: error: sys/un.h: No such file or directory
configure: failed program was:
#line 1963 "configure"
#include "confdefs.h"
#include <sys/un.h>
configure:1998: checking for sys/fmutex.h
configure:2008: psp-gcc -I../../../../SharedLib/libpthread -I/usr/local/pspdev/psp/include/ -I/usr/local/pspdev/psp/sdk/include/ -I/usr/local/pspdev/psp/include/machine/ -E  conftest.c >/dev/null 2>conftest.out
configure:2004:24: error: sys/fmutex.h: No such file or directory
configure: failed program was:
#line 2003 "configure"
#include "confdefs.h"
#include <sys/fmutex.h>
configure:2038: checking for sys/cygwin.h
configure:2048: psp-gcc -I../../../../SharedLib/libpthread -I/usr/local/pspdev/psp/include/ -I/usr/local/pspdev/psp/sdk/include/ -I/usr/local/pspdev/psp/include/machine/ -E  conftest.c >/dev/null 2>conftest.out
configure:2044:24: error: sys/cygwin.h: No such file or directory
configure: failed program was:
#line 2043 "configure"
#include "confdefs.h"
#include <sys/cygwin.h>
configure:2078: checking for io.h
configure:2088: psp-gcc -I../../../../SharedLib/libpthread -I/usr/local/pspdev/psp/include/ -I/usr/local/pspdev/psp/sdk/include/ -I/usr/local/pspdev/psp/include/machine/ -E  conftest.c >/dev/null 2>conftest.out
configure:2084:16: error: io.h: No such file or directory
configure: failed program was:
#line 2083 "configure"
#include "confdefs.h"
#include <io.h>
configure:2118: checking for setjmp.h
configure:2128: psp-gcc -I../../../../SharedLib/libpthread -I/usr/local/pspdev/psp/include/ -I/usr/local/pspdev/psp/sdk/include/ -I/usr/local/pspdev/psp/include/machine/ -E  conftest.c >/dev/null 2>conftest.out
configure:2158: checking for langinfo.h
configure:2168: psp-gcc -I../../../../SharedLib/libpthread -I/usr/local/pspdev/psp/include/ -I/usr/local/pspdev/psp/sdk/include/ -I/usr/local/pspdev/psp/include/machine/ -E  conftest.c >/dev/null 2>conftest.out
configure:2198: checking for md5.h
configure:2208: psp-gcc -I../../../../SharedLib/libpthread -I/usr/local/pspdev/psp/include/ -I/usr/local/pspdev/psp/sdk/include/ -I/usr/local/pspdev/psp/include/machine/ -E  conftest.c >/dev/null 2>conftest.out
configure:2204:17: error: md5.h: No such file or directory
configure: failed program was:
#line 2203 "configure"
#include "confdefs.h"
#include <md5.h>
configure:2236: checking for working const
configure:2290: psp-gcc -I../../../../SharedLib/libpthread -I/usr/local/pspdev/psp/include/ -I/usr/local/pspdev/psp/sdk/include/ -I/usr/local/pspdev/psp/include/machine/ -c -I/usr/local/pspdev/psp/sdk/include/ -I/usr/local/pspdev/psp/include/machine/ -I../../../../SharedLib/Tools  conftest.c 1>&5
configure:2311: checking for inline
configure:2325: psp-gcc -I../../../../SharedLib/libpthread -I/usr/local/pspdev/psp/include/ -I/usr/local/pspdev/psp/sdk/include/ -I/usr/local/pspdev/psp/include/machine/ -c -I/usr/local/pspdev/psp/sdk/include/ -I/usr/local/pspdev/psp/include/machine/ -I../../../../SharedLib/Tools  conftest.c 1>&5
configure:2351: checking for size_t
configure:2384: checking whether time.h and sys/time.h may both be included
configure:2398: psp-gcc -I../../../../SharedLib/libpthread -I/usr/local/pspdev/psp/include/ -I/usr/local/pspdev/psp/sdk/include/ -I/usr/local/pspdev/psp/include/machine/ -c -I/usr/local/pspdev/psp/sdk/include/ -I/usr/local/pspdev/psp/include/machine/ -I../../../../SharedLib/Tools  conftest.c 1>&5
configure:2419: checking whether struct tm is in sys/time.h or time.h
configure:2432: psp-gcc -I../../../../SharedLib/libpthread -I/usr/local/pspdev/psp/include/ -I/usr/local/pspdev/psp/sdk/include/ -I/usr/local/pspdev/psp/include/machine/ -c -I/usr/local/pspdev/psp/sdk/include/ -I/usr/local/pspdev/psp/include/machine/ -I../../../../SharedLib/Tools  conftest.c 1>&5
configure: In function 'main':
configure:2428: error: dereferencing pointer to incomplete type
configure: failed program was:
#line 2424 "configure"
#include "confdefs.h"
#include <sys/types.h>
#include <time.h>
int main() {
struct tm *tp; tp->tm_sec;
; return 0; }
configure:2462: checking size of short
configure:2501: checking size of unsigned short
configure:2540: checking size of int
configure:2579: checking size of unsigned
configure:2618: checking size of long
configure:2657: checking size of unsigned long
configure:2696: checking for big endian
configure:2733: checking for little endian
configure:2784: checking if rename can replace existing files
configure:2836: checking for 8-bit clean memcmp
configure:2872: checking return type of signal handlers
configure:2894: psp-gcc -I../../../../SharedLib/libpthread -I/usr/local/pspdev/psp/include/ -I/usr/local/pspdev/psp/sdk/include/ -I/usr/local/pspdev/psp/include/machine/ -c -I/usr/local/pspdev/psp/sdk/include/ -I/usr/local/pspdev/psp/include/machine/ -I../../../../SharedLib/Tools  conftest.c 1>&5
configure:2913: checking for strftime
configure:2941: psp-gcc -I../../../../SharedLib/libpthread -I/usr/local/pspdev/psp/include/ -I/usr/local/pspdev/psp/sdk/include/ -I/usr/local/pspdev/psp/include/machine/ -o conftest -I/usr/local/pspdev/psp/sdk/include/ -I/usr/local/pspdev/psp/include/machine/ -I../../../../SharedLib/Tools  -L/usr/local/pspdev/psp/sdk/lib -L/usr/local/pspdev/psp/sdk/sdk/lib -L../../../../SharedLib/lib conftest.c -lpspdebug -lpspdisplay -lpspge -lpspctrl -lpspsdk -lc -lpspnet -lpspnet_inet -lpspnet_apctl -lpspnet_resolver -lpsputility -lpspuser -liberty -lpspsdk -lpspnet -lpspaudio -lpspgu -lpspge -lpsphprm -lpspkernel 1>&5
configure:2925: warning: conflicting types for built-in function 'strftime'
configure:3009: checking for vprintf
configure:3037: psp-gcc -I../../../../SharedLib/libpthread -I/usr/local/pspdev/psp/include/ -I/usr/local/pspdev/psp/sdk/include/ -I/usr/local/pspdev/psp/include/machine/ -o conftest -I/usr/local/pspdev/psp/sdk/include/ -I/usr/local/pspdev/psp/include/machine/ -I../../../../SharedLib/Tools  -L/usr/local/pspdev/psp/sdk/lib -L/usr/local/pspdev/psp/sdk/sdk/lib -L../../../../SharedLib/lib conftest.c -lpspdebug -lpspdisplay -lpspge -lpspctrl -lpspsdk -lc -lpspnet -lpspnet_inet -lpspnet_apctl -lpspnet_resolver -lpsputility -lpspuser -liberty -lpspsdk -lpspnet -lpspaudio -lpspgu -lpspge -lpsphprm -lpspkernel 1>&5
configure:3021: warning: conflicting types for built-in function 'vprintf'
configure:3116: checking for calloc
configure:3144: psp-gcc -I../../../../SharedLib/libpthread -I/usr/local/pspdev/psp/include/ -I/usr/local/pspdev/psp/sdk/include/ -I/usr/local/pspdev/psp/include/machine/ -o conftest -I/usr/local/pspdev/psp/sdk/include/ -I/usr/local/pspdev/psp/include/machine/ -I../../../../SharedLib/Tools  -L/usr/local/pspdev/psp/sdk/lib -L/usr/local/pspdev/psp/sdk/sdk/lib -L../../../../SharedLib/lib conftest.c -lpspdebug -lpspdisplay -lpspge -lpspctrl -lpspsdk -lc -lpspnet -lpspnet_inet -lpspnet_apctl -lpspnet_resolver -lpsputility -lpspuser -liberty -lpspsdk -lpspnet -lpspaudio -lpspgu -lpspge -lpsphprm -lpspkernel 1>&5
configure:3128: warning: conflicting types for built-in function 'calloc'
configure:3171: checking for snprintf
configure:3199: psp-gcc -I../../../../SharedLib/libpthread -I/usr/local/pspdev/psp/include/ -I/usr/local/pspdev/psp/sdk/include/ -I/usr/local/pspdev/psp/include/machine/ -o conftest -I/usr/local/pspdev/psp/sdk/include/ -I/usr/local/pspdev/psp/include/machine/ -I../../../../SharedLib/Tools  -L/usr/local/pspdev/psp/sdk/lib -L/usr/local/pspdev/psp/sdk/sdk/lib -L../../../../SharedLib/lib conftest.c -lpspdebug -lpspdisplay -lpspge -lpspctrl -lpspsdk -lc -lpspnet -lpspnet_inet -lpspnet_apctl -lpspnet_resolver -lpsputility -lpspuser -liberty -lpspsdk -lpspnet -lpspaudio -lpspgu -lpspge -lpsphprm -lpspkernel 1>&5
configure:3183: warning: conflicting types for built-in function 'snprintf'
configure:3226: checking for memmove
configure:3254: psp-gcc -I../../../../SharedLib/libpthread -I/usr/local/pspdev/psp/include/ -I/usr/local/pspdev/psp/sdk/include/ -I/usr/local/pspdev/psp/include/machine/ -o conftest -I/usr/local/pspdev/psp/sdk/include/ -I/usr/local/pspdev/psp/include/machine/ -I../../../../SharedLib/Tools  -L/usr/local/pspdev/psp/sdk/lib -L/usr/local/pspdev/psp/sdk/sdk/lib -L../../../../SharedLib/lib conftest.c -lpspdebug -lpspdisplay -lpspge -lpspctrl -lpspsdk -lc -lpspnet -lpspnet_inet -lpspnet_apctl -lpspnet_resolver -lpsputility -lpspuser -liberty -lpspsdk -lpspnet -lpspaudio -lpspgu -lpspge -lpsphprm -lpspkernel 1>&5
configure:3238: warning: conflicting types for built-in function 'memmove'
configure:3281: checking for raise
configure:3309: psp-gcc -I../../../../SharedLib/libpthread -I/usr/local/pspdev/psp/include/ -I/usr/local/pspdev/psp/sdk/include/ -I/usr/local/pspdev/psp/include/machine/ -o conftest -I/usr/local/pspdev/psp/sdk/include/ -I/usr/local/pspdev/psp/include/machine/ -I../../../../SharedLib/Tools  -L/usr/local/pspdev/psp/sdk/lib -L/usr/local/pspdev/psp/sdk/sdk/lib -L../../../../SharedLib/lib conftest.c -lpspdebug -lpspdisplay -lpspge -lpspctrl -lpspsdk -lc -lpspnet -lpspnet_inet -lpspnet_apctl -lpspnet_resolver -lpsputility -lpspuser -liberty -lpspsdk -lpspnet -lpspaudio -lpspgu -lpspge -lpsphprm -lpspkernel 1>&5
configure:3336: checking for gettimeofday
configure:3364: psp-gcc -I../../../../SharedLib/libpthread -I/usr/local/pspdev/psp/include/ -I/usr/local/pspdev/psp/sdk/include/ -I/usr/local/pspdev/psp/include/machine/ -o conftest -I/usr/local/pspdev/psp/sdk/include/ -I/usr/local/pspdev/psp/include/machine/ -I../../../../SharedLib/Tools  -L/usr/local/pspdev/psp/sdk/lib -L/usr/local/pspdev/psp/sdk/sdk/lib -L../../../../SharedLib/lib conftest.c -lpspdebug -lpspdisplay -lpspge -lpspctrl -lpspsdk -lc -lpspnet -lpspnet_inet -lpspnet_apctl -lpspnet_resolver -lpsputility -lpspuser -liberty -lpspsdk -lpspnet -lpspaudio -lpspgu -lpspge -lpsphprm -lpspkernel 1>&5
configure:3336: checking for mkdir
configure:3364: psp-gcc -I../../../../SharedLib/libpthread -I/usr/local/pspdev/psp/include/ -I/usr/local/pspdev/psp/sdk/include/ -I/usr/local/pspdev/psp/include/machine/ -o conftest -I/usr/local/pspdev/psp/sdk/include/ -I/usr/local/pspdev/psp/include/machine/ -I../../../../SharedLib/Tools  -L/usr/local/pspdev/psp/sdk/lib -L/usr/local/pspdev/psp/sdk/sdk/lib -L../../../../SharedLib/lib conftest.c -lpspdebug -lpspdisplay -lpspge -lpspctrl -lpspsdk -lc -lpspnet -lpspnet_inet -lpspnet_apctl -lpspnet_resolver -lpsputility -lpspuser -liberty -lpspsdk -lpspnet -lpspaudio -lpspgu -lpspge -lpsphprm -lpspkernel 1>&5
configure:3336: checking for select
configure:3364: psp-gcc -I../../../../SharedLib/libpthread -I/usr/local/pspdev/psp/include/ -I/usr/local/pspdev/psp/sdk/include/ -I/usr/local/pspdev/psp/include/machine/ -o conftest -I/usr/local/pspdev/psp/sdk/include/ -I/usr/local/pspdev/psp/include/machine/ -I../../../../SharedLib/Tools  -L/usr/local/pspdev/psp/sdk/lib -L/usr/local/pspdev/psp/sdk/sdk/lib -L../../../../SharedLib/lib conftest.c -lpspdebug -lpspdisplay -lpspge -lpspctrl -lpspsdk -lc -lpspnet -lpspnet_inet -lpspnet_apctl -lpspnet_resolver -lpsputility -lpspuser -liberty -lpspsdk -lpspnet -lpspaudio -lpspgu -lpspge -lpsphprm -lpspkernel 1>&5
configure:3336: checking for strcspn
configure:3364: psp-gcc -I../../../../SharedLib/libpthread -I/usr/local/pspdev/psp/include/ -I/usr/local/pspdev/psp/sdk/include/ -I/usr/local/pspdev/psp/include/machine/ -o conftest -I/usr/local/pspdev/psp/sdk/include/ -I/usr/local/pspdev/psp/include/machine/ -I../../../../SharedLib/Tools  -L/usr/local/pspdev/psp/sdk/lib -L/usr/local/pspdev/psp/sdk/sdk/lib -L../../../../SharedLib/lib conftest.c -lpspdebug -lpspdisplay -lpspge -lpspctrl -lpspsdk -lc -lpspnet -lpspnet_inet -lpspnet_apctl -lpspnet_resolver -lpsputility -lpspuser -liberty -lpspsdk -lpspnet -lpspaudio -lpspgu -lpspge -lpsphprm -lpspkernel 1>&5
configure:3348: warning: conflicting types for built-in function 'strcspn'
configure:3336: checking for strerror
configure:3364: psp-gcc -I../../../../SharedLib/libpthread -I/usr/local/pspdev/psp/include/ -I/usr/local/pspdev/psp/sdk/include/ -I/usr/local/pspdev/psp/include/machine/ -o conftest -I/usr/local/pspdev/psp/sdk/include/ -I/usr/local/pspdev/psp/include/machine/ -I../../../../SharedLib/Tools  -L/usr/local/pspdev/psp/sdk/lib -L/usr/local/pspdev/psp/sdk/sdk/lib -L../../../../SharedLib/lib conftest.c -lpspdebug -lpspdisplay -lpspge -lpspctrl -lpspsdk -lc -lpspnet -lpspnet_inet -lpspnet_apctl -lpspnet_resolver -lpsputility -lpspuser -liberty -lpspsdk -lpspnet -lpspaudio -lpspgu -lpspge -lpsphprm -lpspkernel 1>&5
configure:3336: checking for strstr
configure:3364: psp-gcc -I../../../../SharedLib/libpthread -I/usr/local/pspdev/psp/include/ -I/usr/local/pspdev/psp/sdk/include/ -I/usr/local/pspdev/psp/include/machine/ -o conftest -I/usr/local/pspdev/psp/sdk/include/ -I/usr/local/pspdev/psp/include/machine/ -I../../../../SharedLib/Tools  -L/usr/local/pspdev/psp/sdk/lib -L/usr/local/pspdev/psp/sdk/sdk/lib -L../../../../SharedLib/lib conftest.c -lpspdebug -lpspdisplay -lpspge -lpspctrl -lpspsdk -lc -lpspnet -lpspnet_inet -lpspnet_apctl -lpspnet_resolver -lpsputility -lpspuser -liberty -lpspsdk -lpspnet -lpspaudio -lpspgu -lpspge -lpsphprm -lpspkernel 1>&5
configure:3348: warning: conflicting types for built-in function 'strstr'
configure:3336: checking for strtol
configure:3364: psp-gcc -I../../../../SharedLib/libpthread -I/usr/local/pspdev/psp/include/ -I/usr/local/pspdev/psp/sdk/include/ -I/usr/local/pspdev/psp/include/machine/ -o conftest -I/usr/local/pspdev/psp/sdk/include/ -I/usr/local/pspdev/psp/include/machine/ -I../../../../SharedLib/Tools  -L/usr/local/pspdev/psp/sdk/lib -L/usr/local/pspdev/psp/sdk/sdk/lib -L../../../../SharedLib/lib conftest.c -lpspdebug -lpspdisplay -lpspge -lpspctrl -lpspsdk -lc -lpspnet -lpspnet_inet -lpspnet_apctl -lpspnet_resolver -lpsputility -lpspuser -liberty -lpspsdk -lpspnet -lpspaudio -lpspgu -lpspge -lpsphprm -lpspkernel 1>&5
configure:3336: checking for strtoul
configure:3364: psp-gcc -I../../../../SharedLib/libpthread -I/usr/local/pspdev/psp/include/ -I/usr/local/pspdev/psp/sdk/include/ -I/usr/local/pspdev/psp/include/machine/ -o conftest -I/usr/local/pspdev/psp/sdk/include/ -I/usr/local/pspdev/psp/include/machine/ -I../../../../SharedLib/Tools  -L/usr/local/pspdev/psp/sdk/lib -L/usr/local/pspdev/psp/sdk/sdk/lib -L../../../../SharedLib/lib conftest.c -lpspdebug -lpspdisplay -lpspge -lpspctrl -lpspsdk -lc -lpspnet -lpspnet_inet -lpspnet_apctl -lpspnet_resolver -lpsputility -lpspuser -liberty -lpspsdk -lpspnet -lpspaudio -lpspgu -lpspge -lpsphprm -lpspkernel 1>&5
configure:3336: checking for strtoq
configure:3364: psp-gcc -I../../../../SharedLib/libpthread -I/usr/local/pspdev/psp/include/ -I/usr/local/pspdev/psp/sdk/include/ -I/usr/local/pspdev/psp/include/machine/ -o conftest -I/usr/local/pspdev/psp/sdk/include/ -I/usr/local/pspdev/psp/include/machine/ -I../../../../SharedLib/Tools  -L/usr/local/pspdev/psp/sdk/lib -L/usr/local/pspdev/psp/sdk/sdk/lib -L../../../../SharedLib/lib conftest.c -lpspdebug -lpspdisplay -lpspge -lpspctrl -lpspsdk -lc -lpspnet -lpspnet_inet -lpspnet_apctl -lpspnet_resolver -lpsputility -lpspuser -liberty -lpspsdk -lpspnet -lpspaudio -lpspgu -lpspge -lpsphprm -lpspkernel 1>&5
/tmp/ccGUoW1B.o: In function `main':
conftest.c:(.text+0x10): undefined reference to `strtoq'
collect2: ld returned 1 exit status
configure: failed program was:
#line 3341 "configure"
#include "confdefs.h"
/* System header to define __stub macros and hopefully few prototypes,
    which can conflict with char strtoq(); below.  */
#include <assert.h>
/* Override any gcc2 internal prototype to avoid an error.  */
/* We use char because int might match the return type of a gcc2
    builtin and then its argument prototype would still apply.  */
char strtoq();

int main() {

/* The GNU C library defines this for functions which it implements
    to always fail with ENOSYS.  Some functions are actually named
    something starting with __ and the normal name is an alias.  */
#if defined (__stub_strtoq) || defined (__stub___strtoq)
choke me
#else
strtoq();
#endif

; return 0; }
configure:3336: checking for strtoll
configure:3364: psp-gcc -I../../../../SharedLib/libpthread -I/usr/local/pspdev/psp/include/ -I/usr/local/pspdev/psp/sdk/include/ -I/usr/local/pspdev/psp/include/machine/ -o conftest -I/usr/local/pspdev/psp/sdk/include/ -I/usr/local/pspdev/psp/include/machine/ -I../../../../SharedLib/Tools  -L/usr/local/pspdev/psp/sdk/lib -L/usr/local/pspdev/psp/sdk/sdk/lib -L../../../../SharedLib/lib conftest.c -lpspdebug -lpspdisplay -lpspge -lpspctrl -lpspsdk -lc -lpspnet -lpspnet_inet -lpspnet_apctl -lpspnet_resolver -lpsputility -lpspuser -liberty -lpspsdk -lpspnet -lpspaudio -lpspgu -lpspge -lpsphprm -lpspkernel 1>&5
configure:3336: checking for chmod
configure:3364: psp-gcc -I../../../../SharedLib/libpthread -I/usr/local/pspdev/psp/include/ -I/usr/local/pspdev/psp/sdk/include/ -I/usr/local/pspdev/psp/include/machine/ -o conftest -I/usr/local/pspdev/psp/sdk/include/ -I/usr/local/pspdev/psp/include/machine/ -I../../../../SharedLib/Tools  -L/usr/local/pspdev/psp/sdk/lib -L/usr/local/pspdev/psp/sdk/sdk/lib -L../../../../SharedLib/lib conftest.c -lpspdebug -lpspdisplay -lpspge -lpspctrl -lpspsdk -lc -lpspnet -lpspnet_inet -lpspnet_apctl -lpspnet_resolver -lpsputility -lpspuser -liberty -lpspsdk -lpspnet -lpspaudio -lpspgu -lpspge -lpsphprm -lpspkernel 1>&5
/tmp/ccWrYQHs.o: In function `main':
conftest.c:(.text+0x10): undefined reference to `chmod'
collect2: ld returned 1 exit status
configure: failed program was:
#line 3341 "configure"
#include "confdefs.h"
/* System header to define __stub macros and hopefully few prototypes,
    which can conflict with char chmod(); below.  */
#include <assert.h>
/* Override any gcc2 internal prototype to avoid an error.  */
/* We use char because int might match the return type of a gcc2
    builtin and then its argument prototype would still apply.  */
char chmod();

int main() {

/* The GNU C library defines this for functions which it implements
    to always fail with ENOSYS.  Some functions are actually named
    something starting with __ and the normal name is an alias.  */
#if defined (__stub_chmod) || defined (__stub___chmod)
choke me
#else
chmod();
#endif

; return 0; }
configure:3391: checking for getpid
configure:3419: psp-gcc -I../../../../SharedLib/libpthread -I/usr/local/pspdev/psp/include/ -I/usr/local/pspdev/psp/sdk/include/ -I/usr/local/pspdev/psp/include/machine/ -o conftest -I/usr/local/pspdev/psp/sdk/include/ -I/usr/local/pspdev/psp/include/machine/ -I../../../../SharedLib/Tools  -L/usr/local/pspdev/psp/sdk/lib -L/usr/local/pspdev/psp/sdk/sdk/lib -L../../../../SharedLib/lib conftest.c -lpspdebug -lpspdisplay -lpspge -lpspctrl -lpspsdk -lc -lpspnet -lpspnet_inet -lpspnet_apctl -lpspnet_resolver -lpsputility -lpspuser -liberty -lpspsdk -lpspnet -lpspaudio -lpspgu -lpspge -lpsphprm -lpspkernel 1>&5
configure:3391: checking for setpgid
configure:3419: psp-gcc -I../../../../SharedLib/libpthread -I/usr/local/pspdev/psp/include/ -I/usr/local/pspdev/psp/sdk/include/ -I/usr/local/pspdev/psp/include/machine/ -o conftest -I/usr/local/pspdev/psp/sdk/include/ -I/usr/local/pspdev/psp/include/machine/ -I../../../../SharedLib/Tools  -L/usr/local/pspdev/psp/sdk/lib -L/usr/local/pspdev/psp/sdk/sdk/lib -L../../../../SharedLib/lib conftest.c -lpspdebug -lpspdisplay -lpspge -lpspctrl -lpspsdk -lc -lpspnet -lpspnet_inet -lpspnet_apctl -lpspnet_resolver -lpsputility -lpspuser -liberty -lpspsdk -lpspnet -lpspaudio -lpspgu -lpspge -lpsphprm -lpspkernel 1>&5
/tmp/ccMDdiYa.o: In function `main':
conftest.c:(.text+0x10): undefined reference to `setpgid'
collect2: ld returned 1 exit status
configure: failed program was:
#line 3396 "configure"
#include "confdefs.h"
/* System header to define __stub macros and hopefully few prototypes,
    which can conflict with char setpgid(); below.  */
#include <assert.h>
/* Override any gcc2 internal prototype to avoid an error.  */
/* We use char because int might match the return type of a gcc2
    builtin and then its argument prototype would still apply.  */
char setpgid();

int main() {

/* The GNU C library defines this for functions which it implements
    to always fail with ENOSYS.  Some functions are actually named
    something starting with __ and the normal name is an alias.  */
#if defined (__stub_setpgid) || defined (__stub___setpgid)
choke me
#else
setpgid();
#endif

; return 0; }
configure:3446: checking for popen
configure:3474: psp-gcc -I../../../../SharedLib/libpthread -I/usr/local/pspdev/psp/include/ -I/usr/local/pspdev/psp/sdk/include/ -I/usr/local/pspdev/psp/include/machine/ -o conftest -I/usr/local/pspdev/psp/sdk/include/ -I/usr/local/pspdev/psp/include/machine/ -I../../../../SharedLib/Tools  -L/usr/local/pspdev/psp/sdk/lib -L/usr/local/pspdev/psp/sdk/sdk/lib -L../../../../SharedLib/lib conftest.c -lpspdebug -lpspdisplay -lpspge -lpspctrl -lpspsdk -lc -lpspnet -lpspnet_inet -lpspnet_apctl -lpspnet_resolver -lpsputility -lpspuser -liberty -lpspsdk -lpspnet -lpspaudio -lpspgu -lpspge -lpsphprm -lpspkernel 1>&5
/tmp/ccKC7Hnk.o: In function `main':
conftest.c:(.text+0x10): undefined reference to `popen'
collect2: ld returned 1 exit status
configure: failed program was:
#line 3451 "configure"
#include "confdefs.h"
/* System header to define __stub macros and hopefully few prototypes,
    which can conflict with char popen(); below.  */
#include <assert.h>
/* Override any gcc2 internal prototype to avoid an error.  */
/* We use char because int might match the return type of a gcc2
    builtin and then its argument prototype would still apply.  */
char popen();

int main() {

/* The GNU C library defines this for functions which it implements
    to always fail with ENOSYS.  Some functions are actually named
    something starting with __ and the normal name is an alias.  */
#if defined (__stub_popen) || defined (__stub___popen)
choke me
#else
popen();
#endif

; return 0; }
configure:3501: checking for uname
configure:3529: psp-gcc -I../../../../SharedLib/libpthread -I/usr/local/pspdev/psp/include/ -I/usr/local/pspdev/psp/sdk/include/ -I/usr/local/pspdev/psp/include/machine/ -o conftest -I/usr/local/pspdev/psp/sdk/include/ -I/usr/local/pspdev/psp/include/machine/ -I../../../../SharedLib/Tools  -L/usr/local/pspdev/psp/sdk/lib -L/usr/local/pspdev/psp/sdk/sdk/lib -L../../../../SharedLib/lib conftest.c -lpspdebug -lpspdisplay -lpspge -lpspctrl -lpspsdk -lc -lpspnet -lpspnet_inet -lpspnet_apctl -lpspnet_resolver -lpsputility -lpspuser -liberty -lpspsdk -lpspnet -lpspaudio -lpspgu -lpspge -lpsphprm -lpspkernel 1>&5
/tmp/ccaXoQ6H.o: In function `main':
conftest.c:(.text+0x10): undefined reference to `uname'
collect2: ld returned 1 exit status
configure: failed program was:
#line 3506 "configure"
#include "confdefs.h"
/* System header to define __stub macros and hopefully few prototypes,
    which can conflict with char uname(); below.  */
#include <assert.h>
/* Override any gcc2 internal prototype to avoid an error.  */
/* We use char because int might match the return type of a gcc2
    builtin and then its argument prototype would still apply.  */
char uname();

int main() {

/* The GNU C library defines this for functions which it implements
    to always fail with ENOSYS.  Some functions are actually named
    something starting with __ and the normal name is an alias.  */
#if defined (__stub_uname) || defined (__stub___uname)
choke me
#else
uname();
#endif

; return 0; }
configure:3556: checking for getpagesize
configure:3584: psp-gcc -I../../../../SharedLib/libpthread -I/usr/local/pspdev/psp/include/ -I/usr/local/pspdev/psp/sdk/include/ -I/usr/local/pspdev/psp/include/machine/ -o conftest -I/usr/local/pspdev/psp/sdk/include/ -I/usr/local/pspdev/psp/include/machine/ -I../../../../SharedLib/Tools  -L/usr/local/pspdev/psp/sdk/lib -L/usr/local/pspdev/psp/sdk/sdk/lib -L../../../../SharedLib/lib conftest.c -lpspdebug -lpspdisplay -lpspge -lpspctrl -lpspsdk -lc -lpspnet -lpspnet_inet -lpspnet_apctl -lpspnet_resolver -lpsputility -lpspuser -liberty -lpspsdk -lpspnet -lpspaudio -lpspgu -lpspge -lpsphprm -lpspkernel 1>&5
/tmp/ccqkInB5.o: In function `main':
conftest.c:(.text+0x10): undefined reference to `getpagesize'
collect2: ld returned 1 exit status
configure: failed program was:
#line 3561 "configure"
#include "confdefs.h"
/* System header to define __stub macros and hopefully few prototypes,
    which can conflict with char getpagesize(); below.  */
#include <assert.h>
/* Override any gcc2 internal prototype to avoid an error.  */
/* We use char because int might match the return type of a gcc2
    builtin and then its argument prototype would still apply.  */
char getpagesize();

int main() {

/* The GNU C library defines this for functions which it implements
    to always fail with ENOSYS.  Some functions are actually named
    something starting with __ and the normal name is an alias.  */
#if defined (__stub_getpagesize) || defined (__stub___getpagesize)
choke me
#else
getpagesize();
#endif

; return 0; }
configure:3611: checking for strptime
configure:3639: psp-gcc -I../../../../SharedLib/libpthread -I/usr/local/pspdev/psp/include/ -I/usr/local/pspdev/psp/sdk/include/ -I/usr/local/pspdev/psp/include/machine/ -o conftest -I/usr/local/pspdev/psp/sdk/include/ -I/usr/local/pspdev/psp/include/machine/ -I../../../../SharedLib/Tools  -L/usr/local/pspdev/psp/sdk/lib -L/usr/local/pspdev/psp/sdk/sdk/lib -L../../../../SharedLib/lib conftest.c -lpspdebug -lpspdisplay -lpspge -lpspctrl -lpspsdk -lc -lpspnet -lpspnet_inet -lpspnet_apctl -lpspnet_resolver -lpsputility -lpspuser -liberty -lpspsdk -lpspnet -lpspaudio -lpspgu -lpspge -lpsphprm -lpspkernel 1>&5
configure:3666: checking for setlocale
configure:3694: psp-gcc -I../../../../SharedLib/libpthread -I/usr/local/pspdev/psp/include/ -I/usr/local/pspdev/psp/sdk/include/ -I/usr/local/pspdev/psp/include/machine/ -o conftest -I/usr/local/pspdev/psp/sdk/include/ -I/usr/local/pspdev/psp/include/machine/ -I../../../../SharedLib/Tools  -L/usr/local/pspdev/psp/sdk/lib -L/usr/local/pspdev/psp/sdk/sdk/lib -L../../../../SharedLib/lib conftest.c -lpspdebug -lpspdisplay -lpspge -lpspctrl -lpspsdk -lc -lpspnet -lpspnet_inet -lpspnet_apctl -lpspnet_resolver -lpsputility -lpspuser -liberty -lpspsdk -lpspnet -lpspaudio -lpspgu -lpspge -lpsphprm -lpspkernel 1>&5
configure:3721: checking for nl_langinfo
configure:3749: psp-gcc -I../../../../SharedLib/libpthread -I/usr/local/pspdev/psp/include/ -I/usr/local/pspdev/psp/sdk/include/ -I/usr/local/pspdev/psp/include/machine/ -o conftest -I/usr/local/pspdev/psp/sdk/include/ -I/usr/local/pspdev/psp/include/machine/ -I../../../../SharedLib/Tools  -L/usr/local/pspdev/psp/sdk/lib -L/usr/local/pspdev/psp/sdk/sdk/lib -L../../../../SharedLib/lib conftest.c -lpspdebug -lpspdisplay -lpspge -lpspctrl -lpspsdk -lc -lpspnet -lpspnet_inet -lpspnet_apctl -lpspnet_resolver -lpsputility -lpspuser -liberty -lpspsdk -lpspnet -lpspaudio -lpspgu -lpspge -lpsphprm -lpspkernel 1>&5
configure:3775: checking for sigsetjmp/siglongjmp
configure:3787: psp-gcc -I../../../../SharedLib/libpthread -I/usr/local/pspdev/psp/include/ -I/usr/local/pspdev/psp/sdk/include/ -I/usr/local/pspdev/psp/include/machine/ -o conftest -I/usr/local/pspdev/psp/sdk/include/ -I/usr/local/pspdev/psp/include/machine/ -I../../../../SharedLib/Tools  -L/usr/local/pspdev/psp/sdk/lib -L/usr/local/pspdev/psp/sdk/sdk/lib -L../../../../SharedLib/lib conftest.c -lpspdebug -lpspdisplay -lpspge -lpspctrl -lpspsdk -lc -lpspnet -lpspnet_inet -lpspnet_apctl -lpspnet_resolver -lpsputility -lpspuser -liberty -lpspsdk -lpspnet -lpspaudio -lpspgu -lpspge -lpsphprm -lpspkernel 1>&5
In file included from configure:3781:
/usr/local/pspdev/psp/include/machine/setjmp.h:212: error: syntax error before 'typedef'
configure:3782: error: syntax error before 'int'
configure: In function 'main':
configure:3783: error: 'sigjmp_buf' undeclared (first use in this function)
configure:3783: error: (Each undeclared identifier is reported only once
configure:3783: error: for each function it appears in.)
configure:3783: error: syntax error before 'env'
configure:3783: error: 'env' undeclared (first use in this function)
configure: failed program was:
#line 3780 "configure"
#include "confdefs.h"
#include <setjmp.h>
int main() {
sigjmp_buf env;sigsetjmp(env, 1);siglongjmp(env, 2);
; return 0; }
configure:3816: checking for atan in -lm
configure:3835: psp-gcc -I../../../../SharedLib/libpthread -I/usr/local/pspdev/psp/include/ -I/usr/local/pspdev/psp/sdk/include/ -I/usr/local/pspdev/psp/include/machine/ -o conftest -I/usr/local/pspdev/psp/sdk/include/ -I/usr/local/pspdev/psp/include/machine/ -I../../../../SharedLib/Tools  -L/usr/local/pspdev/psp/sdk/lib -L/usr/local/pspdev/psp/sdk/sdk/lib -L../../../../SharedLib/lib conftest.c -lm  -lpspdebug -lpspdisplay -lpspge -lpspctrl -lpspsdk -lc -lpspnet -lpspnet_inet -lpspnet_apctl -lpspnet_resolver -lpsputility -lpspuser -liberty -lpspsdk -lpspnet -lpspaudio -lpspgu -lpspge -lpsphprm -lpspkernel 1>&5
configure:3828: warning: conflicting types for built-in function 'atan'
configure:3864: checking for MD5Data in -lmd
configure:3883: psp-gcc -I../../../../SharedLib/libpthread -I/usr/local/pspdev/psp/include/ -I/usr/local/pspdev/psp/sdk/include/ -I/usr/local/pspdev/psp/include/machine/ -o conftest -I/usr/local/pspdev/psp/sdk/include/ -I/usr/local/pspdev/psp/include/machine/ -I../../../../SharedLib/Tools  -L/usr/local/pspdev/psp/sdk/lib -L/usr/local/pspdev/psp/sdk/sdk/lib -L../../../../SharedLib/lib conftest.c -lmd  -lm -lpspdebug -lpspdisplay -lpspge -lpspctrl -lpspsdk -lc -lpspnet -lpspnet_inet -lpspnet_apctl -lpspnet_resolver -lpsputility -lpspuser -liberty -lpspsdk -lpspnet -lpspaudio -lpspgu -lpspge -lpsphprm -lpspkernel 1>&5
/usr/local/pspdev/lib/gcc/psp/4.0.2/../../../../psp/bin/ld: cannot find -lmd
collect2: ld returned 1 exit status
configure: failed program was:
#line 3872 "configure"
#include "confdefs.h"
/* Override any gcc2 internal prototype to avoid an error.  */
/* We use char because int might match the return type of a gcc2
    builtin and then its argument prototype would still apply.  */
char MD5Data();

int main() {
MD5Data()
; return 0; }
configure:3913: checking for MD5Init
configure:3941: psp-gcc -I../../../../SharedLib/libpthread -I/usr/local/pspdev/psp/include/ -I/usr/local/pspdev/psp/sdk/include/ -I/usr/local/pspdev/psp/include/machine/ -o conftest -I/usr/local/pspdev/psp/sdk/include/ -I/usr/local/pspdev/psp/include/machine/ -I../../../../SharedLib/Tools  -L/usr/local/pspdev/psp/sdk/lib -L/usr/local/pspdev/psp/sdk/sdk/lib -L../../../../SharedLib/lib conftest.c -lm -lpspdebug -lpspdisplay -lpspge -lpspctrl -lpspsdk -lc -lpspnet -lpspnet_inet -lpspnet_apctl -lpspnet_resolver -lpsputility -lpspuser -liberty -lpspsdk -lpspnet -lpspaudio -lpspgu -lpspge -lpsphprm -lpspkernel 1>&5
/tmp/ccUt531r.o: In function `main':
conftest.c:(.text+0x10): undefined reference to `MD5Init'
collect2: ld returned 1 exit status
configure: failed program was:
#line 3918 "configure"
#include "confdefs.h"
/* System header to define __stub macros and hopefully few prototypes,
    which can conflict with char MD5Init(); below.  */
#include <assert.h>
/* Override any gcc2 internal prototype to avoid an error.  */
/* We use char because int might match the return type of a gcc2
    builtin and then its argument prototype would still apply.  */
char MD5Init();

int main() {

/* The GNU C library defines this for functions which it implements
    to always fail with ENOSYS.  Some functions are actually named
    something starting with __ and the normal name is an alias.  */
#if defined (__stub_MD5Init) || defined (__stub___MD5Init)
choke me
#else
MD5Init();
#endif

; return 0; }
configure:3913: checking for MD5Data
configure:3941: psp-gcc -I../../../../SharedLib/libpthread -I/usr/local/pspdev/psp/include/ -I/usr/local/pspdev/psp/sdk/include/ -I/usr/local/pspdev/psp/include/machine/ -o conftest -I/usr/local/pspdev/psp/sdk/include/ -I/usr/local/pspdev/psp/include/machine/ -I../../../../SharedLib/Tools  -L/usr/local/pspdev/psp/sdk/lib -L/usr/local/pspdev/psp/sdk/sdk/lib -L../../../../SharedLib/lib conftest.c -lm -lpspdebug -lpspdisplay -lpspge -lpspctrl -lpspsdk -lc -lpspnet -lpspnet_inet -lpspnet_apctl -lpspnet_resolver -lpsputility -lpspuser -liberty -lpspsdk -lpspnet -lpspaudio -lpspgu -lpspge -lpsphprm -lpspkernel 1>&5
/tmp/cc0P5bqN.o: In function `main':
conftest.c:(.text+0x10): undefined reference to `MD5Data'
collect2: ld returned 1 exit status
configure: failed program was:
#line 3918 "configure"
#include "confdefs.h"
/* System header to define __stub macros and hopefully few prototypes,
    which can conflict with char MD5Data(); below.  */
#include <assert.h>
/* Override any gcc2 internal prototype to avoid an error.  */
/* We use char because int might match the return type of a gcc2
    builtin and then its argument prototype would still apply.  */
char MD5Data();

int main() {

/* The GNU C library defines this for functions which it implements
    to always fail with ENOSYS.  Some functions are actually named
    something starting with __ and the normal name is an alias.  */
#if defined (__stub_MD5Data) || defined (__stub___MD5Data)
choke me
#else
MD5Data();
#endif

; return 0; }
configure:3967: checking for socket
configure:3995: psp-gcc -I../../../../SharedLib/libpthread -I/usr/local/pspdev/psp/include/ -I/usr/local/pspdev/psp/sdk/include/ -I/usr/local/pspdev/psp/include/machine/ -o conftest -I/usr/local/pspdev/psp/sdk/include/ -I/usr/local/pspdev/psp/include/machine/ -I../../../../SharedLib/Tools  -L/usr/local/pspdev/psp/sdk/lib -L/usr/local/pspdev/psp/sdk/sdk/lib -L../../../../SharedLib/lib conftest.c -lm -lpspdebug -lpspdisplay -lpspge -lpspctrl -lpspsdk -lc -lpspnet -lpspnet_inet -lpspnet_apctl -lpspnet_resolver -lpsputility -lpspuser -liberty -lpspsdk -lpspnet -lpspaudio -lpspgu -lpspge -lpsphprm -lpspkernel 1>&5
configure:4068: checking for setsockopt
configure:4096: psp-gcc -I../../../../SharedLib/libpthread -I/usr/local/pspdev/psp/include/ -I/usr/local/pspdev/psp/sdk/include/ -I/usr/local/pspdev/psp/include/machine/ -o conftest -I/usr/local/pspdev/psp/sdk/include/ -I/usr/local/pspdev/psp/include/machine/ -I../../../../SharedLib/Tools  -L/usr/local/pspdev/psp/sdk/lib -L/usr/local/pspdev/psp/sdk/sdk/lib -L../../../../SharedLib/lib conftest.c -lm -lpspdebug -lpspdisplay -lpspge -lpspctrl -lpspsdk -lc -lpspnet -lpspnet_inet -lpspnet_apctl -lpspnet_resolver -lpsputility -lpspuser -liberty -lpspsdk -lpspnet -lpspaudio -lpspgu -lpspge -lpsphprm -lpspkernel 1>&5
configure:4170: checking for gethostbyname
configure:4198: psp-gcc -I../../../../SharedLib/libpthread -I/usr/local/pspdev/psp/include/ -I/usr/local/pspdev/psp/sdk/include/ -I/usr/local/pspdev/psp/include/machine/ -o conftest -I/usr/local/pspdev/psp/sdk/include/ -I/usr/local/pspdev/psp/include/machine/ -I../../../../SharedLib/Tools  -L/usr/local/pspdev/psp/sdk/lib -L/usr/local/pspdev/psp/sdk/sdk/lib -L../../../../SharedLib/lib conftest.c -lm -lpspdebug -lpspdisplay -lpspge -lpspctrl -lpspsdk -lc -lpspnet -lpspnet_inet -lpspnet_apctl -lpspnet_resolver -lpsputility -lpspuser -liberty -lpspsdk -lpspnet -lpspaudio -lpspgu -lpspge -lpsphprm -lpspkernel 1>&5
configure:4320: checking for gethostbyaddr
configure:4348: psp-gcc -I../../../../SharedLib/libpthread -I/usr/local/pspdev/psp/include/ -I/usr/local/pspdev/psp/sdk/include/ -I/usr/local/pspdev/psp/include/machine/ -o conftest -I/usr/local/pspdev/psp/sdk/include/ -I/usr/local/pspdev/psp/include/machine/ -I../../../../SharedLib/Tools  -L/usr/local/pspdev/psp/sdk/lib -L/usr/local/pspdev/psp/sdk/sdk/lib -L../../../../SharedLib/lib conftest.c -lm -lpspdebug -lpspdisplay -lpspge -lpspctrl -lpspsdk -lc -lpspnet -lpspnet_inet -lpspnet_apctl -lpspnet_resolver -lpsputility -lpspuser -liberty -lpspsdk -lpspnet -lpspaudio -lpspgu -lpspge -lpsphprm -lpspkernel 1>&5
configure:4371: checking for dhcp_option
configure:4399: psp-gcc -I../../../../SharedLib/libpthread -I/usr/local/pspdev/psp/include/ -I/usr/local/pspdev/psp/sdk/include/ -I/usr/local/pspdev/psp/include/machine/ -o conftest -I/usr/local/pspdev/psp/sdk/include/ -I/usr/local/pspdev/psp/include/machine/ -I../../../../SharedLib/Tools  -L/usr/local/pspdev/psp/sdk/lib -L/usr/local/pspdev/psp/sdk/sdk/lib -L../../../../SharedLib/lib conftest.c -lm -lpspdebug -lpspdisplay -lpspge -lpspctrl -lpspsdk -lc -lpspnet -lpspnet_inet -lpspnet_apctl -lpspnet_resolver -lpsputility -lpspuser -liberty -lpspsdk -lpspnet -lpspaudio -lpspgu -lpspge -lpsphprm -lpspkernel 1>&5
/tmp/ccCu7XwH.o: In function `main':
conftest.c:(.text+0x10): undefined reference to `dhcp_option'
collect2: ld returned 1 exit status
configure: failed program was:
#line 4376 "configure"
#include "confdefs.h"
/* System header to define __stub macros and hopefully few prototypes,
    which can conflict with char dhcp_option(); below.  */
#include <assert.h>
/* Override any gcc2 internal prototype to avoid an error.  */
/* We use char because int might match the return type of a gcc2
    builtin and then its argument prototype would still apply.  */
char dhcp_option();

int main() {

/* The GNU C library defines this for functions which it implements
    to always fail with ENOSYS.  Some functions are actually named
    something starting with __ and the normal name is an alias.  */
#if defined (__stub_dhcp_option) || defined (__stub___dhcp_option)
choke me
#else
dhcp_option();
#endif

; return 0; }
configure:4423: checking for herror
configure:4451: psp-gcc -I../../../../SharedLib/libpthread -I/usr/local/pspdev/psp/include/ -I/usr/local/pspdev/psp/sdk/include/ -I/usr/local/pspdev/psp/include/machine/ -o conftest -I/usr/local/pspdev/psp/sdk/include/ -I/usr/local/pspdev/psp/include/machine/ -I../../../../SharedLib/Tools  -L/usr/local/pspdev/psp/sdk/lib -L/usr/local/pspdev/psp/sdk/sdk/lib -L../../../../SharedLib/lib conftest.c -lm -lpspdebug -lpspdisplay -lpspge -lpspctrl -lpspsdk -lc -lpspnet -lpspnet_inet -lpspnet_apctl -lpspnet_resolver -lpsputility -lpspuser -liberty -lpspsdk -lpspnet -lpspaudio -lpspgu -lpspge -lpsphprm -lpspkernel 1>&5
/tmp/ccWpJRZ2.o: In function `main':
conftest.c:(.text+0x10): undefined reference to `herror'
collect2: ld returned 1 exit status
configure: failed program was:
#line 4428 "configure"
#include "confdefs.h"
/* System header to define __stub macros and hopefully few prototypes,
    which can conflict with char herror(); below.  */
#include <assert.h>
/* Override any gcc2 internal prototype to avoid an error.  */
/* We use char because int might match the return type of a gcc2
    builtin and then its argument prototype would still apply.  */
char herror();

int main() {

/* The GNU C library defines this for functions which it implements
    to always fail with ENOSYS.  Some functions are actually named
    something starting with __ and the normal name is an alias.  */
#if defined (__stub_herror) || defined (__stub___herror)
choke me
#else
herror();
#endif

; return 0; }
configure:4474: checking for cfmakeraw
configure:4502: psp-gcc -I../../../../SharedLib/libpthread -I/usr/local/pspdev/psp/include/ -I/usr/local/pspdev/psp/sdk/include/ -I/usr/local/pspdev/psp/include/machine/ -o conftest -I/usr/local/pspdev/psp/sdk/include/ -I/usr/local/pspdev/psp/include/machine/ -I../../../../SharedLib/Tools  -L/usr/local/pspdev/psp/sdk/lib -L/usr/local/pspdev/psp/sdk/sdk/lib -L../../../../SharedLib/lib conftest.c -lm -lpspdebug -lpspdisplay -lpspge -lpspctrl -lpspsdk -lc -lpspnet -lpspnet_inet -lpspnet_apctl -lpspnet_resolver -lpsputility -lpspuser -liberty -lpspsdk -lpspnet -lpspaudio -lpspgu -lpspge -lpsphprm -lpspkernel 1>&5
/tmp/ccMxXqJq.o: In function `main':
conftest.c:(.text+0x10): undefined reference to `cfmakeraw'
collect2: ld returned 1 exit status
configure: failed program was:
#line 4479 "configure"
#include "confdefs.h"
/* System header to define __stub macros and hopefully few prototypes,
    which can conflict with char cfmakeraw(); below.  */
#include <assert.h>
/* Override any gcc2 internal prototype to avoid an error.  */
/* We use char because int might match the return type of a gcc2
    builtin and then its argument prototype would still apply.  */
char cfmakeraw();

int main() {

/* The GNU C library defines this for functions which it implements
    to always fail with ENOSYS.  Some functions are actually named
    something starting with __ and the normal name is an alias.  */
#if defined (__stub_cfmakeraw) || defined (__stub___cfmakeraw)
choke me
#else
cfmakeraw();
#endif

; return 0; }
configure:4528: checking for cygwin_conv_to_full_win32_path
configure:4556: psp-gcc -I../../../../SharedLib/libpthread -I/usr/local/pspdev/psp/include/ -I/usr/local/pspdev/psp/sdk/include/ -I/usr/local/pspdev/psp/include/machine/ -o conftest -I/usr/local/pspdev/psp/sdk/include/ -I/usr/local/pspdev/psp/include/machine/ -I../../../../SharedLib/Tools  -L/usr/local/pspdev/psp/sdk/lib -L/usr/local/pspdev/psp/sdk/sdk/lib -L../../../../SharedLib/lib conftest.c -lm -lpspdebug -lpspdisplay -lpspge -lpspctrl -lpspsdk -lc -lpspnet -lpspnet_inet -lpspnet_apctl -lpspnet_resolver -lpsputility -lpspuser -liberty -lpspsdk -lpspnet -lpspaudio -lpspgu -lpspge -lpsphprm -lpspkernel 1>&5
/tmp/ccuQhoYu.o: In function `main':
conftest.c:(.text+0x10): undefined reference to `cygwin_conv_to_full_win32_path'
collect2: ld returned 1 exit status
configure: failed program was:
#line 4533 "configure"
#include "confdefs.h"
/* System header to define __stub macros and hopefully few prototypes,
    which can conflict with char cygwin_conv_to_full_win32_path(); below.  */
#include <assert.h>
/* Override any gcc2 internal prototype to avoid an error.  */
/* We use char because int might match the return type of a gcc2
    builtin and then its argument prototype would still apply.  */
char cygwin_conv_to_full_win32_path();

int main() {

/* The GNU C library defines this for functions which it implements
    to always fail with ENOSYS.  Some functions are actually named
    something starting with __ and the normal name is an alias.  */
#if defined (__stub_cygwin_conv_to_full_win32_path) || defined (__stub___cygwin_conv_to_full_win32_path)
choke me
#else
cygwin_conv_to_full_win32_path();
#endif

; return 0; }
configure:4582: checking for requested debug level
configure:4603: checking if you want to enable javascript
configure:4618: checking if you want to link with system libfl
configure:4638: checking for pcre_compile in -lpcre
configure:4657: psp-gcc -I../../../../SharedLib/libpthread -I/usr/local/pspdev/psp/include/ -I/usr/local/pspdev/psp/sdk/include/ -I/usr/local/pspdev/psp/include/machine/ -o conftest -I/usr/local/pspdev/psp/sdk/include/ -I/usr/local/pspdev/psp/include/machine/ -I../../../../SharedLib/Tools  -L/usr/local/pspdev/psp/sdk/lib -L/usr/local/pspdev/psp/sdk/sdk/lib -L../../../../SharedLib/lib conftest.c -lpcre  -lm -lpspdebug -lpspdisplay -lpspge -lpspctrl -lpspsdk -lc -lpspnet -lpspnet_inet -lpspnet_apctl -lpspnet_resolver -lpsputility -lpspuser -liberty -lpspsdk -lpspnet -lpspaudio -lpspgu -lpspge -lpsphprm -lpspkernel 1>&5
/usr/local/pspdev/lib/gcc/psp/4.0.2/../../../../psp/bin/ld: cannot find -lpcre
collect2: ld returned 1 exit status
configure: failed program was:
#line 4646 "configure"
#include "confdefs.h"
/* Override any gcc2 internal prototype to avoid an error.  */
/* We use char because int might match the return type of a gcc2
    builtin and then its argument prototype would still apply.  */
char pcre_compile();

int main() {
pcre_compile()
; return 0; }
configure:4688: checking for pcre.h
configure:4698: psp-gcc -I../../../../SharedLib/libpthread -I/usr/local/pspdev/psp/include/ -I/usr/local/pspdev/psp/sdk/include/ -I/usr/local/pspdev/psp/include/machine/ -E  conftest.c >/dev/null 2>conftest.out
configure:4694:18: error: pcre.h: No such file or directory
configure: failed program was:
#line 4693 "configure"
#include "confdefs.h"
#include <pcre.h>
configure:4734: checking for regcomp
configure:4762: psp-gcc -I../../../../SharedLib/libpthread -I/usr/local/pspdev/psp/include/ -I/usr/local/pspdev/psp/sdk/include/ -I/usr/local/pspdev/psp/include/machine/ -o conftest -I/usr/local/pspdev/psp/sdk/include/ -I/usr/local/pspdev/psp/include/machine/ -I../../../../SharedLib/Tools  -L/usr/local/pspdev/psp/sdk/lib -L/usr/local/pspdev/psp/sdk/sdk/lib -L../../../../SharedLib/lib conftest.c -lm -lpspdebug -lpspdisplay -lpspge -lpspctrl -lpspsdk -lc -lpspnet -lpspnet_inet -lpspnet_apctl -lpspnet_resolver -lpsputility -lpspuser -liberty -lpspsdk -lpspnet -lpspaudio -lpspgu -lpspge -lpsphprm -lpspkernel 1>&5
/tmp/ccYFMEf8.o: In function `main':
conftest.c:(.text+0x10): undefined reference to `regcomp'
collect2: ld returned 1 exit status
configure: failed program was:
#line 4739 "configure"
#include "confdefs.h"
/* System header to define __stub macros and hopefully few prototypes,
    which can conflict with char regcomp(); below.  */
#include <assert.h>
/* Override any gcc2 internal prototype to avoid an error.  */
/* We use char because int might match the return type of a gcc2
    builtin and then its argument prototype would still apply.  */
char regcomp();

int main() {

/* The GNU C library defines this for functions which it implements
    to always fail with ENOSYS.  Some functions are actually named
    something starting with __ and the normal name is an alias.  */
#if defined (__stub_regcomp) || defined (__stub___regcomp)
choke me
#else
regcomp();
#endif

; return 0; }
configure:4790: checking for regex.h
configure:4800: psp-gcc -I../../../../SharedLib/libpthread -I/usr/local/pspdev/psp/include/ -I/usr/local/pspdev/psp/sdk/include/ -I/usr/local/pspdev/psp/include/machine/ -E  conftest.c >/dev/null 2>conftest.out
configure:4796:19: error: regex.h: No such file or directory
configure: failed program was:
#line 4795 "configure"
#include "confdefs.h"
#include <regex.h>
configure:4838: checking if you want to use graphics
configure:4856: checking for Gpm_Open in -lgpm
configure:4875: psp-gcc -I../../../../SharedLib/libpthread -I/usr/local/pspdev/psp/include/ -I/usr/local/pspdev/psp/sdk/include/ -I/usr/local/pspdev/psp/include/machine/ -o conftest -I/usr/local/pspdev/psp/sdk/include/ -I/usr/local/pspdev/psp/include/machine/ -I../../../../SharedLib/Tools  -L/usr/local/pspdev/psp/sdk/lib -L/usr/local/pspdev/psp/sdk/sdk/lib -L../../../../SharedLib/lib conftest.c -lgpm  -lm -lpspdebug -lpspdisplay -lpspge -lpspctrl -lpspsdk -lc -lpspnet -lpspnet_inet -lpspnet_apctl -lpspnet_resolver -lpsputility -lpspuser -liberty -lpspsdk -lpspnet -lpspaudio -lpspgu -lpspge -lpsphprm -lpspkernel 1>&5
/usr/local/pspdev/lib/gcc/psp/4.0.2/../../../../psp/bin/ld: cannot find -lgpm
collect2: ld returned 1 exit status
configure: failed program was:
#line 4864 "configure"
#include "confdefs.h"
/* Override any gcc2 internal prototype to avoid an error.  */
/* We use char because int might match the return type of a gcc2
    builtin and then its argument prototype would still apply.  */
char Gpm_Open();

int main() {
Gpm_Open()
; return 0; }
configure:4907: checking for gpm.h
configure:4917: psp-gcc -I../../../../SharedLib/libpthread -I/usr/local/pspdev/psp/include/ -I/usr/local/pspdev/psp/sdk/include/ -I/usr/local/pspdev/psp/include/machine/ -E  conftest.c >/dev/null 2>conftest.out
configure:4913:17: error: gpm.h: No such file or directory
configure: failed program was:
#line 4912 "configure"
#include "confdefs.h"
#include <gpm.h>
configure:4950: checking for OS/2 threads
configure:4964: psp-gcc -I../../../../SharedLib/libpthread -I/usr/local/pspdev/psp/include/ -I/usr/local/pspdev/psp/sdk/include/ -I/usr/local/pspdev/psp/include/machine/ -o conftest -I/usr/local/pspdev/psp/sdk/include/ -I/usr/local/pspdev/psp/include/machine/ -I../../../../SharedLib/Tools -Zmt  -L/usr/local/pspdev/psp/sdk/lib -L/usr/local/pspdev/psp/sdk/sdk/lib -L../../../../SharedLib/lib conftest.c -lm -lpspdebug -lpspdisplay -lpspge -lpspctrl -lpspsdk -lc -lpspnet -lpspnet_inet -lpspnet_apctl -lpspnet_resolver -lpsputility -lpspuser -liberty -lpspsdk -lpspnet -lpspaudio -lpspgu -lpspge -lpsphprm -lpspkernel 1>&5
psp-gcc: unrecognized option '-Zmt'
configure: In function 'main':
configure:4960: error: 'NULL' undeclared (first use in this function)
configure:4960: error: (Each undeclared identifier is reported only once
configure:4960: error: for each function it appears in.)
configure: failed program was:
#line 4957 "configure"
#include "confdefs.h"
#include <stdlib.h>
int main() {
_beginthread(NULL, NULL, 0, NULL)
; return 0; }
configure:4999: checking for atheos/threads.h
configure:5009: psp-gcc -I../../../../SharedLib/libpthread -I/usr/local/pspdev/psp/include/ -I/usr/local/pspdev/psp/sdk/include/ -I/usr/local/pspdev/psp/include/machine/ -E  conftest.c >/dev/null 2>conftest.out
configure:5005:28: error: atheos/threads.h: No such file or directory
configure: failed program was:
#line 5004 "configure"
#include "confdefs.h"
#include <atheos/threads.h>
configure:5038: checking for spawn_thread
configure:5066: psp-gcc -I../../../../SharedLib/libpthread -I/usr/local/pspdev/psp/include/ -I/usr/local/pspdev/psp/sdk/include/ -I/usr/local/pspdev/psp/include/machine/ -o conftest -I/usr/local/pspdev/psp/sdk/include/ -I/usr/local/pspdev/psp/include/machine/ -I../../../../SharedLib/Tools  -L/usr/local/pspdev/psp/sdk/lib -L/usr/local/pspdev/psp/sdk/sdk/lib -L../../../../SharedLib/lib conftest.c -lm -lpspdebug -lpspdisplay -lpspge -lpspctrl -lpspsdk -lc -lpspnet -lpspnet_inet -lpspnet_apctl -lpspnet_resolver -lpsputility -lpspuser -liberty -lpspsdk -lpspnet -lpspaudio -lpspgu -lpspge -lpsphprm -lpspkernel 1>&5
/tmp/ccsxPRA7.o: In function `main':
conftest.c:(.text+0x10): undefined reference to `spawn_thread'
collect2: ld returned 1 exit status
configure: failed program was:
#line 5043 "configure"
#include "confdefs.h"
/* System header to define __stub macros and hopefully few prototypes,
    which can conflict with char spawn_thread(); below.  */
#include <assert.h>
/* Override any gcc2 internal prototype to avoid an error.  */
/* We use char because int might match the return type of a gcc2
    builtin and then its argument prototype would still apply.  */
char spawn_thread();

int main() {

/* The GNU C library defines this for functions which it implements
    to always fail with ENOSYS.  Some functions are actually named
    something starting with __ and the normal name is an alias.  */
#if defined (__stub_spawn_thread) || defined (__stub___spawn_thread)
choke me
#else
spawn_thread();
#endif

; return 0; }
configure:5093: checking for resume_thread
configure:5121: psp-gcc -I../../../../SharedLib/libpthread -I/usr/local/pspdev/psp/include/ -I/usr/local/pspdev/psp/sdk/include/ -I/usr/local/pspdev/psp/include/machine/ -o conftest -I/usr/local/pspdev/psp/sdk/include/ -I/usr/local/pspdev/psp/include/machine/ -I../../../../SharedLib/Tools  -L/usr/local/pspdev/psp/sdk/lib -L/usr/local/pspdev/psp/sdk/sdk/lib -L../../../../SharedLib/lib conftest.c -lm -lpspdebug -lpspdisplay -lpspge -lpspctrl -lpspsdk -lc -lpspnet -lpspnet_inet -lpspnet_apctl -lpspnet_resolver -lpsputility -lpspuser -liberty -lpspsdk -lpspnet -lpspaudio -lpspgu -lpspge -lpsphprm -lpspkernel 1>&5
/tmp/cckxHzhd.o: In function `main':
conftest.c:(.text+0x10): undefined reference to `resume_thread'
collect2: ld returned 1 exit status
configure: failed program was:
#line 5098 "configure"
#include "confdefs.h"
/* System header to define __stub macros and hopefully few prototypes,
    which can conflict with char resume_thread(); below.  */
#include <assert.h>
/* Override any gcc2 internal prototype to avoid an error.  */
/* We use char because int might match the return type of a gcc2
    builtin and then its argument prototype would still apply.  */
char resume_thread();

int main() {

/* The GNU C library defines this for functions which it implements
    to always fail with ENOSYS.  Some functions are actually named
    something starting with __ and the normal name is an alias.  */
#if defined (__stub_resume_thread) || defined (__stub___resume_thread)
choke me
#else
resume_thread();
#endif

; return 0; }
configure:5147: checking for MouOpen
configure:5175: psp-gcc -I../../../../SharedLib/libpthread -I/usr/local/pspdev/psp/include/ -I/usr/local/pspdev/psp/sdk/include/ -I/usr/local/pspdev/psp/include/machine/ -o conftest -I/usr/local/pspdev/psp/sdk/include/ -I/usr/local/pspdev/psp/include/machine/ -I../../../../SharedLib/Tools  -L/usr/local/pspdev/psp/sdk/lib -L/usr/local/pspdev/psp/sdk/sdk/lib -L../../../../SharedLib/lib conftest.c -lm -lpspdebug -lpspdisplay -lpspge -lpspctrl -lpspsdk -lc -lpspnet -lpspnet_inet -lpspnet_apctl -lpspnet_resolver -lpsputility -lpspuser -liberty -lpspsdk -lpspnet -lpspaudio -lpspgu -lpspge -lpsphprm -lpspkernel 1>&5
/tmp/ccIgSpkH.o: In function `main':
conftest.c:(.text+0x10): undefined reference to `MouOpen'
collect2: ld returned 1 exit status
configure: failed program was:
#line 5152 "configure"
#include "confdefs.h"
/* System header to define __stub macros and hopefully few prototypes,
    which can conflict with char MouOpen(); below.  */
#include <assert.h>
/* Override any gcc2 internal prototype to avoid an error.  */
/* We use char because int might match the return type of a gcc2
    builtin and then its argument prototype would still apply.  */
char MouOpen();

int main() {

/* The GNU C library defines this for functions which it implements
    to always fail with ENOSYS.  Some functions are actually named
    something starting with __ and the normal name is an alias.  */
#if defined (__stub_MouOpen) || defined (__stub___MouOpen)
choke me
#else
MouOpen();
#endif

; return 0; }
configure:5198: checking for _read_kbd
configure:5226: psp-gcc -I../../../../SharedLib/libpthread -I/usr/local/pspdev/psp/include/ -I/usr/local/pspdev/psp/sdk/include/ -I/usr/local/pspdev/psp/include/machine/ -o conftest -I/usr/local/pspdev/psp/sdk/include/ -I/usr/local/pspdev/psp/include/machine/ -I../../../../SharedLib/Tools  -L/usr/local/pspdev/psp/sdk/lib -L/usr/local/pspdev/psp/sdk/sdk/lib -L../../../../SharedLib/lib conftest.c -lm -lpspdebug -lpspdisplay -lpspge -lpspctrl -lpspsdk -lc -lpspnet -lpspnet_inet -lpspnet_apctl -lpspnet_resolver -lpsputility -lpspuser -liberty -lpspsdk -lpspnet -lpspaudio -lpspgu -lpspge -lpsphprm -lpspkernel 1>&5
/tmp/ccSkTx75.o: In function `main':
conftest.c:(.text+0x10): undefined reference to `_read_kbd'
collect2: ld returned 1 exit status
configure: failed program was:
#line 5203 "configure"
#include "confdefs.h"
/* System header to define __stub macros and hopefully few prototypes,
    which can conflict with char _read_kbd(); below.  */
#include <assert.h>
/* Override any gcc2 internal prototype to avoid an error.  */
/* We use char because int might match the return type of a gcc2
    builtin and then its argument prototype would still apply.  */
char _read_kbd();

int main() {

/* The GNU C library defines this for functions which it implements
    to always fail with ENOSYS.  Some functions are actually named
    something starting with __ and the normal name is an alias.  */
#if defined (__stub__read_kbd) || defined (__stub____read_kbd)
choke me
#else
_read_kbd();
#endif

; return 0; }
configure:5250: checking for XFree for OS/2
configure:5316: checking for dlopen in -ldl
configure:5335: psp-gcc -I../../../../SharedLib/libpthread -I/usr/local/pspdev/psp/include/ -I/usr/local/pspdev/psp/sdk/include/ -I/usr/local/pspdev/psp/include/machine/ -o conftest -I/usr/local/pspdev/psp/sdk/include/ -I/usr/local/pspdev/psp/include/machine/ -I../../../../SharedLib/Tools  -L/usr/local/pspdev/psp/sdk/lib -L/usr/local/pspdev/psp/sdk/sdk/lib -L../../../../SharedLib/lib conftest.c -ldl  -lm -lpspdebug -lpspdisplay -lpspge -lpspctrl -lpspsdk -lc -lpspnet -lpspnet_inet -lpspnet_apctl -lpspnet_resolver -lpsputility -lpspuser -liberty -lpspsdk -lpspnet -lpspaudio -lpspgu -lpspge -lpsphprm -lpspkernel 1>&5
/usr/local/pspdev/lib/gcc/psp/4.0.2/../../../../psp/bin/ld: cannot find -ldl
collect2: ld returned 1 exit status
configure: failed program was:
#line 5324 "configure"
#include "confdefs.h"
/* Override any gcc2 internal prototype to avoid an error.  */
/* We use char because int might match the return type of a gcc2
    builtin and then its argument prototype would still apply.  */
char dlopen();

int main() {
dlopen()
; return 0; }
configure:5381: checking for pkg-config
configure:5425: checking for openssl
configure:5432: checking OPENSSL_CFLAGS
configure:5437: checking OPENSSL_LIBS
configure:5465: checking for OpenSSL
configure:5476: psp-gcc -I../../../../SharedLib/libpthread -I/usr/local/pspdev/psp/include/ -I/usr/local/pspdev/psp/sdk/include/ -I/usr/local/pspdev/psp/include/machine/ -o conftest -I/usr/local/pspdev/psp/sdk/include/ -I/usr/local/pspdev/psp/include/machine/ -I../../../../SharedLib/Tools    -L/usr/local/pspdev/psp/sdk/lib -L/usr/local/pspdev/psp/sdk/sdk/lib -L../../../../SharedLib/lib conftest.c -lssl -lcrypto -ldl   -lm -lpspdebug -lpspdisplay -lpspge -lpspctrl -lpspsdk -lc -lpspnet -lpspnet_inet -lpspnet_apctl -lpspnet_resolver -lpsputility -lpspuser -liberty -lpspsdk -lpspnet -lpspaudio -lpspgu -lpspge -lpsphprm -lpspkernel 1>&5
configure:5470:25: error: openssl/ssl.h: No such file or directory
configure: failed program was:
#line 5469 "configure"
#include "confdefs.h"
#include <openssl/ssl.h>
int main() {
OpenSSL_add_all_algorithms()
; return 0; }
configure:5495: psp-gcc -I../../../../SharedLib/libpthread -I/usr/local/pspdev/psp/include/ -I/usr/local/pspdev/psp/sdk/include/ -I/usr/local/pspdev/psp/include/machine/ -o conftest -I/usr/local/pspdev/psp/sdk/include/ -I/usr/local/pspdev/psp/include/machine/ -I../../../../SharedLib/Tools    -L/usr/local/pspdev/psp/sdk/lib -L/usr/local/pspdev/psp/sdk/sdk/lib -L../../../../SharedLib/lib conftest.c -lssl -lcrypto -ldl   -lm -lpspdebug -lpspdisplay -lpspge -lpspctrl -lpspsdk -lc -lpspnet -lpspnet_inet -lpspnet_apctl -lpspnet_resolver -lpsputility -lpspuser -liberty -lpspsdk -lpspnet -lpspaudio -lpspgu -lpspge -lpsphprm -lpspkernel 1>&5
configure:5489:25: error: openssl/ssl.h: No such file or directory
configure: failed program was:
#line 5488 "configure"
#include "confdefs.h"
#include <openssl/ssl.h>
int main() {
SSLeay_add_ssl_algorithms()
; return 0; }
configure:6370: checking for sdl-config
configure:6405: checking for SDL >= 1.2.0
configure:6418: checking for XextAddDisplay in -lXext
configure:6437: psp-gcc -I../../../../SharedLib/libpthread -I/usr/local/pspdev/psp/include/ -I/usr/local/pspdev/psp/sdk/include/ -I/usr/local/pspdev/psp/include/machine/ -o conftest -I/usr/local/pspdev/psp/sdk/include/ -I/usr/local/pspdev/psp/include/machine/ -I../../../../SharedLib/Tools  -DPSP -I/usr/local/pspdev/psp/include/ -I/usr/include/SDL -D_REENTRANT -L/usr/local/pspdev/psp/sdk/lib -L/usr/local/pspdev/psp/sdk/sdk/lib -L../../../../SharedLib/lib conftest.c -lXext  -lm -lpspdebug -lpspdisplay -lpspge -lpspctrl -lpspsdk -lc -lpspnet -lpspnet_inet -lpspnet_apctl -lpspnet_resolver -lpsputility -lpspuser -liberty -lpspsdk -lpspnet -lpspaudio -lpspgu -lpspge -lpsphprm -lpspkernel 1>&5
/usr/local/pspdev/lib/gcc/psp/4.0.2/../../../../psp/bin/ld: cannot find -lXext
collect2: ld returned 1 exit status
configure: failed program was:
#line 6426 "configure"
#include "confdefs.h"
/* Override any gcc2 internal prototype to avoid an error.  */
/* We use char because int might match the return type of a gcc2
    builtin and then its argument prototype would still apply.  */
char XextAddDisplay();

int main() {
XextAddDisplay()
; return 0; }
configure:7070: checking for inflate in -lz
configure:7089: psp-gcc -I../../../../SharedLib/libpthread -I/usr/local/pspdev/psp/include/ -I/usr/local/pspdev/psp/sdk/include/ -I/usr/local/pspdev/psp/include/machine/ -o conftest -I/usr/local/pspdev/psp/sdk/include/ -I/usr/local/pspdev/psp/include/machine/ -I../../../../SharedLib/Tools  -DPSP -I/usr/local/pspdev/psp/include/ -I/usr/include/SDL -D_REENTRANT -L/usr/local/pspdev/psp/sdk/lib -L/usr/local/pspdev/psp/sdk/sdk/lib -L../../../../SharedLib/lib conftest.c -lz  -lSDL -lpthread -lm -lpspdebug -lpspdisplay -lpspge -lpspctrl -lpspsdk -lc -lpspnet -lpspnet_inet -lpspnet_apctl -lpspnet_resolver -lpsputility -lpspuser -liberty -lpspsdk -lpspnet -lpspaudio -lpspgu -lpspge -lpsphprm -lpspkernel 1>&5
configure:7120: checking for png.h
configure:7130: psp-gcc -I../../../../SharedLib/libpthread -I/usr/local/pspdev/psp/include/ -I/usr/local/pspdev/psp/sdk/include/ -I/usr/local/pspdev/psp/include/machine/ -E  -DPSP -I/usr/local/pspdev/psp/include/ -I/usr/include/SDL -D_REENTRANT conftest.c >/dev/null 2>conftest.out
configure:7120: checking for libpng/png.h
configure:7130: psp-gcc -I../../../../SharedLib/libpthread -I/usr/local/pspdev/psp/include/ -I/usr/local/pspdev/psp/sdk/include/ -I/usr/local/pspdev/psp/include/machine/ -E  -DPSP -I/usr/local/pspdev/psp/include/ -I/usr/include/SDL -D_REENTRANT conftest.c >/dev/null 2>conftest.out
configure:7126:24: error: libpng/png.h: No such file or directory
configure: failed program was:
#line 7125 "configure"
#include "confdefs.h"
#include <libpng/png.h>
configure:7157: checking for png_create_info_struct in -lpng
configure:7176: psp-gcc -I../../../../SharedLib/libpthread -I/usr/local/pspdev/psp/include/ -I/usr/local/pspdev/psp/sdk/include/ -I/usr/local/pspdev/psp/include/machine/ -o conftest -I/usr/local/pspdev/psp/sdk/include/ -I/usr/local/pspdev/psp/include/machine/ -I../../../../SharedLib/Tools  -DPSP -I/usr/local/pspdev/psp/include/ -I/usr/include/SDL -D_REENTRANT -L/usr/local/pspdev/psp/sdk/lib -L/usr/local/pspdev/psp/sdk/sdk/lib -L../../../../SharedLib/lib conftest.c -lpng  -lz -lSDL -lpthread -lm -lpspdebug -lpspdisplay -lpspge -lpspctrl -lpspsdk -lc -lpspnet -lpspnet_inet -lpspnet_apctl -lpspnet_resolver -lpsputility -lpspuser -liberty -lpspsdk -lpspnet -lpspaudio -lpspgu -lpspge -lpsphprm -lpspkernel 1>&5
configure:7210: checking for png_set_rgb_to_gray
configure:7238: psp-gcc -I../../../../SharedLib/libpthread -I/usr/local/pspdev/psp/include/ -I/usr/local/pspdev/psp/sdk/include/ -I/usr/local/pspdev/psp/include/machine/ -o conftest -I/usr/local/pspdev/psp/sdk/include/ -I/usr/local/pspdev/psp/include/machine/ -I../../../../SharedLib/Tools  -DPSP -I/usr/local/pspdev/psp/include/ -I/usr/include/SDL -D_REENTRANT -L/usr/local/pspdev/psp/sdk/lib -L/usr/local/pspdev/psp/sdk/sdk/lib -L../../../../SharedLib/lib conftest.c -lpng -lz -lSDL -lpthread -lm -lpspdebug -lpspdisplay -lpspge -lpspctrl -lpspsdk -lc -lpspnet -lpspnet_inet -lpspnet_apctl -lpspnet_resolver -lpsputility -lpspuser -liberty -lpspsdk -lpspnet -lpspaudio -lpspgu -lpspge -lpsphprm -lpspkernel 1>&5
configure:7265: checking for png_get_image_width
configure:7293: psp-gcc -I../../../../SharedLib/libpthread -I/usr/local/pspdev/psp/include/ -I/usr/local/pspdev/psp/sdk/include/ -I/usr/local/pspdev/psp/include/machine/ -o conftest -I/usr/local/pspdev/psp/sdk/include/ -I/usr/local/pspdev/psp/include/machine/ -I../../../../SharedLib/Tools  -DPSP -I/usr/local/pspdev/psp/include/ -I/usr/include/SDL -D_REENTRANT -L/usr/local/pspdev/psp/sdk/lib -L/usr/local/pspdev/psp/sdk/sdk/lib -L../../../../SharedLib/lib conftest.c -lpng -lz -lSDL -lpthread -lm -lpspdebug -lpspdisplay -lpspge -lpspctrl -lpspsdk -lc -lpspnet -lpspnet_inet -lpspnet_apctl -lpspnet_resolver -lpsputility -lpspuser -liberty -lpspsdk -lpspnet -lpspaudio -lpspgu -lpspge -lpsphprm -lpspkernel 1>&5
configure:7265: checking for png_get_image_height
configure:7293: psp-gcc -I../../../../SharedLib/libpthread -I/usr/local/pspdev/psp/include/ -I/usr/local/pspdev/psp/sdk/include/ -I/usr/local/pspdev/psp/include/machine/ -o conftest -I/usr/local/pspdev/psp/sdk/include/ -I/usr/local/pspdev/psp/include/machine/ -I../../../../SharedLib/Tools  -DPSP -I/usr/local/pspdev/psp/include/ -I/usr/include/SDL -D_REENTRANT -L/usr/local/pspdev/psp/sdk/lib -L/usr/local/pspdev/psp/sdk/sdk/lib -L../../../../SharedLib/lib conftest.c -lpng -lz -lSDL -lpthread -lm -lpspdebug -lpspdisplay -lpspge -lpspctrl -lpspsdk -lc -lpspnet -lpspnet_inet -lpspnet_apctl -lpspnet_resolver -lpsputility -lpspuser -liberty -lpspsdk -lpspnet -lpspaudio -lpspgu -lpspge -lpsphprm -lpspkernel 1>&5
configure:7265: checking for png_get_gAMA
configure:7293: psp-gcc -I../../../../SharedLib/libpthread -I/usr/local/pspdev/psp/include/ -I/usr/local/pspdev/psp/sdk/include/ -I/usr/local/pspdev/psp/include/machine/ -o conftest -I/usr/local/pspdev/psp/sdk/include/ -I/usr/local/pspdev/psp/include/machine/ -I../../../../SharedLib/Tools  -DPSP -I/usr/local/pspdev/psp/include/ -I/usr/include/SDL -D_REENTRANT -L/usr/local/pspdev/psp/sdk/lib -L/usr/local/pspdev/psp/sdk/sdk/lib -L../../../../SharedLib/lib conftest.c -lpng -lz -lSDL -lpthread -lm -lpspdebug -lpspdisplay -lpspge -lpspctrl -lpspsdk -lc -lpspnet -lpspnet_inet -lpspnet_apctl -lpspnet_resolver -lpsputility -lpspuser -liberty -lpspsdk -lpspnet -lpspaudio -lpspgu -lpspge -lpsphprm -lpspkernel 1>&5
configure:7265: checking for png_get_color_type
configure:7293: psp-gcc -I../../../../SharedLib/libpthread -I/usr/local/pspdev/psp/include/ -I/usr/local/pspdev/psp/sdk/include/ -I/usr/local/pspdev/psp/include/machine/ -o conftest -I/usr/local/pspdev/psp/sdk/include/ -I/usr/local/pspdev/psp/include/machine/ -I../../../../SharedLib/Tools  -DPSP -I/usr/local/pspdev/psp/include/ -I/usr/include/SDL -D_REENTRANT -L/usr/local/pspdev/psp/sdk/lib -L/usr/local/pspdev/psp/sdk/sdk/lib -L../../../../SharedLib/lib conftest.c -lpng -lz -lSDL -lpthread -lm -lpspdebug -lpspdisplay -lpspge -lpspctrl -lpspsdk -lc -lpspnet -lpspnet_inet -lpspnet_apctl -lpspnet_resolver -lpsputility -lpspuser -liberty -lpspsdk -lpspnet -lpspaudio -lpspgu -lpspge -lpsphprm -lpspkernel 1>&5
configure:7265: checking for png_get_bit_depth
configure:7293: psp-gcc -I../../../../SharedLib/libpthread -I/usr/local/pspdev/psp/include/ -I/usr/local/pspdev/psp/sdk/include/ -I/usr/local/pspdev/psp/include/machine/ -o conftest -I/usr/local/pspdev/psp/sdk/include/ -I/usr/local/pspdev/psp/include/machine/ -I../../../../SharedLib/Tools  -DPSP -I/usr/local/pspdev/psp/include/ -I/usr/include/SDL -D_REENTRANT -L/usr/local/pspdev/psp/sdk/lib -L/usr/local/pspdev/psp/sdk/sdk/lib -L../../../../SharedLib/lib conftest.c -lpng -lz -lSDL -lpthread -lm -lpspdebug -lpspdisplay -lpspge -lpspctrl -lpspsdk -lc -lpspnet -lpspnet_inet -lpspnet_apctl -lpspnet_resolver -lpsputility -lpspuser -liberty -lpspsdk -lpspnet -lpspaudio -lpspgu -lpspge -lpsphprm -lpspkernel 1>&5
configure:7265: checking for png_set_strip_alpha
configure:7293: psp-gcc -I../../../../SharedLib/libpthread -I/usr/local/pspdev/psp/include/ -I/usr/local/pspdev/psp/sdk/include/ -I/usr/local/pspdev/psp/include/machine/ -o conftest -I/usr/local/pspdev/psp/sdk/include/ -I/usr/local/pspdev/psp/include/machine/ -I../../../../SharedLib/Tools  -DPSP -I/usr/local/pspdev/psp/include/ -I/usr/include/SDL -D_REENTRANT -L/usr/local/pspdev/psp/sdk/lib -L/usr/local/pspdev/psp/sdk/sdk/lib -L../../../../SharedLib/lib conftest.c -lpng -lz -lSDL -lpthread -lm -lpspdebug -lpspdisplay -lpspge -lpspctrl -lpspsdk -lc -lpspnet -lpspnet_inet -lpspnet_apctl -lpspnet_resolver -lpsputility -lpspuser -liberty -lpspsdk -lpspnet -lpspaudio -lpspgu -lpspge -lpsphprm -lpspkernel 1>&5
configure:7265: checking for png_get_valid
configure:7293: psp-gcc -I../../../../SharedLib/libpthread -I/usr/local/pspdev/psp/include/ -I/usr/local/pspdev/psp/sdk/include/ -I/usr/local/pspdev/psp/include/machine/ -o conftest -I/usr/local/pspdev/psp/sdk/include/ -I/usr/local/pspdev/psp/include/machine/ -I../../../../SharedLib/Tools  -DPSP -I/usr/local/pspdev/psp/include/ -I/usr/include/SDL -D_REENTRANT -L/usr/local/pspdev/psp/sdk/lib -L/usr/local/pspdev/psp/sdk/sdk/lib -L../../../../SharedLib/lib conftest.c -lpng -lz -lSDL -lpthread -lm -lpspdebug -lpspdisplay -lpspge -lpspctrl -lpspsdk -lc -lpspnet -lpspnet_inet -lpspnet_apctl -lpspnet_resolver -lpsputility -lpspuser -liberty -lpspsdk -lpspnet -lpspaudio -lpspgu -lpspge -lpsphprm -lpspkernel 1>&5
configure:7265: checking for png_get_sRGB
configure:7293: psp-gcc -I../../../../SharedLib/libpthread -I/usr/local/pspdev/psp/include/ -I/usr/local/pspdev/psp/sdk/include/ -I/usr/local/pspdev/psp/include/machine/ -o conftest -I/usr/local/pspdev/psp/sdk/include/ -I/usr/local/pspdev/psp/include/machine/ -I../../../../SharedLib/Tools  -DPSP -I/usr/local/pspdev/psp/include/ -I/usr/include/SDL -D_REENTRANT -L/usr/local/pspdev/psp/sdk/lib -L/usr/local/pspdev/psp/sdk/sdk/lib -L../../../../SharedLib/lib conftest.c -lpng -lz -lSDL -lpthread -lm -lpspdebug -lpspdisplay -lpspge -lpspctrl -lpspsdk -lc -lpspnet -lpspnet_inet -lpspnet_apctl -lpspnet_resolver -lpsputility -lpspuser -liberty -lpspsdk -lpspnet -lpspaudio -lpspgu -lpspge -lpsphprm -lpspkernel 1>&5
configure:7330: checking if you can include both setjmp.h and png.h
configure:7343: psp-gcc -I../../../../SharedLib/libpthread -I/usr/local/pspdev/psp/include/ -I/usr/local/pspdev/psp/sdk/include/ -I/usr/local/pspdev/psp/include/machine/ -c -I/usr/local/pspdev/psp/sdk/include/ -I/usr/local/pspdev/psp/include/machine/ -I../../../../SharedLib/Tools  -DPSP -I/usr/local/pspdev/psp/include/ -I/usr/include/SDL -D_REENTRANT conftest.c 1>&5
In file included from configure:7336:
/usr/local/pspdev/psp/include/machine/setjmp.h:212: error: syntax error before 'typedef'
In file included from /usr/local/pspdev/lib/gcc/psp/4.0.2/../../../../psp/include/zlib.h:34,
                 from /usr/local/pspdev/lib/gcc/psp/4.0.2/../../../../psp/include/png.h:359,
                 from configure:7337:
/usr/local/pspdev/lib/gcc/psp/4.0.2/../../../../psp/include/zconf.h:255: error: syntax error before 'typedef'
configure: failed program was:
#line 7335 "configure"
#include "confdefs.h"
#include <setjmp.h>
		#include <png.h>
int main() {
jmp_buf bla;
; return 0; }
configure:7377: checking for jpeglib.h
configure:7387: psp-gcc -I../../../../SharedLib/libpthread -I/usr/local/pspdev/psp/include/ -I/usr/local/pspdev/psp/sdk/include/ -I/usr/local/pspdev/psp/include/machine/ -E  -DPSP -I/usr/local/pspdev/psp/include/ -I/usr/include/SDL -D_REENTRANT conftest.c >/dev/null 2>conftest.out
configure:7414: checking for jpeg_destroy_decompress in -ljpeg
configure:7433: psp-gcc -I../../../../SharedLib/libpthread -I/usr/local/pspdev/psp/include/ -I/usr/local/pspdev/psp/sdk/include/ -I/usr/local/pspdev/psp/include/machine/ -o conftest -I/usr/local/pspdev/psp/sdk/include/ -I/usr/local/pspdev/psp/include/machine/ -I../../../../SharedLib/Tools  -DPSP -I/usr/local/pspdev/psp/include/ -I/usr/include/SDL -D_REENTRANT -L/usr/local/pspdev/psp/sdk/lib -L/usr/local/pspdev/psp/sdk/sdk/lib -L../../../../SharedLib/lib conftest.c -ljpeg  -lpng -lz -lSDL -lpthread -lm -lpspdebug -lpspdisplay -lpspge -lpspctrl -lpspsdk -lc -lpspnet -lpspnet_inet -lpspnet_apctl -lpspnet_resolver -lpsputility -lpspuser -liberty -lpspsdk -lpspnet -lpspaudio -lpspgu -lpspge -lpsphprm -lpspkernel 1>&5
configure:7482: checking for tiffio.h
configure:7492: psp-gcc -I../../../../SharedLib/libpthread -I/usr/local/pspdev/psp/include/ -I/usr/local/pspdev/psp/sdk/include/ -I/usr/local/pspdev/psp/include/machine/ -E  -DPSP -I/usr/local/pspdev/psp/include/ -I/usr/include/SDL -D_REENTRANT conftest.c >/dev/null 2>conftest.out
configure:7488:20: error: tiffio.h: No such file or directory
configure: failed program was:
#line 7487 "configure"
#include "confdefs.h"
#include <tiffio.h>
configure:7519: checking for TIFFClientOpen in -ltiff
configure:7538: psp-gcc -I../../../../SharedLib/libpthread -I/usr/local/pspdev/psp/include/ -I/usr/local/pspdev/psp/sdk/include/ -I/usr/local/pspdev/psp/include/machine/ -o conftest -I/usr/local/pspdev/psp/sdk/include/ -I/usr/local/pspdev/psp/include/machine/ -I../../../../SharedLib/Tools  -DPSP -I/usr/local/pspdev/psp/include/ -I/usr/include/SDL -D_REENTRANT -L/usr/local/pspdev/psp/sdk/lib -L/usr/local/pspdev/psp/sdk/sdk/lib -L../../../../SharedLib/lib conftest.c -ltiff  -ljpeg -lpng -lz -lSDL -lpthread -lm -lpspdebug -lpspdisplay -lpspge -lpspctrl -lpspsdk -lc -lpspnet -lpspnet_inet -lpspnet_apctl -lpspnet_resolver -lpsputility -lpspuser -liberty -lpspsdk -lpspnet -lpspaudio -lpspgu -lpspge -lpsphprm -lpspkernel 1>&5
/usr/local/pspdev/lib/gcc/psp/4.0.2/../../../../psp/bin/ld: cannot find -ltiff
collect2: ld returned 1 exit status
configure: failed program was:
#line 7527 "configure"
#include "confdefs.h"
/* Override any gcc2 internal prototype to avoid an error.  */
/* We use char because int might match the return type of a gcc2
    builtin and then its argument prototype would still apply.  */
char TIFFClientOpen();

int main() {
TIFFClientOpen()
; return 0; }
