This file contains any messages produced by compilers while
running configure, to aid debugging if configure makes a mistake.

configure:678: checking host system type
configure:748: checking for gcc
configure:861: checking whether the C compiler (psp-gcc-4.0.0 -I../SharedLib/libnet/ ) works
configure:877: psp-gcc-4.0.0 -o conftest -I../SharedLib/libnet/   conftest.c  1>&5
/usr/local/pspdev/psp/lib/gcc/psp/4.0.0/../../../../psp/bin/ld: warning: cannot find entry symbol _start; defaulting to 000000000040003c
configure:903: checking whether the C compiler (psp-gcc-4.0.0 -I../SharedLib/libnet/ ) is a cross-compiler
configure:908: checking whether we are using GNU C
configure:917: psp-gcc-4.0.0 -E conftest.c
configure:936: checking whether psp-gcc-4.0.0 accepts -g
configure:968: checking how to run the C preprocessor
configure:989: psp-gcc-4.0.0 -E  conftest.c >/dev/null 2>conftest.out
configure:1048: checking whether ln -s works
configure:1069: checking whether make sets ${MAKE}
configure:1107: checking for a BSD compatible install
configure:1164: checking for lint
configure:1164: checking for alint
configure:1164: checking for lclint
configure:1164: checking for tdlint
configure:1195: checking build system type
configure:1221: checking for ranlib
configure:1288: checking for ar
configure:1357: checking for archiver options (symbol AR_OPTS)
configure:1368: checking for AIX
configure:1392: checking for POSIXized ISC
configure:1418: checking if you want to see long compiling messages
configure:1470: checking if you want to check memory-leaks
configure:1497: checking if you want to enable debug-code
configure:1539: checking if you want to enable lynx trace code *recommended* 
configure:1563: checking if you want verbose trace code
configure:1589: checking if you want to turn on gcc warnings
configure:1746: checking if you want to link with dbmalloc for testing
configure:1808: checking if you want to link with dmalloc for testing
configure:1876: checking for working const
configure:1930: psp-gcc-4.0.0 -c -I../SharedLib/libnet/  conftest.c 1>&5
configure:1952: checking for Cygwin environment
configure:1968: psp-gcc-4.0.0 -c -I../SharedLib/libnet/  conftest.c 1>&5
configure: In function 'main':
configure:1964: error: '__CYGWIN32__' undeclared (first use in this function)
configure:1964: error: (Each undeclared identifier is reported only once
configure:1964: error: for each function it appears in.)
configure: failed program was:
#line 1957 "configure"
#include "confdefs.h"

int main() {

#ifndef __CYGWIN__
#define __CYGWIN__ __CYGWIN32__
#endif
return __CYGWIN__;
; return 0; }
configure:1985: checking for mingw32 environment
configure:1997: psp-gcc-4.0.0 -c -I../SharedLib/libnet/  conftest.c 1>&5
configure: In function 'main':
configure:1993: error: '__MINGW32__' undeclared (first use in this function)
configure:1993: error: (Each undeclared identifier is reported only once
configure:1993: error: for each function it appears in.)
configure: failed program was:
#line 1990 "configure"
#include "confdefs.h"

int main() {
return __MINGW32__;
; return 0; }
configure:2029: checking for executable suffix
configure:2039: psp-gcc-4.0.0 -o conftest -I../SharedLib/libnet/   conftest.c  1>&5
/usr/local/pspdev/psp/lib/gcc/psp/4.0.0/../../../../psp/bin/ld: warning: cannot find entry symbol _start; defaulting to 000000000040003c
configure:2060: checking for object suffix
configure:2066: psp-gcc-4.0.0 -c -I../SharedLib/libnet/  conftest.c 1>&5
configure:2505: checking for ranlib
configure:2533: checking for ANSI C header files
configure:2546: psp-gcc-4.0.0 -E  conftest.c >/dev/null 2>conftest.out
configure:2637: checking for inline
configure:2651: psp-gcc-4.0.0 -c -I../SharedLib/libnet/  conftest.c 1>&5
configure:2677: checking for off_t
configure:2710: checking for size_t
configure:2745: checking for working alloca.h
configure:2757: psp-gcc-4.0.0 -o conftest -I../SharedLib/libnet/   conftest.c  1>&5
/usr/local/pspdev/psp/lib/gcc/psp/4.0.0/../../../../psp/bin/ld: warning: cannot find entry symbol _start; defaulting to 000000000040003c
configure:2778: checking for alloca
configure:2811: psp-gcc-4.0.0 -o conftest -I../SharedLib/libnet/   conftest.c  1>&5
/usr/local/pspdev/psp/lib/gcc/psp/4.0.0/../../../../psp/bin/ld: warning: cannot find entry symbol _start; defaulting to 000000000040003c
configure:2980: checking for unistd.h
configure:2990: psp-gcc-4.0.0 -E  conftest.c >/dev/null 2>conftest.out
configure:3019: checking for getpagesize
configure:3047: psp-gcc-4.0.0 -o conftest -I../SharedLib/libnet/   conftest.c  1>&5
/usr/local/pspdev/psp/lib/gcc/psp/4.0.0/../../../../psp/bin/ld: warning: cannot find entry symbol _start; defaulting to 000000000040003c
/tmp/ccU35he6.o: In function `main':
conftest.c:(.text+0x10): undefined reference to `getpagesize'
collect2: ld returned 1 exit status
configure: failed program was:
#line 3024 "configure"
#include "confdefs.h"
/* System header to define __stub macros and hopefully few prototypes,
    which can conflict with char getpagesize(); below.  */
#include <assert.h>
/* Override any gcc2 internal prototype to avoid an error.  */
/* We use char because int might match the return type of a gcc2
    builtin and then its argument prototype would still apply.  */
char getpagesize();

int main() {

/* The GNU C library defines this for functions which it implements
    to always fail with ENOSYS.  Some functions are actually named
    something starting with __ and the normal name is an alias.  */
#if defined (__stub_getpagesize) || defined (__stub___getpagesize)
choke me
#else
getpagesize();
#endif

; return 0; }
configure:3072: checking for working mmap
configure:3244: checking whether we are using the GNU C Library 2.1 or newer
configure:3251:22: error: features.h: No such file or directory
configure:3311: checking for argz.h
configure:3321: psp-gcc-4.0.0 -E  conftest.c >/dev/null 2>conftest.out
configure:3311: checking for limits.h
configure:3321: psp-gcc-4.0.0 -E  conftest.c >/dev/null 2>conftest.out
configure:3311: checking for locale.h
configure:3321: psp-gcc-4.0.0 -E  conftest.c >/dev/null 2>conftest.out
configure:3311: checking for nl_types.h
configure:3321: psp-gcc-4.0.0 -E  conftest.c >/dev/null 2>conftest.out
configure:3317:22: error: nl_types.h: No such file or directory
configure: failed program was:
#line 3316 "configure"
#include "confdefs.h"
#include <nl_types.h>
configure:3311: checking for malloc.h
configure:3321: psp-gcc-4.0.0 -E  conftest.c >/dev/null 2>conftest.out
configure:3311: checking for stddef.h
configure:3321: psp-gcc-4.0.0 -E  conftest.c >/dev/null 2>conftest.out
configure:3311: checking for stdlib.h
configure:3321: psp-gcc-4.0.0 -E  conftest.c >/dev/null 2>conftest.out
configure:3311: checking for string.h
configure:3321: psp-gcc-4.0.0 -E  conftest.c >/dev/null 2>conftest.out
configure:3311: checking for unistd.h
configure:3311: checking for sys/param.h
configure:3321: psp-gcc-4.0.0 -E  conftest.c >/dev/null 2>conftest.out
configure:3352: checking for feof_unlocked
configure:3380: psp-gcc-4.0.0 -o conftest -I../SharedLib/libnet/   conftest.c  1>&5
/usr/local/pspdev/psp/lib/gcc/psp/4.0.0/../../../../psp/bin/ld: warning: cannot find entry symbol _start; defaulting to 000000000040003c
/tmp/ccycBxBR.o: In function `main':
conftest.c:(.text+0x10): undefined reference to `feof_unlocked'
collect2: ld returned 1 exit status
configure: failed program was:
#line 3357 "configure"
#include "confdefs.h"
/* System header to define __stub macros and hopefully few prototypes,
    which can conflict with char feof_unlocked(); below.  */
#include <assert.h>
/* Override any gcc2 internal prototype to avoid an error.  */
/* We use char because int might match the return type of a gcc2
    builtin and then its argument prototype would still apply.  */
char feof_unlocked();

int main() {

/* The GNU C library defines this for functions which it implements
    to always fail with ENOSYS.  Some functions are actually named
    something starting with __ and the normal name is an alias.  */
#if defined (__stub_feof_unlocked) || defined (__stub___feof_unlocked)
choke me
#else
feof_unlocked();
#endif

; return 0; }
configure:3352: checking for fgets_unlocked
configure:3380: psp-gcc-4.0.0 -o conftest -I../SharedLib/libnet/   conftest.c  1>&5
/usr/local/pspdev/psp/lib/gcc/psp/4.0.0/../../../../psp/bin/ld: warning: cannot find entry symbol _start; defaulting to 000000000040003c
/tmp/ccUgIvW4.o: In function `main':
conftest.c:(.text+0x10): undefined reference to `fgets_unlocked'
collect2: ld returned 1 exit status
configure: failed program was:
#line 3357 "configure"
#include "confdefs.h"
/* System header to define __stub macros and hopefully few prototypes,
    which can conflict with char fgets_unlocked(); below.  */
#include <assert.h>
/* Override any gcc2 internal prototype to avoid an error.  */
/* We use char because int might match the return type of a gcc2
    builtin and then its argument prototype would still apply.  */
char fgets_unlocked();

int main() {

/* The GNU C library defines this for functions which it implements
    to always fail with ENOSYS.  Some functions are actually named
    something starting with __ and the normal name is an alias.  */
#if defined (__stub_fgets_unlocked) || defined (__stub___fgets_unlocked)
choke me
#else
fgets_unlocked();
#endif

; return 0; }
configure:3352: checking for getcwd
configure:3380: psp-gcc-4.0.0 -o conftest -I../SharedLib/libnet/   conftest.c  1>&5
/usr/local/pspdev/psp/lib/gcc/psp/4.0.0/../../../../psp/bin/ld: warning: cannot find entry symbol _start; defaulting to 000000000040003c
/tmp/ccu4eqRk.o: In function `main':
conftest.c:(.text+0x10): undefined reference to `getcwd'
collect2: ld returned 1 exit status
configure: failed program was:
#line 3357 "configure"
#include "confdefs.h"
/* System header to define __stub macros and hopefully few prototypes,
    which can conflict with char getcwd(); below.  */
#include <assert.h>
/* Override any gcc2 internal prototype to avoid an error.  */
/* We use char because int might match the return type of a gcc2
    builtin and then its argument prototype would still apply.  */
char getcwd();

int main() {

/* The GNU C library defines this for functions which it implements
    to always fail with ENOSYS.  Some functions are actually named
    something starting with __ and the normal name is an alias.  */
#if defined (__stub_getcwd) || defined (__stub___getcwd)
choke me
#else
getcwd();
#endif

; return 0; }
configure:3352: checking for getegid
configure:3380: psp-gcc-4.0.0 -o conftest -I../SharedLib/libnet/   conftest.c  1>&5
/usr/local/pspdev/psp/lib/gcc/psp/4.0.0/../../../../psp/bin/ld: warning: cannot find entry symbol _start; defaulting to 000000000040003c
/tmp/ccOpl3zA.o: In function `main':
conftest.c:(.text+0x10): undefined reference to `getegid'
collect2: ld returned 1 exit status
configure: failed program was:
#line 3357 "configure"
#include "confdefs.h"
/* System header to define __stub macros and hopefully few prototypes,
    which can conflict with char getegid(); below.  */
#include <assert.h>
/* Override any gcc2 internal prototype to avoid an error.  */
/* We use char because int might match the return type of a gcc2
    builtin and then its argument prototype would still apply.  */
char getegid();

int main() {

/* The GNU C library defines this for functions which it implements
    to always fail with ENOSYS.  Some functions are actually named
    something starting with __ and the normal name is an alias.  */
#if defined (__stub_getegid) || defined (__stub___getegid)
choke me
#else
getegid();
#endif

; return 0; }
configure:3352: checking for geteuid
configure:3380: psp-gcc-4.0.0 -o conftest -I../SharedLib/libnet/   conftest.c  1>&5
/usr/local/pspdev/psp/lib/gcc/psp/4.0.0/../../../../psp/bin/ld: warning: cannot find entry symbol _start; defaulting to 000000000040003c
/tmp/ccILYGVN.o: In function `main':
conftest.c:(.text+0x10): undefined reference to `geteuid'
collect2: ld returned 1 exit status
configure: failed program was:
#line 3357 "configure"
#include "confdefs.h"
/* System header to define __stub macros and hopefully few prototypes,
    which can conflict with char geteuid(); below.  */
#include <assert.h>
/* Override any gcc2 internal prototype to avoid an error.  */
/* We use char because int might match the return type of a gcc2
    builtin and then its argument prototype would still apply.  */
char geteuid();

int main() {

/* The GNU C library defines this for functions which it implements
    to always fail with ENOSYS.  Some functions are actually named
    something starting with __ and the normal name is an alias.  */
#if defined (__stub_geteuid) || defined (__stub___geteuid)
choke me
#else
geteuid();
#endif

; return 0; }
configure:3352: checking for getgid
configure:3380: psp-gcc-4.0.0 -o conftest -I../SharedLib/libnet/   conftest.c  1>&5
/usr/local/pspdev/psp/lib/gcc/psp/4.0.0/../../../../psp/bin/ld: warning: cannot find entry symbol _start; defaulting to 000000000040003c
/tmp/ccIY9Ja6.o: In function `main':
conftest.c:(.text+0x10): undefined reference to `getgid'
collect2: ld returned 1 exit status
configure: failed program was:
#line 3357 "configure"
#include "confdefs.h"
/* System header to define __stub macros and hopefully few prototypes,
    which can conflict with char getgid(); below.  */
#include <assert.h>
/* Override any gcc2 internal prototype to avoid an error.  */
/* We use char because int might match the return type of a gcc2
    builtin and then its argument prototype would still apply.  */
char getgid();

int main() {

/* The GNU C library defines this for functions which it implements
    to always fail with ENOSYS.  Some functions are actually named
    something starting with __ and the normal name is an alias.  */
#if defined (__stub_getgid) || defined (__stub___getgid)
choke me
#else
getgid();
#endif

; return 0; }
configure:3352: checking for getuid
configure:3380: psp-gcc-4.0.0 -o conftest -I../SharedLib/libnet/   conftest.c  1>&5
/usr/local/pspdev/psp/lib/gcc/psp/4.0.0/../../../../psp/bin/ld: warning: cannot find entry symbol _start; defaulting to 000000000040003c
/tmp/cc9cRN7f.o: In function `main':
conftest.c:(.text+0x10): undefined reference to `getuid'
collect2: ld returned 1 exit status
configure: failed program was:
#line 3357 "configure"
#include "confdefs.h"
/* System header to define __stub macros and hopefully few prototypes,
    which can conflict with char getuid(); below.  */
#include <assert.h>
/* Override any gcc2 internal prototype to avoid an error.  */
/* We use char because int might match the return type of a gcc2
    builtin and then its argument prototype would still apply.  */
char getuid();

int main() {

/* The GNU C library defines this for functions which it implements
    to always fail with ENOSYS.  Some functions are actually named
    something starting with __ and the normal name is an alias.  */
#if defined (__stub_getuid) || defined (__stub___getuid)
choke me
#else
getuid();
#endif

; return 0; }
configure:3352: checking for mempcpy
configure:3380: psp-gcc-4.0.0 -o conftest -I../SharedLib/libnet/   conftest.c  1>&5
configure:3364: warning: conflicting types for built-in function 'mempcpy'
/usr/local/pspdev/psp/lib/gcc/psp/4.0.0/../../../../psp/bin/ld: warning: cannot find entry symbol _start; defaulting to 000000000040003c
/tmp/cc2FXnpn.o: In function `main':
conftest.c:(.text+0x10): undefined reference to `mempcpy'
collect2: ld returned 1 exit status
configure: failed program was:
#line 3357 "configure"
#include "confdefs.h"
/* System header to define __stub macros and hopefully few prototypes,
    which can conflict with char mempcpy(); below.  */
#include <assert.h>
/* Override any gcc2 internal prototype to avoid an error.  */
/* We use char because int might match the return type of a gcc2
    builtin and then its argument prototype would still apply.  */
char mempcpy();

int main() {

/* The GNU C library defines this for functions which it implements
    to always fail with ENOSYS.  Some functions are actually named
    something starting with __ and the normal name is an alias.  */
#if defined (__stub_mempcpy) || defined (__stub___mempcpy)
choke me
#else
mempcpy();
#endif

; return 0; }
configure:3352: checking for munmap
configure:3380: psp-gcc-4.0.0 -o conftest -I../SharedLib/libnet/   conftest.c  1>&5
/usr/local/pspdev/psp/lib/gcc/psp/4.0.0/../../../../psp/bin/ld: warning: cannot find entry symbol _start; defaulting to 000000000040003c
/tmp/ccQsJF1H.o: In function `main':
conftest.c:(.text+0x10): undefined reference to `munmap'
collect2: ld returned 1 exit status
configure: failed program was:
#line 3357 "configure"
#include "confdefs.h"
/* System header to define __stub macros and hopefully few prototypes,
    which can conflict with char munmap(); below.  */
#include <assert.h>
/* Override any gcc2 internal prototype to avoid an error.  */
/* We use char because int might match the return type of a gcc2
    builtin and then its argument prototype would still apply.  */
char munmap();

int main() {

/* The GNU C library defines this for functions which it implements
    to always fail with ENOSYS.  Some functions are actually named
    something starting with __ and the normal name is an alias.  */
#if defined (__stub_munmap) || defined (__stub___munmap)
choke me
#else
munmap();
#endif

; return 0; }
configure:3352: checking for putenv
configure:3380: psp-gcc-4.0.0 -o conftest -I../SharedLib/libnet/   conftest.c  1>&5
/usr/local/pspdev/psp/lib/gcc/psp/4.0.0/../../../../psp/bin/ld: warning: cannot find entry symbol _start; defaulting to 000000000040003c
/tmp/ccwJmcoV.o: In function `main':
conftest.c:(.text+0x10): undefined reference to `putenv'
collect2: ld returned 1 exit status
configure: failed program was:
#line 3357 "configure"
#include "confdefs.h"
/* System header to define __stub macros and hopefully few prototypes,
    which can conflict with char putenv(); below.  */
#include <assert.h>
/* Override any gcc2 internal prototype to avoid an error.  */
/* We use char because int might match the return type of a gcc2
    builtin and then its argument prototype would still apply.  */
char putenv();

int main() {

/* The GNU C library defines this for functions which it implements
    to always fail with ENOSYS.  Some functions are actually named
    something starting with __ and the normal name is an alias.  */
#if defined (__stub_putenv) || defined (__stub___putenv)
choke me
#else
putenv();
#endif

; return 0; }
configure:3352: checking for setenv
configure:3380: psp-gcc-4.0.0 -o conftest -I../SharedLib/libnet/   conftest.c  1>&5
/usr/local/pspdev/psp/lib/gcc/psp/4.0.0/../../../../psp/bin/ld: warning: cannot find entry symbol _start; defaulting to 000000000040003c
/tmp/ccWDiySa.o: In function `main':
conftest.c:(.text+0x10): undefined reference to `setenv'
collect2: ld returned 1 exit status
configure: failed program was:
#line 3357 "configure"
#include "confdefs.h"
/* System header to define __stub macros and hopefully few prototypes,
    which can conflict with char setenv(); below.  */
#include <assert.h>
/* Override any gcc2 internal prototype to avoid an error.  */
/* We use char because int might match the return type of a gcc2
    builtin and then its argument prototype would still apply.  */
char setenv();

int main() {

/* The GNU C library defines this for functions which it implements
    to always fail with ENOSYS.  Some functions are actually named
    something starting with __ and the normal name is an alias.  */
#if defined (__stub_setenv) || defined (__stub___setenv)
choke me
#else
setenv();
#endif

; return 0; }
configure:3352: checking for setlocale
configure:3380: psp-gcc-4.0.0 -o conftest -I../SharedLib/libnet/   conftest.c  1>&5
/usr/local/pspdev/psp/lib/gcc/psp/4.0.0/../../../../psp/bin/ld: warning: cannot find entry symbol _start; defaulting to 000000000040003c
/tmp/ccaa3O2s.o: In function `main':
conftest.c:(.text+0x10): undefined reference to `setlocale'
collect2: ld returned 1 exit status
configure: failed program was:
#line 3357 "configure"
#include "confdefs.h"
/* System header to define __stub macros and hopefully few prototypes,
    which can conflict with char setlocale(); below.  */
#include <assert.h>
/* Override any gcc2 internal prototype to avoid an error.  */
/* We use char because int might match the return type of a gcc2
    builtin and then its argument prototype would still apply.  */
char setlocale();

int main() {

/* The GNU C library defines this for functions which it implements
    to always fail with ENOSYS.  Some functions are actually named
    something starting with __ and the normal name is an alias.  */
#if defined (__stub_setlocale) || defined (__stub___setlocale)
choke me
#else
setlocale();
#endif

; return 0; }
configure:3352: checking for stpcpy
configure:3380: psp-gcc-4.0.0 -o conftest -I../SharedLib/libnet/   conftest.c  1>&5
configure:3364: warning: conflicting types for built-in function 'stpcpy'
/usr/local/pspdev/psp/lib/gcc/psp/4.0.0/../../../../psp/bin/ld: warning: cannot find entry symbol _start; defaulting to 000000000040003c
/tmp/ccEu1NrG.o: In function `main':
conftest.c:(.text+0x10): undefined reference to `stpcpy'
collect2: ld returned 1 exit status
configure: failed program was:
#line 3357 "configure"
#include "confdefs.h"
/* System header to define __stub macros and hopefully few prototypes,
    which can conflict with char stpcpy(); below.  */
#include <assert.h>
/* Override any gcc2 internal prototype to avoid an error.  */
/* We use char because int might match the return type of a gcc2
    builtin and then its argument prototype would still apply.  */
char stpcpy();

int main() {

/* The GNU C library defines this for functions which it implements
    to always fail with ENOSYS.  Some functions are actually named
    something starting with __ and the normal name is an alias.  */
#if defined (__stub_stpcpy) || defined (__stub___stpcpy)
choke me
#else
stpcpy();
#endif

; return 0; }
configure:3352: checking for strchr
configure:3380: psp-gcc-4.0.0 -o conftest -I../SharedLib/libnet/   conftest.c  1>&5
configure:3364: warning: conflicting types for built-in function 'strchr'
/usr/local/pspdev/psp/lib/gcc/psp/4.0.0/../../../../psp/bin/ld: warning: cannot find entry symbol _start; defaulting to 000000000040003c
/tmp/cc8seG8V.o: In function `main':
conftest.c:(.text+0x10): undefined reference to `strchr'
collect2: ld returned 1 exit status
configure: failed program was:
#line 3357 "configure"
#include "confdefs.h"
/* System header to define __stub macros and hopefully few prototypes,
    which can conflict with char strchr(); below.  */
#include <assert.h>
/* Override any gcc2 internal prototype to avoid an error.  */
/* We use char because int might match the return type of a gcc2
    builtin and then its argument prototype would still apply.  */
char strchr();

int main() {

/* The GNU C library defines this for functions which it implements
    to always fail with ENOSYS.  Some functions are actually named
    something starting with __ and the normal name is an alias.  */
#if defined (__stub_strchr) || defined (__stub___strchr)
choke me
#else
strchr();
#endif

; return 0; }
configure:3352: checking for strcasecmp
configure:3380: psp-gcc-4.0.0 -o conftest -I../SharedLib/libnet/   conftest.c  1>&5
/usr/local/pspdev/psp/lib/gcc/psp/4.0.0/../../../../psp/bin/ld: warning: cannot find entry symbol _start; defaulting to 000000000040003c
/tmp/ccgI1Vje.o: In function `main':
conftest.c:(.text+0x10): undefined reference to `strcasecmp'
collect2: ld returned 1 exit status
configure: failed program was:
#line 3357 "configure"
#include "confdefs.h"
/* System header to define __stub macros and hopefully few prototypes,
    which can conflict with char strcasecmp(); below.  */
#include <assert.h>
/* Override any gcc2 internal prototype to avoid an error.  */
/* We use char because int might match the return type of a gcc2
    builtin and then its argument prototype would still apply.  */
char strcasecmp();

int main() {

/* The GNU C library defines this for functions which it implements
    to always fail with ENOSYS.  Some functions are actually named
    something starting with __ and the normal name is an alias.  */
#if defined (__stub_strcasecmp) || defined (__stub___strcasecmp)
choke me
#else
strcasecmp();
#endif

; return 0; }
configure:3352: checking for strdup
configure:3380: psp-gcc-4.0.0 -o conftest -I../SharedLib/libnet/   conftest.c  1>&5
configure:3364: warning: conflicting types for built-in function 'strdup'
/usr/local/pspdev/psp/lib/gcc/psp/4.0.0/../../../../psp/bin/ld: warning: cannot find entry symbol _start; defaulting to 000000000040003c
/tmp/cchoBBai.o: In function `main':
conftest.c:(.text+0x10): undefined reference to `strdup'
collect2: ld returned 1 exit status
configure: failed program was:
#line 3357 "configure"
#include "confdefs.h"
/* System header to define __stub macros and hopefully few prototypes,
    which can conflict with char strdup(); below.  */
#include <assert.h>
/* Override any gcc2 internal prototype to avoid an error.  */
/* We use char because int might match the return type of a gcc2
    builtin and then its argument prototype would still apply.  */
char strdup();

int main() {

/* The GNU C library defines this for functions which it implements
    to always fail with ENOSYS.  Some functions are actually named
    something starting with __ and the normal name is an alias.  */
#if defined (__stub_strdup) || defined (__stub___strdup)
choke me
#else
strdup();
#endif

; return 0; }
configure:3352: checking for strtoul
configure:3380: psp-gcc-4.0.0 -o conftest -I../SharedLib/libnet/   conftest.c  1>&5
/usr/local/pspdev/psp/lib/gcc/psp/4.0.0/../../../../psp/bin/ld: warning: cannot find entry symbol _start; defaulting to 000000000040003c
/tmp/ccy0Frso.o: In function `main':
conftest.c:(.text+0x10): undefined reference to `strtoul'
collect2: ld returned 1 exit status
configure: failed program was:
#line 3357 "configure"
#include "confdefs.h"
/* System header to define __stub macros and hopefully few prototypes,
    which can conflict with char strtoul(); below.  */
#include <assert.h>
/* Override any gcc2 internal prototype to avoid an error.  */
/* We use char because int might match the return type of a gcc2
    builtin and then its argument prototype would still apply.  */
char strtoul();

int main() {

/* The GNU C library defines this for functions which it implements
    to always fail with ENOSYS.  Some functions are actually named
    something starting with __ and the normal name is an alias.  */
#if defined (__stub_strtoul) || defined (__stub___strtoul)
choke me
#else
strtoul();
#endif

; return 0; }
configure:3352: checking for tsearch
configure:3380: psp-gcc-4.0.0 -o conftest -I../SharedLib/libnet/   conftest.c  1>&5
/usr/local/pspdev/psp/lib/gcc/psp/4.0.0/../../../../psp/bin/ld: warning: cannot find entry symbol _start; defaulting to 000000000040003c
/tmp/ccq5cRfE.o: In function `main':
conftest.c:(.text+0x10): undefined reference to `tsearch'
collect2: ld returned 1 exit status
configure: failed program was:
#line 3357 "configure"
#include "confdefs.h"
/* System header to define __stub macros and hopefully few prototypes,
    which can conflict with char tsearch(); below.  */
#include <assert.h>
/* Override any gcc2 internal prototype to avoid an error.  */
/* We use char because int might match the return type of a gcc2
    builtin and then its argument prototype would still apply.  */
char tsearch();

int main() {

/* The GNU C library defines this for functions which it implements
    to always fail with ENOSYS.  Some functions are actually named
    something starting with __ and the normal name is an alias.  */
#if defined (__stub_tsearch) || defined (__stub___tsearch)
choke me
#else
tsearch();
#endif

; return 0; }
configure:3352: checking for __argz_count
configure:3380: psp-gcc-4.0.0 -o conftest -I../SharedLib/libnet/   conftest.c  1>&5
/usr/local/pspdev/psp/lib/gcc/psp/4.0.0/../../../../psp/bin/ld: warning: cannot find entry symbol _start; defaulting to 000000000040003c
/tmp/ccYpB98V.o: In function `main':
conftest.c:(.text+0x10): undefined reference to `__argz_count'
collect2: ld returned 1 exit status
configure: failed program was:
#line 3357 "configure"
#include "confdefs.h"
/* System header to define __stub macros and hopefully few prototypes,
    which can conflict with char __argz_count(); below.  */
#include <assert.h>
/* Override any gcc2 internal prototype to avoid an error.  */
/* We use char because int might match the return type of a gcc2
    builtin and then its argument prototype would still apply.  */
char __argz_count();

int main() {

/* The GNU C library defines this for functions which it implements
    to always fail with ENOSYS.  Some functions are actually named
    something starting with __ and the normal name is an alias.  */
#if defined (__stub___argz_count) || defined (__stub_____argz_count)
choke me
#else
__argz_count();
#endif

; return 0; }
configure:3352: checking for __argz_stringify
configure:3380: psp-gcc-4.0.0 -o conftest -I../SharedLib/libnet/   conftest.c  1>&5
/usr/local/pspdev/psp/lib/gcc/psp/4.0.0/../../../../psp/bin/ld: warning: cannot find entry symbol _start; defaulting to 000000000040003c
/tmp/ccwccxz9.o: In function `main':
conftest.c:(.text+0x10): undefined reference to `__argz_stringify'
collect2: ld returned 1 exit status
configure: failed program was:
#line 3357 "configure"
#include "confdefs.h"
/* System header to define __stub macros and hopefully few prototypes,
    which can conflict with char __argz_stringify(); below.  */
#include <assert.h>
/* Override any gcc2 internal prototype to avoid an error.  */
/* We use char because int might match the return type of a gcc2
    builtin and then its argument prototype would still apply.  */
char __argz_stringify();

int main() {

/* The GNU C library defines this for functions which it implements
    to always fail with ENOSYS.  Some functions are actually named
    something starting with __ and the normal name is an alias.  */
#if defined (__stub___argz_stringify) || defined (__stub_____argz_stringify)
choke me
#else
__argz_stringify();
#endif

; return 0; }
configure:3352: checking for __argz_next
configure:3380: psp-gcc-4.0.0 -o conftest -I../SharedLib/libnet/   conftest.c  1>&5
/usr/local/pspdev/psp/lib/gcc/psp/4.0.0/../../../../psp/bin/ld: warning: cannot find entry symbol _start; defaulting to 000000000040003c
/tmp/ccYHtEap.o: In function `main':
conftest.c:(.text+0x10): undefined reference to `__argz_next'
collect2: ld returned 1 exit status
configure: failed program was:
#line 3357 "configure"
#include "confdefs.h"
/* System header to define __stub macros and hopefully few prototypes,
    which can conflict with char __argz_next(); below.  */
#include <assert.h>
/* Override any gcc2 internal prototype to avoid an error.  */
/* We use char because int might match the return type of a gcc2
    builtin and then its argument prototype would still apply.  */
char __argz_next();

int main() {

/* The GNU C library defines this for functions which it implements
    to always fail with ENOSYS.  Some functions are actually named
    something starting with __ and the normal name is an alias.  */
#if defined (__stub___argz_next) || defined (__stub_____argz_next)
choke me
#else
__argz_next();
#endif

; return 0; }
configure:3421: checking for iconv
configure:3439: psp-gcc-4.0.0 -o conftest -I../SharedLib/libnet/   conftest.c  1>&5
/usr/local/pspdev/psp/lib/gcc/psp/4.0.0/../../../../psp/bin/ld: warning: cannot find entry symbol _start; defaulting to 000000000040003c
/tmp/ccC3cIeJ.o: In function `main':
conftest.c:(.text+0x20): undefined reference to `iconv_open'
conftest.c:(.text+0x40): undefined reference to `iconv'
conftest.c:(.text+0x4c): undefined reference to `iconv_close'
collect2: ld returned 1 exit status
configure: failed program was:
#line 3429 "configure"
#include "confdefs.h"
#include <stdlib.h>
#include <iconv.h>
int main() {
iconv_t cd = iconv_open("","");
       iconv(cd,NULL,NULL,NULL,NULL);
       iconv_close(cd);
; return 0; }
configure:3461: psp-gcc-4.0.0 -o conftest -I../SharedLib/libnet/   conftest.c  -liconv 1>&5
/usr/local/pspdev/psp/lib/gcc/psp/4.0.0/../../../../psp/bin/ld: cannot find -liconv
collect2: ld returned 1 exit status
configure: failed program was:
#line 3451 "configure"
#include "confdefs.h"
#include <stdlib.h>
#include <iconv.h>
int main() {
iconv_t cd = iconv_open("","");
         iconv(cd,NULL,NULL,NULL,NULL);
         iconv_close(cd);
; return 0; }
configure:3536: checking for nl_langinfo and CODESET
configure:3548: psp-gcc-4.0.0 -o conftest -I../SharedLib/libnet/   conftest.c  1>&5
/usr/local/pspdev/psp/lib/gcc/psp/4.0.0/../../../../psp/bin/ld: warning: cannot find entry symbol _start; defaulting to 000000000040003c
/tmp/ccUFCCxe.o: In function `main':
conftest.c:(.text+0x14): undefined reference to `nl_langinfo'
collect2: ld returned 1 exit status
configure: failed program was:
#line 3541 "configure"
#include "confdefs.h"
#include <langinfo.h>
int main() {
char* cs = nl_langinfo(CODESET);
; return 0; }
configure:3571: checking for LC_MESSAGES
configure:3583: psp-gcc-4.0.0 -o conftest -I../SharedLib/libnet/   conftest.c  1>&5
/usr/local/pspdev/psp/lib/gcc/psp/4.0.0/../../../../psp/bin/ld: warning: cannot find entry symbol _start; defaulting to 000000000040003c
configure:3604: checking whether NLS is requested
configure:4396: checking if you want full utility pathnames
configure:4421: checking for system mailer
configure:4448: checking system mail flags
configure:4489: checking if we must define _GNU_SOURCE
configure:4505: psp-gcc-4.0.0 -c -I../SharedLib/libnet/  conftest.c 1>&5
configure: In function 'main':
configure:4500: error: 'make' undeclared (first use in this function)
configure:4500: error: (Each undeclared identifier is reported only once
configure:4500: error: for each function it appears in.)
configure:4500: error: parse error before 'an'
configure: failed program was:
#line 4495 "configure"
#include "confdefs.h"
#include <sys/types.h>
int main() {

#ifndef _XOPEN_SOURCE
make an error
#endif
; return 0; }
configure:4525: psp-gcc-4.0.0 -c -I../SharedLib/libnet/  -D_GNU_SOURCE conftest.c 1>&5
configure:4755: checking if you want ssl library
configure:4776: checking if you want experimental gnutls support
configure:4797: checking if you want socks library
configure:4817: checking if you want socks5 library
configure:5069: checking for network libraries
configure:5080: checking for gethostname
configure:5108: psp-gcc-4.0.0 -o conftest -I../SharedLib/libnet/  -DLINUX   conftest.c  1>&5
/usr/local/pspdev/psp/lib/gcc/psp/4.0.0/../../../../psp/bin/ld: warning: cannot find entry symbol _start; defaulting to 000000000040003c
/tmp/ccCr3cz0.o: In function `main':
conftest.c:(.text+0x10): undefined reference to `gethostname'
collect2: ld returned 1 exit status
configure: failed program was:
#line 5085 "configure"
#include "confdefs.h"
/* System header to define __stub macros and hopefully few prototypes,
    which can conflict with char gethostname(); below.  */
#include <assert.h>
/* Override any gcc2 internal prototype to avoid an error.  */
/* We use char because int might match the return type of a gcc2
    builtin and then its argument prototype would still apply.  */
char gethostname();

int main() {

/* The GNU C library defines this for functions which it implements
    to always fail with ENOSYS.  Some functions are actually named
    something starting with __ and the normal name is an alias.  */
#if defined (__stub_gethostname) || defined (__stub___gethostname)
choke me
#else
gethostname();
#endif

; return 0; }
configure:5131: checking for gethostname in -lnsl
configure:5150: psp-gcc-4.0.0 -o conftest -I../SharedLib/libnet/  -DLINUX   conftest.c -lnsl   1>&5
/usr/local/pspdev/psp/lib/gcc/psp/4.0.0/../../../../psp/bin/ld: cannot find -lnsl
collect2: ld returned 1 exit status
configure: failed program was:
#line 5139 "configure"
#include "confdefs.h"
/* Override any gcc2 internal prototype to avoid an error.  */
/* We use char because int might match the return type of a gcc2
    builtin and then its argument prototype would still apply.  */
char gethostname();

int main() {
gethostname()
; return 0; }
configure:5183: checking for gethostname in -lsocket
configure:5202: psp-gcc-4.0.0 -o conftest -I../SharedLib/libnet/  -DLINUX   conftest.c -lsocket   1>&5
/usr/local/pspdev/psp/lib/gcc/psp/4.0.0/../../../../psp/bin/ld: cannot find -lsocket
collect2: ld returned 1 exit status
configure: failed program was:
#line 5191 "configure"
#include "confdefs.h"
/* Override any gcc2 internal prototype to avoid an error.  */
/* We use char because int might match the return type of a gcc2
    builtin and then its argument prototype would still apply.  */
char gethostname();

int main() {
gethostname()
; return 0; }
configure:5247: checking for main in -linet
configure:5262: psp-gcc-4.0.0 -o conftest -I../SharedLib/libnet/  -DLINUX   conftest.c -linet   1>&5
/usr/local/pspdev/psp/lib/gcc/psp/4.0.0/../../../../psp/bin/ld: cannot find -linet
collect2: ld returned 1 exit status
configure: failed program was:
#line 5255 "configure"
#include "confdefs.h"

int main() {
main()
; return 0; }
configure:5287: checking for socket
configure:5315: psp-gcc-4.0.0 -o conftest -I../SharedLib/libnet/  -DLINUX   conftest.c  1>&5
/usr/local/pspdev/psp/lib/gcc/psp/4.0.0/../../../../psp/bin/ld: warning: cannot find entry symbol _start; defaulting to 000000000040003c
/tmp/ccQv7KUT.o: In function `main':
conftest.c:(.text+0x10): undefined reference to `socket'
collect2: ld returned 1 exit status
configure: failed program was:
#line 5292 "configure"
#include "confdefs.h"
/* System header to define __stub macros and hopefully few prototypes,
    which can conflict with char socket(); below.  */
#include <assert.h>
/* Override any gcc2 internal prototype to avoid an error.  */
/* We use char because int might match the return type of a gcc2
    builtin and then its argument prototype would still apply.  */
char socket();

int main() {

/* The GNU C library defines this for functions which it implements
    to always fail with ENOSYS.  Some functions are actually named
    something starting with __ and the normal name is an alias.  */
#if defined (__stub_socket) || defined (__stub___socket)
choke me
#else
socket();
#endif

; return 0; }
configure:5338: checking for socket in -lsocket
configure:5357: psp-gcc-4.0.0 -o conftest -I../SharedLib/libnet/  -DLINUX   conftest.c -lsocket   1>&5
/usr/local/pspdev/psp/lib/gcc/psp/4.0.0/../../../../psp/bin/ld: cannot find -lsocket
collect2: ld returned 1 exit status
configure: failed program was:
#line 5346 "configure"
#include "confdefs.h"
/* Override any gcc2 internal prototype to avoid an error.  */
/* We use char because int might match the return type of a gcc2
    builtin and then its argument prototype would still apply.  */
char socket();

int main() {
socket()
; return 0; }
configure:5390: checking for socket in -lbsd
configure:5409: psp-gcc-4.0.0 -o conftest -I../SharedLib/libnet/  -DLINUX   conftest.c -lbsd   1>&5
/usr/local/pspdev/psp/lib/gcc/psp/4.0.0/../../../../psp/bin/ld: cannot find -lbsd
collect2: ld returned 1 exit status
configure: failed program was:
#line 5398 "configure"
#include "confdefs.h"
/* Override any gcc2 internal prototype to avoid an error.  */
/* We use char because int might match the return type of a gcc2
    builtin and then its argument prototype would still apply.  */
char socket();

int main() {
socket()
; return 0; }
configure:5454: checking for gethostbyname
configure:5482: psp-gcc-4.0.0 -o conftest -I../SharedLib/libnet/  -DLINUX   conftest.c  1>&5
/usr/local/pspdev/psp/lib/gcc/psp/4.0.0/../../../../psp/bin/ld: warning: cannot find entry symbol _start; defaulting to 000000000040003c
/tmp/ccC0e36k.o: In function `main':
conftest.c:(.text+0x10): undefined reference to `gethostbyname'
collect2: ld returned 1 exit status
configure: failed program was:
#line 5459 "configure"
#include "confdefs.h"
/* System header to define __stub macros and hopefully few prototypes,
    which can conflict with char gethostbyname(); below.  */
#include <assert.h>
/* Override any gcc2 internal prototype to avoid an error.  */
/* We use char because int might match the return type of a gcc2
    builtin and then its argument prototype would still apply.  */
char gethostbyname();

int main() {

/* The GNU C library defines this for functions which it implements
    to always fail with ENOSYS.  Some functions are actually named
    something starting with __ and the normal name is an alias.  */
#if defined (__stub_gethostbyname) || defined (__stub___gethostbyname)
choke me
#else
gethostbyname();
#endif

; return 0; }
configure:5505: checking for gethostbyname in -lnsl
configure:5524: psp-gcc-4.0.0 -o conftest -I../SharedLib/libnet/  -DLINUX   conftest.c -lnsl   1>&5
/usr/local/pspdev/psp/lib/gcc/psp/4.0.0/../../../../psp/bin/ld: cannot find -lnsl
collect2: ld returned 1 exit status
configure: failed program was:
#line 5513 "configure"
#include "confdefs.h"
/* Override any gcc2 internal prototype to avoid an error.  */
/* We use char because int might match the return type of a gcc2
    builtin and then its argument prototype would still apply.  */
char gethostbyname();

int main() {
gethostbyname()
; return 0; }
configure:5565: checking for strcasecmp
configure:5616: checking for strcasecmp in -lresolv
configure:5635: psp-gcc-4.0.0 -o conftest -I../SharedLib/libnet/  -DLINUX   conftest.c -lresolv   1>&5
/usr/local/pspdev/psp/lib/gcc/psp/4.0.0/../../../../psp/bin/ld: cannot find -lresolv
collect2: ld returned 1 exit status
configure: failed program was:
#line 5624 "configure"
#include "confdefs.h"
/* Override any gcc2 internal prototype to avoid an error.  */
/* We use char because int might match the return type of a gcc2
    builtin and then its argument prototype would still apply.  */
char strcasecmp();

int main() {
strcasecmp()
; return 0; }
configure:5681: checking for inet_aton function
configure:5698: psp-gcc-4.0.0 -o conftest -I../SharedLib/libnet/  -DLINUX   conftest.c   1>&5
In file included from ../SharedLib/libnet/sys/socket.h:9,
                 from configure:5689:
../SharedLib/libnet/sys/../pspnet.h:5:25: error: psputility.h: No such file or directory
In file included from ../SharedLib/libnet/sys/socket.h:9,
                 from configure:5689:
../SharedLib/libnet/sys/../pspnet.h:14: error: parse error before 'r4'
../SharedLib/libnet/sys/../pspnet.h:17: error: parse error before '*' token
../SharedLib/libnet/sys/../pspnet.h:26: error: parse error before 'r4'
../SharedLib/libnet/sys/../pspnet.h:31: error: parse error before 'r4'
../SharedLib/libnet/sys/../pspnet.h:33: error: parse error before '*' token
../SharedLib/libnet/sys/../pspnet.h:34: error: parse error before 'r4'
In file included from configure:5689:
../SharedLib/libnet/sys/socket.h:12:7: warning: no newline at end of file
configure: failed program was:
#line 5687 "configure"
#include "confdefs.h"
#include <sys/types.h>
#include <sys/socket.h>
#include <netinet/in.h>
#include <arpa/inet.h>

int main() {
inet_aton(0, (struct in_addr *)0)
; return 0; }
configure:5718: checking for inet_addr function
configure:5735: psp-gcc-4.0.0 -o conftest -I../SharedLib/libnet/  -DLINUX   conftest.c   1>&5
In file included from ../SharedLib/libnet/sys/socket.h:9,
                 from configure:5726:
../SharedLib/libnet/sys/../pspnet.h:5:25: error: psputility.h: No such file or directory
In file included from ../SharedLib/libnet/sys/socket.h:9,
                 from configure:5726:
../SharedLib/libnet/sys/../pspnet.h:14: error: parse error before 'r4'
../SharedLib/libnet/sys/../pspnet.h:17: error: parse error before '*' token
../SharedLib/libnet/sys/../pspnet.h:26: error: parse error before 'r4'
../SharedLib/libnet/sys/../pspnet.h:31: error: parse error before 'r4'
../SharedLib/libnet/sys/../pspnet.h:33: error: parse error before '*' token
../SharedLib/libnet/sys/../pspnet.h:34: error: parse error before 'r4'
In file included from configure:5726:
../SharedLib/libnet/sys/socket.h:12:7: warning: no newline at end of file
configure: failed program was:
#line 5724 "configure"
#include "confdefs.h"
#include <sys/types.h>
#include <sys/socket.h>
#include <netinet/in.h>
#include <arpa/inet.h>
    
int main() {
inet_addr(0)
; return 0; }
configure:5750: checking for library with inet_addr
configure:5771: psp-gcc-4.0.0 -o conftest -I../SharedLib/libnet/  -DLINUX   conftest.c   -lbind 1>&5
In file included from ../SharedLib/libnet/sys/socket.h:9,
                 from configure:5762:
../SharedLib/libnet/sys/../pspnet.h:5:25: error: psputility.h: No such file or directory
In file included from ../SharedLib/libnet/sys/socket.h:9,
                 from configure:5762:
../SharedLib/libnet/sys/../pspnet.h:14: error: parse error before 'r4'
../SharedLib/libnet/sys/../pspnet.h:17: error: parse error before '*' token
../SharedLib/libnet/sys/../pspnet.h:26: error: parse error before 'r4'
../SharedLib/libnet/sys/../pspnet.h:31: error: parse error before 'r4'
../SharedLib/libnet/sys/../pspnet.h:33: error: parse error before '*' token
../SharedLib/libnet/sys/../pspnet.h:34: error: parse error before 'r4'
In file included from configure:5762:
../SharedLib/libnet/sys/socket.h:12:7: warning: no newline at end of file
configure: failed program was:
#line 5760 "configure"
#include "confdefs.h"
#include <sys/types.h>
#include <sys/socket.h>
#include <netinet/in.h>
#include <arpa/inet.h>
		
int main() {
inet_addr(0)
; return 0; }
configure:5771: psp-gcc-4.0.0 -o conftest -I../SharedLib/libnet/  -DLINUX   conftest.c   -lresolv 1>&5
In file included from ../SharedLib/libnet/sys/socket.h:9,
                 from configure:5762:
../SharedLib/libnet/sys/../pspnet.h:5:25: error: psputility.h: No such file or directory
In file included from ../SharedLib/libnet/sys/socket.h:9,
                 from configure:5762:
../SharedLib/libnet/sys/../pspnet.h:14: error: parse error before 'r4'
../SharedLib/libnet/sys/../pspnet.h:17: error: parse error before '*' token
../SharedLib/libnet/sys/../pspnet.h:26: error: parse error before 'r4'
../SharedLib/libnet/sys/../pspnet.h:31: error: parse error before 'r4'
../SharedLib/libnet/sys/../pspnet.h:33: error: parse error before '*' token
../SharedLib/libnet/sys/../pspnet.h:34: error: parse error before 'r4'
In file included from configure:5762:
../SharedLib/libnet/sys/socket.h:12:7: warning: no newline at end of file
configure: failed program was:
#line 5760 "configure"
#include "confdefs.h"
#include <sys/types.h>
#include <sys/socket.h>
#include <netinet/in.h>
#include <arpa/inet.h>
		
int main() {
inet_addr(0)
; return 0; }
configure:6129: checking for screen type
configure:8672: checking for slang header file
configure:8685: psp-gcc-4.0.0 -c -I../SharedLib/libnet/  -DLINUX  conftest.c 1>&5
configure:8679:19: error: slang.h: No such file or directory
configure: In function 'main':
configure:8681: warning: incompatible implicit declaration of built-in function 'printf'
configure:8681: error: 'SLANG_VERSION' undeclared (first use in this function)
configure:8681: error: (Each undeclared identifier is reported only once
configure:8681: error: for each function it appears in.)
configure: failed program was:
#line 8678 "configure"
#include "confdefs.h"
#include <slang.h>
int main() {
printf("%s\n", SLANG_VERSION)
; return 0; }
trying /usr/local/include/slang.h
egrep: /usr/local/include/slang.h: No such file or directory
trying /usr/include/slang.h
#define SLANG_VERSION 10409
#define SLANG_VERSION_STRING "1.4.9"
configure:8843: checking if we must define UTF8
configure:8857: psp-gcc-4.0.0 -c -I../SharedLib/libnet/  -DLINUX  conftest.c 1>&5
configure:8851:19: error: slang.h: No such file or directory
configure: failed program was:
#line 8849 "configure"
#include "confdefs.h"

#include <slang.h>
int main() {
SLtt_get_screen_size()
; return 0; }
configure:8875: psp-gcc-4.0.0 -c -I../SharedLib/libnet/  -DLINUX  conftest.c 1>&5
configure:8869:19: error: slang.h: No such file or directory
configure: failed program was:
#line 8866 "configure"
#include "confdefs.h"

#define UTF8
#include <slang.h>
int main() {
SLtt_get_screen_size()
; return 0; }
configure:8915: psp-gcc-4.0.0 -o conftest -I../SharedLib/libnet/  -DLINUX   conftest.c   1>&5
/usr/local/pspdev/psp/lib/gcc/psp/4.0.0/../../../../psp/bin/ld: warning: cannot find entry symbol _start; defaulting to 000000000040003c
/tmp/cceppatg.o: In function `main':
conftest.c:(.text+0x20): undefined reference to `tgoto'
collect2: ld returned 1 exit status
configure: failed program was:
#line 8908 "configure"
#include "confdefs.h"

int main() {
char *x=(char*)tgoto("",0,0)
; return 0; }
configure:8954: checking for tigetstr in -lcurses
configure:8963: psp-gcc-4.0.0 -o conftest -I../SharedLib/libnet/  -DLINUX   conftest.c -lcurses   1>&5
/usr/local/pspdev/psp/lib/gcc/psp/4.0.0/../../../../psp/bin/ld: cannot find -lcurses
collect2: ld returned 1 exit status
configure: failed program was:
#line 8956 "configure"
#include "confdefs.h"

int main() {
int x=tigetstr("")
; return 0; }
configure:8954: checking for tgetstr in -lcurses
configure:8963: psp-gcc-4.0.0 -o conftest -I../SharedLib/libnet/  -DLINUX   conftest.c -lcurses   1>&5
/usr/local/pspdev/psp/lib/gcc/psp/4.0.0/../../../../psp/bin/ld: cannot find -lcurses
collect2: ld returned 1 exit status
configure: failed program was:
#line 8956 "configure"
#include "confdefs.h"

int main() {
int x=tgetstr("")
; return 0; }
configure:8954: checking for tigetstr in -lncurses
configure:8963: psp-gcc-4.0.0 -o conftest -I../SharedLib/libnet/  -DLINUX   conftest.c -lncurses   1>&5
/usr/local/pspdev/psp/lib/gcc/psp/4.0.0/../../../../psp/bin/ld: cannot find -lncurses
collect2: ld returned 1 exit status
configure: failed program was:
#line 8956 "configure"
#include "confdefs.h"

int main() {
int x=tigetstr("")
; return 0; }
configure:8954: checking for tgetstr in -lncurses
configure:8963: psp-gcc-4.0.0 -o conftest -I../SharedLib/libnet/  -DLINUX   conftest.c -lncurses   1>&5
/usr/local/pspdev/psp/lib/gcc/psp/4.0.0/../../../../psp/bin/ld: cannot find -lncurses
collect2: ld returned 1 exit status
configure: failed program was:
#line 8956 "configure"
#include "confdefs.h"

int main() {
int x=tgetstr("")
; return 0; }
configure:8954: checking for tigetstr in -ltermlib
configure:8963: psp-gcc-4.0.0 -o conftest -I../SharedLib/libnet/  -DLINUX   conftest.c -ltermlib   1>&5
/usr/local/pspdev/psp/lib/gcc/psp/4.0.0/../../../../psp/bin/ld: cannot find -ltermlib
collect2: ld returned 1 exit status
configure: failed program was:
#line 8956 "configure"
#include "confdefs.h"

int main() {
int x=tigetstr("")
; return 0; }
configure:8954: checking for tgetstr in -ltermlib
configure:8963: psp-gcc-4.0.0 -o conftest -I../SharedLib/libnet/  -DLINUX   conftest.c -ltermlib   1>&5
/usr/local/pspdev/psp/lib/gcc/psp/4.0.0/../../../../psp/bin/ld: cannot find -ltermlib
collect2: ld returned 1 exit status
configure: failed program was:
#line 8956 "configure"
#include "confdefs.h"

int main() {
int x=tgetstr("")
; return 0; }
configure:8954: checking for tigetstr in -ltermcap
configure:8963: psp-gcc-4.0.0 -o conftest -I../SharedLib/libnet/  -DLINUX   conftest.c -ltermcap   1>&5
/usr/local/pspdev/psp/lib/gcc/psp/4.0.0/../../../../psp/bin/ld: cannot find -ltermcap
collect2: ld returned 1 exit status
configure: failed program was:
#line 8956 "configure"
#include "confdefs.h"

int main() {
int x=tigetstr("")
; return 0; }
configure:8954: checking for tgetstr in -ltermcap
configure:8963: psp-gcc-4.0.0 -o conftest -I../SharedLib/libnet/  -DLINUX   conftest.c -ltermcap   1>&5
/usr/local/pspdev/psp/lib/gcc/psp/4.0.0/../../../../psp/bin/ld: cannot find -ltermcap
collect2: ld returned 1 exit status
configure: failed program was:
#line 8956 "configure"
#include "confdefs.h"

int main() {
int x=tgetstr("")
; return 0; }
configure:8990: checking for initscr in -lcurses
configure:9009: psp-gcc-4.0.0 -o conftest -I../SharedLib/libnet/  -DLINUX   conftest.c -lcurses    1>&5
/usr/local/pspdev/psp/lib/gcc/psp/4.0.0/../../../../psp/bin/ld: cannot find -lcurses
collect2: ld returned 1 exit status
configure: failed program was:
#line 8998 "configure"
#include "confdefs.h"
/* Override any gcc2 internal prototype to avoid an error.  */
/* We use char because int might match the return type of a gcc2
    builtin and then its argument prototype would still apply.  */
char initscr();

int main() {
initscr()
; return 0; }
configure:9030: checking for tgoto in -ltermcap
configure:9049: psp-gcc-4.0.0 -o conftest -I../SharedLib/libnet/  -DLINUX   conftest.c -ltermcap    1>&5
/usr/local/pspdev/psp/lib/gcc/psp/4.0.0/../../../../psp/bin/ld: cannot find -ltermcap
collect2: ld returned 1 exit status
configure: failed program was:
#line 9038 "configure"
#include "confdefs.h"
/* Override any gcc2 internal prototype to avoid an error.  */
/* We use char because int might match the return type of a gcc2
    builtin and then its argument prototype would still apply.  */
char tgoto();

int main() {
tgoto()
; return 0; }
configure:9081: checking for acos
configure:9109: psp-gcc-4.0.0 -o conftest -I../SharedLib/libnet/  -DLINUX   conftest.c   1>&5
configure:9093: warning: conflicting types for built-in function 'acos'
/usr/local/pspdev/psp/lib/gcc/psp/4.0.0/../../../../psp/bin/ld: warning: cannot find entry symbol _start; defaulting to 000000000040003c
/tmp/ccaEcXZn.o: In function `main':
conftest.c:(.text+0x10): undefined reference to `acos'
collect2: ld returned 1 exit status
configure: failed program was:
#line 9086 "configure"
#include "confdefs.h"
/* System header to define __stub macros and hopefully few prototypes,
    which can conflict with char acos(); below.  */
#include <assert.h>
/* Override any gcc2 internal prototype to avoid an error.  */
/* We use char because int might match the return type of a gcc2
    builtin and then its argument prototype would still apply.  */
char acos();

int main() {

/* The GNU C library defines this for functions which it implements
    to always fail with ENOSYS.  Some functions are actually named
    something starting with __ and the normal name is an alias.  */
#if defined (__stub_acos) || defined (__stub___acos)
choke me
#else
acos();
#endif

; return 0; }
configure:9128: checking for acos in -lm
configure:9147: psp-gcc-4.0.0 -o conftest -I../SharedLib/libnet/  -DLINUX   conftest.c -lm     1>&5
configure:9140: warning: conflicting types for built-in function 'acos'
/usr/local/pspdev/psp/lib/gcc/psp/4.0.0/../../../../psp/bin/ld: warning: cannot find entry symbol _start; defaulting to 000000000040003c
/usr/local/pspdev/psp/lib/gcc/psp/4.0.0/../../../../psp/lib/libm.a(w_acos.o): In function `acos':
../../../../../newlib/libm/math/w_acos.c:111: undefined reference to `__errno'
../../../../../newlib/libm/math/w_acos.c:108: undefined reference to `__errno'
collect2: ld returned 1 exit status
configure: failed program was:
#line 9136 "configure"
#include "confdefs.h"
/* Override any gcc2 internal prototype to avoid an error.  */
/* We use char because int might match the return type of a gcc2
    builtin and then its argument prototype would still apply.  */
char acos();

int main() {
acos()
; return 0; }
configure:9359: checking for SLtt_get_screen_size
configure:9387: psp-gcc-4.0.0 -o conftest -I../SharedLib/libnet/  -DLINUX   conftest.c   1>&5
/usr/local/pspdev/psp/lib/gcc/psp/4.0.0/../../../../psp/bin/ld: warning: cannot find entry symbol _start; defaulting to 000000000040003c
/tmp/ccoY10q6.o: In function `main':
conftest.c:(.text+0x10): undefined reference to `SLtt_get_screen_size'
collect2: ld returned 1 exit status
configure: failed program was:
#line 9364 "configure"
#include "confdefs.h"
/* System header to define __stub macros and hopefully few prototypes,
    which can conflict with char SLtt_get_screen_size(); below.  */
#include <assert.h>
/* Override any gcc2 internal prototype to avoid an error.  */
/* We use char because int might match the return type of a gcc2
    builtin and then its argument prototype would still apply.  */
char SLtt_get_screen_size();

int main() {

/* The GNU C library defines this for functions which it implements
    to always fail with ENOSYS.  Some functions are actually named
    something starting with __ and the normal name is an alias.  */
#if defined (__stub_SLtt_get_screen_size) || defined (__stub___SLtt_get_screen_size)
choke me
#else
SLtt_get_screen_size();
#endif

; return 0; }
configure:9407: checking for SLtt_get_screen_size in -lslang
configure:9417: psp-gcc-4.0.0 -o conftest -I../SharedLib/libnet/  -DLINUX   conftest.c -lslang   1>&5
configure:9411:19: error: slang.h: No such file or directory
configure: failed program was:
#line 9410 "configure"
#include "confdefs.h"
#include <slang.h>
int main() {
SLtt_get_screen_size()
; return 0; }
configure:9486: checking for -lslang in /usr/local/lib
configure:9496: psp-gcc-4.0.0 -o conftest -I../SharedLib/libnet/  -DLINUX   conftest.c -L/usr/local/lib -lslang   1>&5
configure:9490:19: error: slang.h: No such file or directory
configure: failed program was:
#line 9489 "configure"
#include "confdefs.h"
#include <slang.h>
int main() {
SLtt_get_screen_size()
; return 0; }
configure:9486: checking for -lslang in /usr/lib
configure:9496: psp-gcc-4.0.0 -o conftest -I../SharedLib/libnet/  -DLINUX   conftest.c -L/usr/lib -lslang   1>&5
configure:9490:19: error: slang.h: No such file or directory
configure: failed program was:
#line 9489 "configure"
#include "confdefs.h"
#include <slang.h>
int main() {
SLtt_get_screen_size()
; return 0; }
