This file contains any messages produced by compilers while
running configure, to aid debugging if configure makes a mistake.

configure:593: checking for a BSD compatible install
configure:646: checking whether build environment is sane
configure:703: checking whether make sets ${MAKE}
configure:749: checking for working aclocal
configure:762: checking for working autoconf
configure:775: checking for working automake
configure:788: checking for working autoheader
configure:801: checking for working makeinfo
configure:828: checking for gcc
configure:941: checking whether the C compiler (psp-gcc -I../../../../SharedLib/libpthread -I/usr/local/pspdev/psp/include/ -I/usr/local/pspdev/psp/sdk/include/ -I/usr/local/pspdev/psp/include/machine/ -I/usr/local/pspdev/psp/sdk/include/ -I/usr/local/pspdev/psp/include/machine/ -I../../../../SharedLib/Tools -L/usr/local/pspdev/psp/sdk/lib -L/usr/local/pspdev/psp/sdk/sdk/lib -L../../../../SharedLib/lib) works
configure:957: psp-gcc -I../../../../SharedLib/libpthread -I/usr/local/pspdev/psp/include/ -I/usr/local/pspdev/psp/sdk/include/ -I/usr/local/pspdev/psp/include/machine/ -o conftest -I/usr/local/pspdev/psp/sdk/include/ -I/usr/local/pspdev/psp/include/machine/ -I../../../../SharedLib/Tools  -L/usr/local/pspdev/psp/sdk/lib -L/usr/local/pspdev/psp/sdk/sdk/lib -L../../../../SharedLib/lib conftest.c -lpspdebug -lpspdisplay -lpspge -lpspctrl -lpspsdk -lc -lpspnet -lpspnet_inet -lpspnet_apctl -lpspnet_resolver -lpsputility -lpspuser -liberty -lpspsdk -lpspnet -lpspaudio -lpspgu -lpspge -lpsphprm -lpspkernel 1>&5
configure:983: checking whether the C compiler (psp-gcc -I../../../../SharedLib/libpthread -I/usr/local/pspdev/psp/include/ -I/usr/local/pspdev/psp/sdk/include/ -I/usr/local/pspdev/psp/include/machine/ -I/usr/local/pspdev/psp/sdk/include/ -I/usr/local/pspdev/psp/include/machine/ -I../../../../SharedLib/Tools -L/usr/local/pspdev/psp/sdk/lib -L/usr/local/pspdev/psp/sdk/sdk/lib -L../../../../SharedLib/lib) is a cross-compiler
configure:988: checking whether we are using GNU C
configure:997: psp-gcc -I../../../../SharedLib/libpthread -I/usr/local/pspdev/psp/include/ -I/usr/local/pspdev/psp/sdk/include/ -I/usr/local/pspdev/psp/include/machine/ -E conftest.c
configure:1016: checking whether psp-gcc -I../../../../SharedLib/libpthread -I/usr/local/pspdev/psp/include/ -I/usr/local/pspdev/psp/sdk/include/ -I/usr/local/pspdev/psp/include/machine/ accepts -g
configure:1054: checking how to run the C preprocessor
configure:1075: psp-gcc -I../../../../SharedLib/libpthread -I/usr/local/pspdev/psp/include/ -I/usr/local/pspdev/psp/sdk/include/ -I/usr/local/pspdev/psp/include/machine/ -E  conftest.c >/dev/null 2>conftest.out
configure:1134: checking for ANSI C header files
configure:1147: psp-gcc -I../../../../SharedLib/libpthread -I/usr/local/pspdev/psp/include/ -I/usr/local/pspdev/psp/sdk/include/ -I/usr/local/pspdev/psp/include/machine/ -E  conftest.c >/dev/null 2>conftest.out
configure:1241: checking for EMX
configure:1255: psp-gcc -I../../../../SharedLib/libpthread -I/usr/local/pspdev/psp/include/ -I/usr/local/pspdev/psp/sdk/include/ -I/usr/local/pspdev/psp/include/machine/ -c -I/usr/local/pspdev/psp/sdk/include/ -I/usr/local/pspdev/psp/include/machine/ -I../../../../SharedLib/Tools  conftest.c 1>&5
configure: In function 'main':
configure:1250: error: 'kill' undeclared (first use in this function)
configure:1250: error: (Each undeclared identifier is reported only once
configure:1250: error: for each function it appears in.)
configure:1250: error: syntax error before 'me'
configure: failed program was:
#line 1246 "configure"
#include "confdefs.h"

int main() {
#ifndef __EMX__
	kill me!
	#endif 
; return 0; }
configure:1272: checking for typeof
configure:1285: psp-gcc -I../../../../SharedLib/libpthread -I/usr/local/pspdev/psp/include/ -I/usr/local/pspdev/psp/sdk/include/ -I/usr/local/pspdev/psp/include/machine/ -c -I/usr/local/pspdev/psp/sdk/include/ -I/usr/local/pspdev/psp/include/machine/ -I../../../../SharedLib/Tools  conftest.c 1>&5
configure:1305: checking for long long
configure:1317: psp-gcc -I../../../../SharedLib/libpthread -I/usr/local/pspdev/psp/include/ -I/usr/local/pspdev/psp/sdk/include/ -I/usr/local/pspdev/psp/include/machine/ -c -I/usr/local/pspdev/psp/sdk/include/ -I/usr/local/pspdev/psp/include/machine/ -I../../../../SharedLib/Tools  conftest.c 1>&5
configure:1341: checking for dirent.h that defines DIR
configure:1354: psp-gcc -I../../../../SharedLib/libpthread -I/usr/local/pspdev/psp/include/ -I/usr/local/pspdev/psp/sdk/include/ -I/usr/local/pspdev/psp/include/machine/ -c -I/usr/local/pspdev/psp/sdk/include/ -I/usr/local/pspdev/psp/include/machine/ -I../../../../SharedLib/Tools  conftest.c 1>&5
configure:1379: checking for opendir in -ldir
configure:1398: psp-gcc -I../../../../SharedLib/libpthread -I/usr/local/pspdev/psp/include/ -I/usr/local/pspdev/psp/sdk/include/ -I/usr/local/pspdev/psp/include/machine/ -o conftest -I/usr/local/pspdev/psp/sdk/include/ -I/usr/local/pspdev/psp/include/machine/ -I../../../../SharedLib/Tools  -L/usr/local/pspdev/psp/sdk/lib -L/usr/local/pspdev/psp/sdk/sdk/lib -L../../../../SharedLib/lib conftest.c -ldir  -lpspdebug -lpspdisplay -lpspge -lpspctrl -lpspsdk -lc -lpspnet -lpspnet_inet -lpspnet_apctl -lpspnet_resolver -lpsputility -lpspuser -liberty -lpspsdk -lpspnet -lpspaudio -lpspgu -lpspge -lpsphprm -lpspkernel 1>&5
/usr/local/pspdev/lib/gcc/psp/4.0.2/../../../../psp/bin/ld: cannot find -ldir
collect2: ld returned 1 exit status
configure: failed program was:
#line 1387 "configure"
#include "confdefs.h"
/* Override any gcc2 internal prototype to avoid an error.  */
/* We use char because int might match the return type of a gcc2
    builtin and then its argument prototype would still apply.  */
char opendir();

int main() {
opendir()
; return 0; }
configure:1462: checking for sys/wait.h that is POSIX.1 compatible
configure:1483: psp-gcc -I../../../../SharedLib/libpthread -I/usr/local/pspdev/psp/include/ -I/usr/local/pspdev/psp/sdk/include/ -I/usr/local/pspdev/psp/include/machine/ -c -I/usr/local/pspdev/psp/sdk/include/ -I/usr/local/pspdev/psp/include/machine/ -I../../../../SharedLib/Tools  conftest.c 1>&5
configure:1507: checking for fcntl.h
configure:1517: psp-gcc -I../../../../SharedLib/libpthread -I/usr/local/pspdev/psp/include/ -I/usr/local/pspdev/psp/sdk/include/ -I/usr/local/pspdev/psp/include/machine/ -E  conftest.c >/dev/null 2>conftest.out
configure:1507: checking for limits.h
configure:1517: psp-gcc -I../../../../SharedLib/libpthread -I/usr/local/pspdev/psp/include/ -I/usr/local/pspdev/psp/sdk/include/ -I/usr/local/pspdev/psp/include/machine/ -E  conftest.c >/dev/null 2>conftest.out
configure:1507: checking for sys/ioctl.h
configure:1517: psp-gcc -I../../../../SharedLib/libpthread -I/usr/local/pspdev/psp/include/ -I/usr/local/pspdev/psp/sdk/include/ -I/usr/local/pspdev/psp/include/machine/ -E  conftest.c >/dev/null 2>conftest.out
configure:1507: checking for sys/time.h
configure:1517: psp-gcc -I../../../../SharedLib/libpthread -I/usr/local/pspdev/psp/include/ -I/usr/local/pspdev/psp/sdk/include/ -I/usr/local/pspdev/psp/include/machine/ -E  conftest.c >/dev/null 2>conftest.out
configure:1507: checking for time.h
configure:1517: psp-gcc -I../../../../SharedLib/libpthread -I/usr/local/pspdev/psp/include/ -I/usr/local/pspdev/psp/sdk/include/ -I/usr/local/pspdev/psp/include/machine/ -E  conftest.c >/dev/null 2>conftest.out
configure:1507: checking for unistd.h
configure:1517: psp-gcc -I../../../../SharedLib/libpthread -I/usr/local/pspdev/psp/include/ -I/usr/local/pspdev/psp/sdk/include/ -I/usr/local/pspdev/psp/include/machine/ -E  conftest.c >/dev/null 2>conftest.out
configure:1507: checking for math.h
configure:1517: psp-gcc -I../../../../SharedLib/libpthread -I/usr/local/pspdev/psp/include/ -I/usr/local/pspdev/psp/sdk/include/ -I/usr/local/pspdev/psp/include/machine/ -E  conftest.c >/dev/null 2>conftest.out
configure:1507: checking for ieee.h
configure:1517: psp-gcc -I../../../../SharedLib/libpthread -I/usr/local/pspdev/psp/include/ -I/usr/local/pspdev/psp/sdk/include/ -I/usr/local/pspdev/psp/include/machine/ -E  conftest.c >/dev/null 2>conftest.out
configure:1513:18: error: ieee.h: No such file or directory
configure: failed program was:
#line 1512 "configure"
#include "confdefs.h"
#include <ieee.h>
configure:1507: checking for endian.h
configure:1517: psp-gcc -I../../../../SharedLib/libpthread -I/usr/local/pspdev/psp/include/ -I/usr/local/pspdev/psp/sdk/include/ -I/usr/local/pspdev/psp/include/machine/ -E  conftest.c >/dev/null 2>conftest.out
configure:1547: checking for values.h
configure:1557: psp-gcc -I../../../../SharedLib/libpthread -I/usr/local/pspdev/psp/include/ -I/usr/local/pspdev/psp/sdk/include/ -I/usr/local/pspdev/psp/include/machine/ -E  conftest.c >/dev/null 2>conftest.out
configure:1553:20: error: values.h: No such file or directory
configure: failed program was:
#line 1552 "configure"
#include "confdefs.h"
#include <values.h>
configure:1587: checking for sigaction.h
configure:1597: psp-gcc -I../../../../SharedLib/libpthread -I/usr/local/pspdev/psp/include/ -I/usr/local/pspdev/psp/sdk/include/ -I/usr/local/pspdev/psp/include/machine/ -E  conftest.c >/dev/null 2>conftest.out
configure:1593:23: error: sigaction.h: No such file or directory
configure: failed program was:
#line 1592 "configure"
#include "confdefs.h"
#include <sigaction.h>
configure:1627: checking for netinet/in_systm.h
configure:1637: psp-gcc -I../../../../SharedLib/libpthread -I/usr/local/pspdev/psp/include/ -I/usr/local/pspdev/psp/sdk/include/ -I/usr/local/pspdev/psp/include/machine/ -E  conftest.c >/dev/null 2>conftest.out
configure:1633:30: error: netinet/in_systm.h: No such file or directory
configure: failed program was:
#line 1632 "configure"
#include "confdefs.h"
#include <netinet/in_systm.h>
configure:1667: checking for netinet/in_system.h
configure:1677: psp-gcc -I../../../../SharedLib/libpthread -I/usr/local/pspdev/psp/include/ -I/usr/local/pspdev/psp/sdk/include/ -I/usr/local/pspdev/psp/include/machine/ -E  conftest.c >/dev/null 2>conftest.out
configure:1673:31: error: netinet/in_system.h: No such file or directory
configure: failed program was:
#line 1672 "configure"
#include "confdefs.h"
#include <netinet/in_system.h>
configure:1707: checking for netinet/ip.h
configure:1717: psp-gcc -I../../../../SharedLib/libpthread -I/usr/local/pspdev/psp/include/ -I/usr/local/pspdev/psp/sdk/include/ -I/usr/local/pspdev/psp/include/machine/ -E  conftest.c >/dev/null 2>conftest.out
configure:1713:24: error: netinet/ip.h: No such file or directory
configure: failed program was:
#line 1712 "configure"
#include "confdefs.h"
#include <netinet/ip.h>
configure:1747: checking for netinet/dhcp.h
configure:1757: psp-gcc -I../../../../SharedLib/libpthread -I/usr/local/pspdev/psp/include/ -I/usr/local/pspdev/psp/sdk/include/ -I/usr/local/pspdev/psp/include/machine/ -E  conftest.c >/dev/null 2>conftest.out
configure:1753:26: error: netinet/dhcp.h: No such file or directory
configure: failed program was:
#line 1752 "configure"
#include "confdefs.h"
#include <netinet/dhcp.h>
configure:1787: checking for sys/select.h
configure:1797: psp-gcc -I../../../../SharedLib/libpthread -I/usr/local/pspdev/psp/include/ -I/usr/local/pspdev/psp/sdk/include/ -I/usr/local/pspdev/psp/include/machine/ -E  conftest.c >/dev/null 2>conftest.out
configure:1827: checking for sys/resource.h
configure:1837: psp-gcc -I../../../../SharedLib/libpthread -I/usr/local/pspdev/psp/include/ -I/usr/local/pspdev/psp/sdk/include/ -I/usr/local/pspdev/psp/include/machine/ -E  conftest.c >/dev/null 2>conftest.out
configure:1867: checking for sys/utsname.h
configure:1877: psp-gcc -I../../../../SharedLib/libpthread -I/usr/local/pspdev/psp/include/ -I/usr/local/pspdev/psp/sdk/include/ -I/usr/local/pspdev/psp/include/machine/ -E  conftest.c >/dev/null 2>conftest.out
configure:1873:25: error: sys/utsname.h: No such file or directory
configure: failed program was:
#line 1872 "configure"
#include "confdefs.h"
#include <sys/utsname.h>
configure:1907: checking for sys/un.h
configure:1917: psp-gcc -I../../../../SharedLib/libpthread -I/usr/local/pspdev/psp/include/ -I/usr/local/pspdev/psp/sdk/include/ -I/usr/local/pspdev/psp/include/machine/ -E  conftest.c >/dev/null 2>conftest.out
configure:1913:20: error: sys/un.h: No such file or directory
configure: failed program was:
#line 1912 "configure"
#include "confdefs.h"
#include <sys/un.h>
configure:1947: checking for sys/fmutex.h
configure:1957: psp-gcc -I../../../../SharedLib/libpthread -I/usr/local/pspdev/psp/include/ -I/usr/local/pspdev/psp/sdk/include/ -I/usr/local/pspdev/psp/include/machine/ -E  conftest.c >/dev/null 2>conftest.out
configure:1953:24: error: sys/fmutex.h: No such file or directory
configure: failed program was:
#line 1952 "configure"
#include "confdefs.h"
#include <sys/fmutex.h>
configure:1987: checking for sys/cygwin.h
configure:1997: psp-gcc -I../../../../SharedLib/libpthread -I/usr/local/pspdev/psp/include/ -I/usr/local/pspdev/psp/sdk/include/ -I/usr/local/pspdev/psp/include/machine/ -E  conftest.c >/dev/null 2>conftest.out
configure:1993:24: error: sys/cygwin.h: No such file or directory
configure: failed program was:
#line 1992 "configure"
#include "confdefs.h"
#include <sys/cygwin.h>
configure:2027: checking for io.h
configure:2037: psp-gcc -I../../../../SharedLib/libpthread -I/usr/local/pspdev/psp/include/ -I/usr/local/pspdev/psp/sdk/include/ -I/usr/local/pspdev/psp/include/machine/ -E  conftest.c >/dev/null 2>conftest.out
configure:2033:16: error: io.h: No such file or directory
configure: failed program was:
#line 2032 "configure"
#include "confdefs.h"
#include <io.h>
configure:2067: checking for setjmp.h
configure:2077: psp-gcc -I../../../../SharedLib/libpthread -I/usr/local/pspdev/psp/include/ -I/usr/local/pspdev/psp/sdk/include/ -I/usr/local/pspdev/psp/include/machine/ -E  conftest.c >/dev/null 2>conftest.out
configure:2107: checking for langinfo.h
configure:2117: psp-gcc -I../../../../SharedLib/libpthread -I/usr/local/pspdev/psp/include/ -I/usr/local/pspdev/psp/sdk/include/ -I/usr/local/pspdev/psp/include/machine/ -E  conftest.c >/dev/null 2>conftest.out
configure:2147: checking for md5.h
configure:2157: psp-gcc -I../../../../SharedLib/libpthread -I/usr/local/pspdev/psp/include/ -I/usr/local/pspdev/psp/sdk/include/ -I/usr/local/pspdev/psp/include/machine/ -E  conftest.c >/dev/null 2>conftest.out
configure:2153:17: error: md5.h: No such file or directory
configure: failed program was:
#line 2152 "configure"
#include "confdefs.h"
#include <md5.h>
configure:2185: checking for working const
configure:2239: psp-gcc -I../../../../SharedLib/libpthread -I/usr/local/pspdev/psp/include/ -I/usr/local/pspdev/psp/sdk/include/ -I/usr/local/pspdev/psp/include/machine/ -c -I/usr/local/pspdev/psp/sdk/include/ -I/usr/local/pspdev/psp/include/machine/ -I../../../../SharedLib/Tools  conftest.c 1>&5
configure:2260: checking for inline
configure:2274: psp-gcc -I../../../../SharedLib/libpthread -I/usr/local/pspdev/psp/include/ -I/usr/local/pspdev/psp/sdk/include/ -I/usr/local/pspdev/psp/include/machine/ -c -I/usr/local/pspdev/psp/sdk/include/ -I/usr/local/pspdev/psp/include/machine/ -I../../../../SharedLib/Tools  conftest.c 1>&5
configure:2300: checking for size_t
configure:2333: checking whether time.h and sys/time.h may both be included
configure:2347: psp-gcc -I../../../../SharedLib/libpthread -I/usr/local/pspdev/psp/include/ -I/usr/local/pspdev/psp/sdk/include/ -I/usr/local/pspdev/psp/include/machine/ -c -I/usr/local/pspdev/psp/sdk/include/ -I/usr/local/pspdev/psp/include/machine/ -I../../../../SharedLib/Tools  conftest.c 1>&5
configure:2368: checking whether struct tm is in sys/time.h or time.h
configure:2381: psp-gcc -I../../../../SharedLib/libpthread -I/usr/local/pspdev/psp/include/ -I/usr/local/pspdev/psp/sdk/include/ -I/usr/local/pspdev/psp/include/machine/ -c -I/usr/local/pspdev/psp/sdk/include/ -I/usr/local/pspdev/psp/include/machine/ -I../../../../SharedLib/Tools  conftest.c 1>&5
configure: In function 'main':
configure:2377: error: dereferencing pointer to incomplete type
configure: failed program was:
#line 2373 "configure"
#include "confdefs.h"
#include <sys/types.h>
#include <time.h>
int main() {
struct tm *tp; tp->tm_sec;
; return 0; }
configure:2411: checking size of short
configure:2450: checking size of unsigned short
configure:2489: checking size of int
configure:2528: checking size of unsigned
configure:2567: checking size of long
configure:2606: checking size of unsigned long
configure:2645: checking for big endian
configure:2682: checking for little endian
configure:2734: checking whether psp-gcc -I../../../../SharedLib/libpthread -I/usr/local/pspdev/psp/include/ -I/usr/local/pspdev/psp/sdk/include/ -I/usr/local/pspdev/psp/include/machine/ needs -traditional
configure:2741:19: error: sgtty.h: No such file or directory
configure:2759:20: error: termio.h: No such file or directory
configure:2780: checking for 8-bit clean memcmp
configure:2816: checking return type of signal handlers
configure:2838: psp-gcc -I../../../../SharedLib/libpthread -I/usr/local/pspdev/psp/include/ -I/usr/local/pspdev/psp/sdk/include/ -I/usr/local/pspdev/psp/include/machine/ -c -I/usr/local/pspdev/psp/sdk/include/ -I/usr/local/pspdev/psp/include/machine/ -I../../../../SharedLib/Tools  conftest.c 1>&5
configure:2857: checking for strftime
configure:2885: psp-gcc -I../../../../SharedLib/libpthread -I/usr/local/pspdev/psp/include/ -I/usr/local/pspdev/psp/sdk/include/ -I/usr/local/pspdev/psp/include/machine/ -o conftest -I/usr/local/pspdev/psp/sdk/include/ -I/usr/local/pspdev/psp/include/machine/ -I../../../../SharedLib/Tools  -L/usr/local/pspdev/psp/sdk/lib -L/usr/local/pspdev/psp/sdk/sdk/lib -L../../../../SharedLib/lib conftest.c -lpspdebug -lpspdisplay -lpspge -lpspctrl -lpspsdk -lc -lpspnet -lpspnet_inet -lpspnet_apctl -lpspnet_resolver -lpsputility -lpspuser -liberty -lpspsdk -lpspnet -lpspaudio -lpspgu -lpspge -lpsphprm -lpspkernel 1>&5
configure:2869: warning: conflicting types for built-in function 'strftime'
configure:2953: checking for vprintf
configure:2981: psp-gcc -I../../../../SharedLib/libpthread -I/usr/local/pspdev/psp/include/ -I/usr/local/pspdev/psp/sdk/include/ -I/usr/local/pspdev/psp/include/machine/ -o conftest -I/usr/local/pspdev/psp/sdk/include/ -I/usr/local/pspdev/psp/include/machine/ -I../../../../SharedLib/Tools  -L/usr/local/pspdev/psp/sdk/lib -L/usr/local/pspdev/psp/sdk/sdk/lib -L../../../../SharedLib/lib conftest.c -lpspdebug -lpspdisplay -lpspge -lpspctrl -lpspsdk -lc -lpspnet -lpspnet_inet -lpspnet_apctl -lpspnet_resolver -lpsputility -lpspuser -liberty -lpspsdk -lpspnet -lpspaudio -lpspgu -lpspge -lpsphprm -lpspkernel 1>&5
configure:2965: warning: conflicting types for built-in function 'vprintf'
configure:3060: checking for calloc
configure:3088: psp-gcc -I../../../../SharedLib/libpthread -I/usr/local/pspdev/psp/include/ -I/usr/local/pspdev/psp/sdk/include/ -I/usr/local/pspdev/psp/include/machine/ -o conftest -I/usr/local/pspdev/psp/sdk/include/ -I/usr/local/pspdev/psp/include/machine/ -I../../../../SharedLib/Tools  -L/usr/local/pspdev/psp/sdk/lib -L/usr/local/pspdev/psp/sdk/sdk/lib -L../../../../SharedLib/lib conftest.c -lpspdebug -lpspdisplay -lpspge -lpspctrl -lpspsdk -lc -lpspnet -lpspnet_inet -lpspnet_apctl -lpspnet_resolver -lpsputility -lpspuser -liberty -lpspsdk -lpspnet -lpspaudio -lpspgu -lpspge -lpsphprm -lpspkernel 1>&5
configure:3072: warning: conflicting types for built-in function 'calloc'
configure:3115: checking for snprintf
configure:3143: psp-gcc -I../../../../SharedLib/libpthread -I/usr/local/pspdev/psp/include/ -I/usr/local/pspdev/psp/sdk/include/ -I/usr/local/pspdev/psp/include/machine/ -o conftest -I/usr/local/pspdev/psp/sdk/include/ -I/usr/local/pspdev/psp/include/machine/ -I../../../../SharedLib/Tools  -L/usr/local/pspdev/psp/sdk/lib -L/usr/local/pspdev/psp/sdk/sdk/lib -L../../../../SharedLib/lib conftest.c -lpspdebug -lpspdisplay -lpspge -lpspctrl -lpspsdk -lc -lpspnet -lpspnet_inet -lpspnet_apctl -lpspnet_resolver -lpsputility -lpspuser -liberty -lpspsdk -lpspnet -lpspaudio -lpspgu -lpspge -lpsphprm -lpspkernel 1>&5
configure:3127: warning: conflicting types for built-in function 'snprintf'
configure:3170: checking for memmove
configure:3198: psp-gcc -I../../../../SharedLib/libpthread -I/usr/local/pspdev/psp/include/ -I/usr/local/pspdev/psp/sdk/include/ -I/usr/local/pspdev/psp/include/machine/ -o conftest -I/usr/local/pspdev/psp/sdk/include/ -I/usr/local/pspdev/psp/include/machine/ -I../../../../SharedLib/Tools  -L/usr/local/pspdev/psp/sdk/lib -L/usr/local/pspdev/psp/sdk/sdk/lib -L../../../../SharedLib/lib conftest.c -lpspdebug -lpspdisplay -lpspge -lpspctrl -lpspsdk -lc -lpspnet -lpspnet_inet -lpspnet_apctl -lpspnet_resolver -lpsputility -lpspuser -liberty -lpspsdk -lpspnet -lpspaudio -lpspgu -lpspge -lpsphprm -lpspkernel 1>&5
configure:3182: warning: conflicting types for built-in function 'memmove'
configure:3225: checking for raise
configure:3253: psp-gcc -I../../../../SharedLib/libpthread -I/usr/local/pspdev/psp/include/ -I/usr/local/pspdev/psp/sdk/include/ -I/usr/local/pspdev/psp/include/machine/ -o conftest -I/usr/local/pspdev/psp/sdk/include/ -I/usr/local/pspdev/psp/include/machine/ -I../../../../SharedLib/Tools  -L/usr/local/pspdev/psp/sdk/lib -L/usr/local/pspdev/psp/sdk/sdk/lib -L../../../../SharedLib/lib conftest.c -lpspdebug -lpspdisplay -lpspge -lpspctrl -lpspsdk -lc -lpspnet -lpspnet_inet -lpspnet_apctl -lpspnet_resolver -lpsputility -lpspuser -liberty -lpspsdk -lpspnet -lpspaudio -lpspgu -lpspge -lpsphprm -lpspkernel 1>&5
configure:3280: checking for gettimeofday
configure:3308: psp-gcc -I../../../../SharedLib/libpthread -I/usr/local/pspdev/psp/include/ -I/usr/local/pspdev/psp/sdk/include/ -I/usr/local/pspdev/psp/include/machine/ -o conftest -I/usr/local/pspdev/psp/sdk/include/ -I/usr/local/pspdev/psp/include/machine/ -I../../../../SharedLib/Tools  -L/usr/local/pspdev/psp/sdk/lib -L/usr/local/pspdev/psp/sdk/sdk/lib -L../../../../SharedLib/lib conftest.c -lpspdebug -lpspdisplay -lpspge -lpspctrl -lpspsdk -lc -lpspnet -lpspnet_inet -lpspnet_apctl -lpspnet_resolver -lpsputility -lpspuser -liberty -lpspsdk -lpspnet -lpspaudio -lpspgu -lpspge -lpsphprm -lpspkernel 1>&5
configure:3280: checking for mkdir
configure:3308: psp-gcc -I../../../../SharedLib/libpthread -I/usr/local/pspdev/psp/include/ -I/usr/local/pspdev/psp/sdk/include/ -I/usr/local/pspdev/psp/include/machine/ -o conftest -I/usr/local/pspdev/psp/sdk/include/ -I/usr/local/pspdev/psp/include/machine/ -I../../../../SharedLib/Tools  -L/usr/local/pspdev/psp/sdk/lib -L/usr/local/pspdev/psp/sdk/sdk/lib -L../../../../SharedLib/lib conftest.c -lpspdebug -lpspdisplay -lpspge -lpspctrl -lpspsdk -lc -lpspnet -lpspnet_inet -lpspnet_apctl -lpspnet_resolver -lpsputility -lpspuser -liberty -lpspsdk -lpspnet -lpspaudio -lpspgu -lpspge -lpsphprm -lpspkernel 1>&5
configure:3280: checking for select
configure:3308: psp-gcc -I../../../../SharedLib/libpthread -I/usr/local/pspdev/psp/include/ -I/usr/local/pspdev/psp/sdk/include/ -I/usr/local/pspdev/psp/include/machine/ -o conftest -I/usr/local/pspdev/psp/sdk/include/ -I/usr/local/pspdev/psp/include/machine/ -I../../../../SharedLib/Tools  -L/usr/local/pspdev/psp/sdk/lib -L/usr/local/pspdev/psp/sdk/sdk/lib -L../../../../SharedLib/lib conftest.c -lpspdebug -lpspdisplay -lpspge -lpspctrl -lpspsdk -lc -lpspnet -lpspnet_inet -lpspnet_apctl -lpspnet_resolver -lpsputility -lpspuser -liberty -lpspsdk -lpspnet -lpspaudio -lpspgu -lpspge -lpsphprm -lpspkernel 1>&5
configure:3280: checking for strcspn
configure:3308: psp-gcc -I../../../../SharedLib/libpthread -I/usr/local/pspdev/psp/include/ -I/usr/local/pspdev/psp/sdk/include/ -I/usr/local/pspdev/psp/include/machine/ -o conftest -I/usr/local/pspdev/psp/sdk/include/ -I/usr/local/pspdev/psp/include/machine/ -I../../../../SharedLib/Tools  -L/usr/local/pspdev/psp/sdk/lib -L/usr/local/pspdev/psp/sdk/sdk/lib -L../../../../SharedLib/lib conftest.c -lpspdebug -lpspdisplay -lpspge -lpspctrl -lpspsdk -lc -lpspnet -lpspnet_inet -lpspnet_apctl -lpspnet_resolver -lpsputility -lpspuser -liberty -lpspsdk -lpspnet -lpspaudio -lpspgu -lpspge -lpsphprm -lpspkernel 1>&5
configure:3292: warning: conflicting types for built-in function 'strcspn'
configure:3280: checking for strerror
configure:3308: psp-gcc -I../../../../SharedLib/libpthread -I/usr/local/pspdev/psp/include/ -I/usr/local/pspdev/psp/sdk/include/ -I/usr/local/pspdev/psp/include/machine/ -o conftest -I/usr/local/pspdev/psp/sdk/include/ -I/usr/local/pspdev/psp/include/machine/ -I../../../../SharedLib/Tools  -L/usr/local/pspdev/psp/sdk/lib -L/usr/local/pspdev/psp/sdk/sdk/lib -L../../../../SharedLib/lib conftest.c -lpspdebug -lpspdisplay -lpspge -lpspctrl -lpspsdk -lc -lpspnet -lpspnet_inet -lpspnet_apctl -lpspnet_resolver -lpsputility -lpspuser -liberty -lpspsdk -lpspnet -lpspaudio -lpspgu -lpspge -lpsphprm -lpspkernel 1>&5
configure:3280: checking for strstr
configure:3308: psp-gcc -I../../../../SharedLib/libpthread -I/usr/local/pspdev/psp/include/ -I/usr/local/pspdev/psp/sdk/include/ -I/usr/local/pspdev/psp/include/machine/ -o conftest -I/usr/local/pspdev/psp/sdk/include/ -I/usr/local/pspdev/psp/include/machine/ -I../../../../SharedLib/Tools  -L/usr/local/pspdev/psp/sdk/lib -L/usr/local/pspdev/psp/sdk/sdk/lib -L../../../../SharedLib/lib conftest.c -lpspdebug -lpspdisplay -lpspge -lpspctrl -lpspsdk -lc -lpspnet -lpspnet_inet -lpspnet_apctl -lpspnet_resolver -lpsputility -lpspuser -liberty -lpspsdk -lpspnet -lpspaudio -lpspgu -lpspge -lpsphprm -lpspkernel 1>&5
configure:3292: warning: conflicting types for built-in function 'strstr'
configure:3280: checking for strtol
configure:3308: psp-gcc -I../../../../SharedLib/libpthread -I/usr/local/pspdev/psp/include/ -I/usr/local/pspdev/psp/sdk/include/ -I/usr/local/pspdev/psp/include/machine/ -o conftest -I/usr/local/pspdev/psp/sdk/include/ -I/usr/local/pspdev/psp/include/machine/ -I../../../../SharedLib/Tools  -L/usr/local/pspdev/psp/sdk/lib -L/usr/local/pspdev/psp/sdk/sdk/lib -L../../../../SharedLib/lib conftest.c -lpspdebug -lpspdisplay -lpspge -lpspctrl -lpspsdk -lc -lpspnet -lpspnet_inet -lpspnet_apctl -lpspnet_resolver -lpsputility -lpspuser -liberty -lpspsdk -lpspnet -lpspaudio -lpspgu -lpspge -lpsphprm -lpspkernel 1>&5
configure:3280: checking for strtoul
configure:3308: psp-gcc -I../../../../SharedLib/libpthread -I/usr/local/pspdev/psp/include/ -I/usr/local/pspdev/psp/sdk/include/ -I/usr/local/pspdev/psp/include/machine/ -o conftest -I/usr/local/pspdev/psp/sdk/include/ -I/usr/local/pspdev/psp/include/machine/ -I../../../../SharedLib/Tools  -L/usr/local/pspdev/psp/sdk/lib -L/usr/local/pspdev/psp/sdk/sdk/lib -L../../../../SharedLib/lib conftest.c -lpspdebug -lpspdisplay -lpspge -lpspctrl -lpspsdk -lc -lpspnet -lpspnet_inet -lpspnet_apctl -lpspnet_resolver -lpsputility -lpspuser -liberty -lpspsdk -lpspnet -lpspaudio -lpspgu -lpspge -lpsphprm -lpspkernel 1>&5
configure:3280: checking for strtoq
configure:3308: psp-gcc -I../../../../SharedLib/libpthread -I/usr/local/pspdev/psp/include/ -I/usr/local/pspdev/psp/sdk/include/ -I/usr/local/pspdev/psp/include/machine/ -o conftest -I/usr/local/pspdev/psp/sdk/include/ -I/usr/local/pspdev/psp/include/machine/ -I../../../../SharedLib/Tools  -L/usr/local/pspdev/psp/sdk/lib -L/usr/local/pspdev/psp/sdk/sdk/lib -L../../../../SharedLib/lib conftest.c -lpspdebug -lpspdisplay -lpspge -lpspctrl -lpspsdk -lc -lpspnet -lpspnet_inet -lpspnet_apctl -lpspnet_resolver -lpsputility -lpspuser -liberty -lpspsdk -lpspnet -lpspaudio -lpspgu -lpspge -lpsphprm -lpspkernel 1>&5
/tmp/cc4uSh7A.o: In function `main':
conftest.c:(.text+0x10): undefined reference to `strtoq'
collect2: ld returned 1 exit status
configure: failed program was:
#line 3285 "configure"
#include "confdefs.h"
/* System header to define __stub macros and hopefully few prototypes,
    which can conflict with char strtoq(); below.  */
#include <assert.h>
/* Override any gcc2 internal prototype to avoid an error.  */
/* We use char because int might match the return type of a gcc2
    builtin and then its argument prototype would still apply.  */
char strtoq();

int main() {

/* The GNU C library defines this for functions which it implements
    to always fail with ENOSYS.  Some functions are actually named
    something starting with __ and the normal name is an alias.  */
#if defined (__stub_strtoq) || defined (__stub___strtoq)
choke me
#else
strtoq();
#endif

; return 0; }
configure:3280: checking for strtoll
configure:3308: psp-gcc -I../../../../SharedLib/libpthread -I/usr/local/pspdev/psp/include/ -I/usr/local/pspdev/psp/sdk/include/ -I/usr/local/pspdev/psp/include/machine/ -o conftest -I/usr/local/pspdev/psp/sdk/include/ -I/usr/local/pspdev/psp/include/machine/ -I../../../../SharedLib/Tools  -L/usr/local/pspdev/psp/sdk/lib -L/usr/local/pspdev/psp/sdk/sdk/lib -L../../../../SharedLib/lib conftest.c -lpspdebug -lpspdisplay -lpspge -lpspctrl -lpspsdk -lc -lpspnet -lpspnet_inet -lpspnet_apctl -lpspnet_resolver -lpsputility -lpspuser -liberty -lpspsdk -lpspnet -lpspaudio -lpspgu -lpspge -lpsphprm -lpspkernel 1>&5
configure:3280: checking for chmod
configure:3308: psp-gcc -I../../../../SharedLib/libpthread -I/usr/local/pspdev/psp/include/ -I/usr/local/pspdev/psp/sdk/include/ -I/usr/local/pspdev/psp/include/machine/ -o conftest -I/usr/local/pspdev/psp/sdk/include/ -I/usr/local/pspdev/psp/include/machine/ -I../../../../SharedLib/Tools  -L/usr/local/pspdev/psp/sdk/lib -L/usr/local/pspdev/psp/sdk/sdk/lib -L../../../../SharedLib/lib conftest.c -lpspdebug -lpspdisplay -lpspge -lpspctrl -lpspsdk -lc -lpspnet -lpspnet_inet -lpspnet_apctl -lpspnet_resolver -lpsputility -lpspuser -liberty -lpspsdk -lpspnet -lpspaudio -lpspgu -lpspge -lpsphprm -lpspkernel 1>&5
/tmp/ccI8B1DM.o: In function `main':
conftest.c:(.text+0x10): undefined reference to `chmod'
collect2: ld returned 1 exit status
configure: failed program was:
#line 3285 "configure"
#include "confdefs.h"
/* System header to define __stub macros and hopefully few prototypes,
    which can conflict with char chmod(); below.  */
#include <assert.h>
/* Override any gcc2 internal prototype to avoid an error.  */
/* We use char because int might match the return type of a gcc2
    builtin and then its argument prototype would still apply.  */
char chmod();

int main() {

/* The GNU C library defines this for functions which it implements
    to always fail with ENOSYS.  Some functions are actually named
    something starting with __ and the normal name is an alias.  */
#if defined (__stub_chmod) || defined (__stub___chmod)
choke me
#else
chmod();
#endif

; return 0; }
configure:3335: checking for getpid
configure:3363: psp-gcc -I../../../../SharedLib/libpthread -I/usr/local/pspdev/psp/include/ -I/usr/local/pspdev/psp/sdk/include/ -I/usr/local/pspdev/psp/include/machine/ -o conftest -I/usr/local/pspdev/psp/sdk/include/ -I/usr/local/pspdev/psp/include/machine/ -I../../../../SharedLib/Tools  -L/usr/local/pspdev/psp/sdk/lib -L/usr/local/pspdev/psp/sdk/sdk/lib -L../../../../SharedLib/lib conftest.c -lpspdebug -lpspdisplay -lpspge -lpspctrl -lpspsdk -lc -lpspnet -lpspnet_inet -lpspnet_apctl -lpspnet_resolver -lpsputility -lpspuser -liberty -lpspsdk -lpspnet -lpspaudio -lpspgu -lpspge -lpsphprm -lpspkernel 1>&5
configure:3335: checking for setpgid
configure:3363: psp-gcc -I../../../../SharedLib/libpthread -I/usr/local/pspdev/psp/include/ -I/usr/local/pspdev/psp/sdk/include/ -I/usr/local/pspdev/psp/include/machine/ -o conftest -I/usr/local/pspdev/psp/sdk/include/ -I/usr/local/pspdev/psp/include/machine/ -I../../../../SharedLib/Tools  -L/usr/local/pspdev/psp/sdk/lib -L/usr/local/pspdev/psp/sdk/sdk/lib -L../../../../SharedLib/lib conftest.c -lpspdebug -lpspdisplay -lpspge -lpspctrl -lpspsdk -lc -lpspnet -lpspnet_inet -lpspnet_apctl -lpspnet_resolver -lpsputility -lpspuser -liberty -lpspsdk -lpspnet -lpspaudio -lpspgu -lpspge -lpsphprm -lpspkernel 1>&5
/tmp/ccMwKaXv.o: In function `main':
conftest.c:(.text+0x10): undefined reference to `setpgid'
collect2: ld returned 1 exit status
configure: failed program was:
#line 3340 "configure"
#include "confdefs.h"
/* System header to define __stub macros and hopefully few prototypes,
    which can conflict with char setpgid(); below.  */
#include <assert.h>
/* Override any gcc2 internal prototype to avoid an error.  */
/* We use char because int might match the return type of a gcc2
    builtin and then its argument prototype would still apply.  */
char setpgid();

int main() {

/* The GNU C library defines this for functions which it implements
    to always fail with ENOSYS.  Some functions are actually named
    something starting with __ and the normal name is an alias.  */
#if defined (__stub_setpgid) || defined (__stub___setpgid)
choke me
#else
setpgid();
#endif

; return 0; }
configure:3390: checking for popen
configure:3418: psp-gcc -I../../../../SharedLib/libpthread -I/usr/local/pspdev/psp/include/ -I/usr/local/pspdev/psp/sdk/include/ -I/usr/local/pspdev/psp/include/machine/ -o conftest -I/usr/local/pspdev/psp/sdk/include/ -I/usr/local/pspdev/psp/include/machine/ -I../../../../SharedLib/Tools  -L/usr/local/pspdev/psp/sdk/lib -L/usr/local/pspdev/psp/sdk/sdk/lib -L../../../../SharedLib/lib conftest.c -lpspdebug -lpspdisplay -lpspge -lpspctrl -lpspsdk -lc -lpspnet -lpspnet_inet -lpspnet_apctl -lpspnet_resolver -lpsputility -lpspuser -liberty -lpspsdk -lpspnet -lpspaudio -lpspgu -lpspge -lpsphprm -lpspkernel 1>&5
/tmp/ccWAour2.o: In function `main':
conftest.c:(.text+0x10): undefined reference to `popen'
collect2: ld returned 1 exit status
configure: failed program was:
#line 3395 "configure"
#include "confdefs.h"
/* System header to define __stub macros and hopefully few prototypes,
    which can conflict with char popen(); below.  */
#include <assert.h>
/* Override any gcc2 internal prototype to avoid an error.  */
/* We use char because int might match the return type of a gcc2
    builtin and then its argument prototype would still apply.  */
char popen();

int main() {

/* The GNU C library defines this for functions which it implements
    to always fail with ENOSYS.  Some functions are actually named
    something starting with __ and the normal name is an alias.  */
#if defined (__stub_popen) || defined (__stub___popen)
choke me
#else
popen();
#endif

; return 0; }
configure:3445: checking for uname
configure:3473: psp-gcc -I../../../../SharedLib/libpthread -I/usr/local/pspdev/psp/include/ -I/usr/local/pspdev/psp/sdk/include/ -I/usr/local/pspdev/psp/include/machine/ -o conftest -I/usr/local/pspdev/psp/sdk/include/ -I/usr/local/pspdev/psp/include/machine/ -I../../../../SharedLib/Tools  -L/usr/local/pspdev/psp/sdk/lib -L/usr/local/pspdev/psp/sdk/sdk/lib -L../../../../SharedLib/lib conftest.c -lpspdebug -lpspdisplay -lpspge -lpspctrl -lpspsdk -lc -lpspnet -lpspnet_inet -lpspnet_apctl -lpspnet_resolver -lpsputility -lpspuser -liberty -lpspsdk -lpspnet -lpspaudio -lpspgu -lpspge -lpsphprm -lpspkernel 1>&5
/tmp/ccceZn3y.o: In function `main':
conftest.c:(.text+0x10): undefined reference to `uname'
collect2: ld returned 1 exit status
configure: failed program was:
#line 3450 "configure"
#include "confdefs.h"
/* System header to define __stub macros and hopefully few prototypes,
    which can conflict with char uname(); below.  */
#include <assert.h>
/* Override any gcc2 internal prototype to avoid an error.  */
/* We use char because int might match the return type of a gcc2
    builtin and then its argument prototype would still apply.  */
char uname();

int main() {

/* The GNU C library defines this for functions which it implements
    to always fail with ENOSYS.  Some functions are actually named
    something starting with __ and the normal name is an alias.  */
#if defined (__stub_uname) || defined (__stub___uname)
choke me
#else
uname();
#endif

; return 0; }
configure:3500: checking for getpagesize
configure:3528: psp-gcc -I../../../../SharedLib/libpthread -I/usr/local/pspdev/psp/include/ -I/usr/local/pspdev/psp/sdk/include/ -I/usr/local/pspdev/psp/include/machine/ -o conftest -I/usr/local/pspdev/psp/sdk/include/ -I/usr/local/pspdev/psp/include/machine/ -I../../../../SharedLib/Tools  -L/usr/local/pspdev/psp/sdk/lib -L/usr/local/pspdev/psp/sdk/sdk/lib -L../../../../SharedLib/lib conftest.c -lpspdebug -lpspdisplay -lpspge -lpspctrl -lpspsdk -lc -lpspnet -lpspnet_inet -lpspnet_apctl -lpspnet_resolver -lpsputility -lpspuser -liberty -lpspsdk -lpspnet -lpspaudio -lpspgu -lpspge -lpsphprm -lpspkernel 1>&5
/tmp/ccEdIlq5.o: In function `main':
conftest.c:(.text+0x10): undefined reference to `getpagesize'
collect2: ld returned 1 exit status
configure: failed program was:
#line 3505 "configure"
#include "confdefs.h"
/* System header to define __stub macros and hopefully few prototypes,
    which can conflict with char getpagesize(); below.  */
#include <assert.h>
/* Override any gcc2 internal prototype to avoid an error.  */
/* We use char because int might match the return type of a gcc2
    builtin and then its argument prototype would still apply.  */
char getpagesize();

int main() {

/* The GNU C library defines this for functions which it implements
    to always fail with ENOSYS.  Some functions are actually named
    something starting with __ and the normal name is an alias.  */
#if defined (__stub_getpagesize) || defined (__stub___getpagesize)
choke me
#else
getpagesize();
#endif

; return 0; }
configure:3555: checking for strptime
configure:3583: psp-gcc -I../../../../SharedLib/libpthread -I/usr/local/pspdev/psp/include/ -I/usr/local/pspdev/psp/sdk/include/ -I/usr/local/pspdev/psp/include/machine/ -o conftest -I/usr/local/pspdev/psp/sdk/include/ -I/usr/local/pspdev/psp/include/machine/ -I../../../../SharedLib/Tools  -L/usr/local/pspdev/psp/sdk/lib -L/usr/local/pspdev/psp/sdk/sdk/lib -L../../../../SharedLib/lib conftest.c -lpspdebug -lpspdisplay -lpspge -lpspctrl -lpspsdk -lc -lpspnet -lpspnet_inet -lpspnet_apctl -lpspnet_resolver -lpsputility -lpspuser -liberty -lpspsdk -lpspnet -lpspaudio -lpspgu -lpspge -lpsphprm -lpspkernel 1>&5
configure:3610: checking for setlocale
configure:3638: psp-gcc -I../../../../SharedLib/libpthread -I/usr/local/pspdev/psp/include/ -I/usr/local/pspdev/psp/sdk/include/ -I/usr/local/pspdev/psp/include/machine/ -o conftest -I/usr/local/pspdev/psp/sdk/include/ -I/usr/local/pspdev/psp/include/machine/ -I../../../../SharedLib/Tools  -L/usr/local/pspdev/psp/sdk/lib -L/usr/local/pspdev/psp/sdk/sdk/lib -L../../../../SharedLib/lib conftest.c -lpspdebug -lpspdisplay -lpspge -lpspctrl -lpspsdk -lc -lpspnet -lpspnet_inet -lpspnet_apctl -lpspnet_resolver -lpsputility -lpspuser -liberty -lpspsdk -lpspnet -lpspaudio -lpspgu -lpspge -lpsphprm -lpspkernel 1>&5
configure:3665: checking for nl_langinfo
configure:3693: psp-gcc -I../../../../SharedLib/libpthread -I/usr/local/pspdev/psp/include/ -I/usr/local/pspdev/psp/sdk/include/ -I/usr/local/pspdev/psp/include/machine/ -o conftest -I/usr/local/pspdev/psp/sdk/include/ -I/usr/local/pspdev/psp/include/machine/ -I../../../../SharedLib/Tools  -L/usr/local/pspdev/psp/sdk/lib -L/usr/local/pspdev/psp/sdk/sdk/lib -L../../../../SharedLib/lib conftest.c -lpspdebug -lpspdisplay -lpspge -lpspctrl -lpspsdk -lc -lpspnet -lpspnet_inet -lpspnet_apctl -lpspnet_resolver -lpsputility -lpspuser -liberty -lpspsdk -lpspnet -lpspaudio -lpspgu -lpspge -lpsphprm -lpspkernel 1>&5
configure:3719: checking for sigsetjmp/siglongjmp
configure:3731: psp-gcc -I../../../../SharedLib/libpthread -I/usr/local/pspdev/psp/include/ -I/usr/local/pspdev/psp/sdk/include/ -I/usr/local/pspdev/psp/include/machine/ -o conftest -I/usr/local/pspdev/psp/sdk/include/ -I/usr/local/pspdev/psp/include/machine/ -I../../../../SharedLib/Tools  -L/usr/local/pspdev/psp/sdk/lib -L/usr/local/pspdev/psp/sdk/sdk/lib -L../../../../SharedLib/lib conftest.c -lpspdebug -lpspdisplay -lpspge -lpspctrl -lpspsdk -lc -lpspnet -lpspnet_inet -lpspnet_apctl -lpspnet_resolver -lpsputility -lpspuser -liberty -lpspsdk -lpspnet -lpspaudio -lpspgu -lpspge -lpsphprm -lpspkernel 1>&5
In file included from configure:3725:
/usr/local/pspdev/psp/include/machine/setjmp.h:212: error: syntax error before 'typedef'
configure:3726: error: syntax error before 'int'
configure: In function 'main':
configure:3727: error: 'sigjmp_buf' undeclared (first use in this function)
configure:3727: error: (Each undeclared identifier is reported only once
configure:3727: error: for each function it appears in.)
configure:3727: error: syntax error before 'env'
configure:3727: error: 'env' undeclared (first use in this function)
configure: failed program was:
#line 3724 "configure"
#include "confdefs.h"
#include <setjmp.h>
int main() {
sigjmp_buf env;sigsetjmp(env, 1);siglongjmp(env, 2);
; return 0; }
configure:3760: checking for atan in -lm
configure:3779: psp-gcc -I../../../../SharedLib/libpthread -I/usr/local/pspdev/psp/include/ -I/usr/local/pspdev/psp/sdk/include/ -I/usr/local/pspdev/psp/include/machine/ -o conftest -I/usr/local/pspdev/psp/sdk/include/ -I/usr/local/pspdev/psp/include/machine/ -I../../../../SharedLib/Tools  -L/usr/local/pspdev/psp/sdk/lib -L/usr/local/pspdev/psp/sdk/sdk/lib -L../../../../SharedLib/lib conftest.c -lm  -lpspdebug -lpspdisplay -lpspge -lpspctrl -lpspsdk -lc -lpspnet -lpspnet_inet -lpspnet_apctl -lpspnet_resolver -lpsputility -lpspuser -liberty -lpspsdk -lpspnet -lpspaudio -lpspgu -lpspge -lpsphprm -lpspkernel 1>&5
configure:3772: warning: conflicting types for built-in function 'atan'
configure:3808: checking for MD5Data in -lmd
configure:3827: psp-gcc -I../../../../SharedLib/libpthread -I/usr/local/pspdev/psp/include/ -I/usr/local/pspdev/psp/sdk/include/ -I/usr/local/pspdev/psp/include/machine/ -o conftest -I/usr/local/pspdev/psp/sdk/include/ -I/usr/local/pspdev/psp/include/machine/ -I../../../../SharedLib/Tools  -L/usr/local/pspdev/psp/sdk/lib -L/usr/local/pspdev/psp/sdk/sdk/lib -L../../../../SharedLib/lib conftest.c -lmd  -lm -lpspdebug -lpspdisplay -lpspge -lpspctrl -lpspsdk -lc -lpspnet -lpspnet_inet -lpspnet_apctl -lpspnet_resolver -lpsputility -lpspuser -liberty -lpspsdk -lpspnet -lpspaudio -lpspgu -lpspge -lpsphprm -lpspkernel 1>&5
/usr/local/pspdev/lib/gcc/psp/4.0.2/../../../../psp/bin/ld: cannot find -lmd
collect2: ld returned 1 exit status
configure: failed program was:
#line 3816 "configure"
#include "confdefs.h"
/* Override any gcc2 internal prototype to avoid an error.  */
/* We use char because int might match the return type of a gcc2
    builtin and then its argument prototype would still apply.  */
char MD5Data();

int main() {
MD5Data()
; return 0; }
configure:3857: checking for MD5Init
configure:3885: psp-gcc -I../../../../SharedLib/libpthread -I/usr/local/pspdev/psp/include/ -I/usr/local/pspdev/psp/sdk/include/ -I/usr/local/pspdev/psp/include/machine/ -o conftest -I/usr/local/pspdev/psp/sdk/include/ -I/usr/local/pspdev/psp/include/machine/ -I../../../../SharedLib/Tools  -L/usr/local/pspdev/psp/sdk/lib -L/usr/local/pspdev/psp/sdk/sdk/lib -L../../../../SharedLib/lib conftest.c -lm -lpspdebug -lpspdisplay -lpspge -lpspctrl -lpspsdk -lc -lpspnet -lpspnet_inet -lpspnet_apctl -lpspnet_resolver -lpsputility -lpspuser -liberty -lpspsdk -lpspnet -lpspaudio -lpspgu -lpspge -lpsphprm -lpspkernel 1>&5
/tmp/cciZ93O4.o: In function `main':
conftest.c:(.text+0x10): undefined reference to `MD5Init'
collect2: ld returned 1 exit status
configure: failed program was:
#line 3862 "configure"
#include "confdefs.h"
/* System header to define __stub macros and hopefully few prototypes,
    which can conflict with char MD5Init(); below.  */
#include <assert.h>
/* Override any gcc2 internal prototype to avoid an error.  */
/* We use char because int might match the return type of a gcc2
    builtin and then its argument prototype would still apply.  */
char MD5Init();

int main() {

/* The GNU C library defines this for functions which it implements
    to always fail with ENOSYS.  Some functions are actually named
    something starting with __ and the normal name is an alias.  */
#if defined (__stub_MD5Init) || defined (__stub___MD5Init)
choke me
#else
MD5Init();
#endif

; return 0; }
configure:3857: checking for MD5Data
configure:3885: psp-gcc -I../../../../SharedLib/libpthread -I/usr/local/pspdev/psp/include/ -I/usr/local/pspdev/psp/sdk/include/ -I/usr/local/pspdev/psp/include/machine/ -o conftest -I/usr/local/pspdev/psp/sdk/include/ -I/usr/local/pspdev/psp/include/machine/ -I../../../../SharedLib/Tools  -L/usr/local/pspdev/psp/sdk/lib -L/usr/local/pspdev/psp/sdk/sdk/lib -L../../../../SharedLib/lib conftest.c -lm -lpspdebug -lpspdisplay -lpspge -lpspctrl -lpspsdk -lc -lpspnet -lpspnet_inet -lpspnet_apctl -lpspnet_resolver -lpsputility -lpspuser -liberty -lpspsdk -lpspnet -lpspaudio -lpspgu -lpspge -lpsphprm -lpspkernel 1>&5
/tmp/cc8OPw0B.o: In function `main':
conftest.c:(.text+0x10): undefined reference to `MD5Data'
collect2: ld returned 1 exit status
configure: failed program was:
#line 3862 "configure"
#include "confdefs.h"
/* System header to define __stub macros and hopefully few prototypes,
    which can conflict with char MD5Data(); below.  */
#include <assert.h>
/* Override any gcc2 internal prototype to avoid an error.  */
/* We use char because int might match the return type of a gcc2
    builtin and then its argument prototype would still apply.  */
char MD5Data();

int main() {

/* The GNU C library defines this for functions which it implements
    to always fail with ENOSYS.  Some functions are actually named
    something starting with __ and the normal name is an alias.  */
#if defined (__stub_MD5Data) || defined (__stub___MD5Data)
choke me
#else
MD5Data();
#endif

; return 0; }
configure:3911: checking for socket
configure:3939: psp-gcc -I../../../../SharedLib/libpthread -I/usr/local/pspdev/psp/include/ -I/usr/local/pspdev/psp/sdk/include/ -I/usr/local/pspdev/psp/include/machine/ -o conftest -I/usr/local/pspdev/psp/sdk/include/ -I/usr/local/pspdev/psp/include/machine/ -I../../../../SharedLib/Tools  -L/usr/local/pspdev/psp/sdk/lib -L/usr/local/pspdev/psp/sdk/sdk/lib -L../../../../SharedLib/lib conftest.c -lm -lpspdebug -lpspdisplay -lpspge -lpspctrl -lpspsdk -lc -lpspnet -lpspnet_inet -lpspnet_apctl -lpspnet_resolver -lpsputility -lpspuser -liberty -lpspsdk -lpspnet -lpspaudio -lpspgu -lpspge -lpsphprm -lpspkernel 1>&5
configure:4012: checking for setsockopt
configure:4040: psp-gcc -I../../../../SharedLib/libpthread -I/usr/local/pspdev/psp/include/ -I/usr/local/pspdev/psp/sdk/include/ -I/usr/local/pspdev/psp/include/machine/ -o conftest -I/usr/local/pspdev/psp/sdk/include/ -I/usr/local/pspdev/psp/include/machine/ -I../../../../SharedLib/Tools  -L/usr/local/pspdev/psp/sdk/lib -L/usr/local/pspdev/psp/sdk/sdk/lib -L../../../../SharedLib/lib conftest.c -lm -lpspdebug -lpspdisplay -lpspge -lpspctrl -lpspsdk -lc -lpspnet -lpspnet_inet -lpspnet_apctl -lpspnet_resolver -lpsputility -lpspuser -liberty -lpspsdk -lpspnet -lpspaudio -lpspgu -lpspge -lpsphprm -lpspkernel 1>&5
configure:4114: checking for gethostbyname
configure:4142: psp-gcc -I../../../../SharedLib/libpthread -I/usr/local/pspdev/psp/include/ -I/usr/local/pspdev/psp/sdk/include/ -I/usr/local/pspdev/psp/include/machine/ -o conftest -I/usr/local/pspdev/psp/sdk/include/ -I/usr/local/pspdev/psp/include/machine/ -I../../../../SharedLib/Tools  -L/usr/local/pspdev/psp/sdk/lib -L/usr/local/pspdev/psp/sdk/sdk/lib -L../../../../SharedLib/lib conftest.c -lm -lpspdebug -lpspdisplay -lpspge -lpspctrl -lpspsdk -lc -lpspnet -lpspnet_inet -lpspnet_apctl -lpspnet_resolver -lpsputility -lpspuser -liberty -lpspsdk -lpspnet -lpspaudio -lpspgu -lpspge -lpsphprm -lpspkernel 1>&5
configure:4264: checking for gethostbyaddr
configure:4292: psp-gcc -I../../../../SharedLib/libpthread -I/usr/local/pspdev/psp/include/ -I/usr/local/pspdev/psp/sdk/include/ -I/usr/local/pspdev/psp/include/machine/ -o conftest -I/usr/local/pspdev/psp/sdk/include/ -I/usr/local/pspdev/psp/include/machine/ -I../../../../SharedLib/Tools  -L/usr/local/pspdev/psp/sdk/lib -L/usr/local/pspdev/psp/sdk/sdk/lib -L../../../../SharedLib/lib conftest.c -lm -lpspdebug -lpspdisplay -lpspge -lpspctrl -lpspsdk -lc -lpspnet -lpspnet_inet -lpspnet_apctl -lpspnet_resolver -lpsputility -lpspuser -liberty -lpspsdk -lpspnet -lpspaudio -lpspgu -lpspge -lpsphprm -lpspkernel 1>&5
configure:4315: checking for dhcp_option
configure:4343: psp-gcc -I../../../../SharedLib/libpthread -I/usr/local/pspdev/psp/include/ -I/usr/local/pspdev/psp/sdk/include/ -I/usr/local/pspdev/psp/include/machine/ -o conftest -I/usr/local/pspdev/psp/sdk/include/ -I/usr/local/pspdev/psp/include/machine/ -I../../../../SharedLib/Tools  -L/usr/local/pspdev/psp/sdk/lib -L/usr/local/pspdev/psp/sdk/sdk/lib -L../../../../SharedLib/lib conftest.c -lm -lpspdebug -lpspdisplay -lpspge -lpspctrl -lpspsdk -lc -lpspnet -lpspnet_inet -lpspnet_apctl -lpspnet_resolver -lpsputility -lpspuser -liberty -lpspsdk -lpspnet -lpspaudio -lpspgu -lpspge -lpsphprm -lpspkernel 1>&5
/tmp/ccosdACd.o: In function `main':
conftest.c:(.text+0x10): undefined reference to `dhcp_option'
collect2: ld returned 1 exit status
configure: failed program was:
#line 4320 "configure"
#include "confdefs.h"
/* System header to define __stub macros and hopefully few prototypes,
    which can conflict with char dhcp_option(); below.  */
#include <assert.h>
/* Override any gcc2 internal prototype to avoid an error.  */
/* We use char because int might match the return type of a gcc2
    builtin and then its argument prototype would still apply.  */
char dhcp_option();

int main() {

/* The GNU C library defines this for functions which it implements
    to always fail with ENOSYS.  Some functions are actually named
    something starting with __ and the normal name is an alias.  */
#if defined (__stub_dhcp_option) || defined (__stub___dhcp_option)
choke me
#else
dhcp_option();
#endif

; return 0; }
configure:4367: checking for herror
configure:4395: psp-gcc -I../../../../SharedLib/libpthread -I/usr/local/pspdev/psp/include/ -I/usr/local/pspdev/psp/sdk/include/ -I/usr/local/pspdev/psp/include/machine/ -o conftest -I/usr/local/pspdev/psp/sdk/include/ -I/usr/local/pspdev/psp/include/machine/ -I../../../../SharedLib/Tools  -L/usr/local/pspdev/psp/sdk/lib -L/usr/local/pspdev/psp/sdk/sdk/lib -L../../../../SharedLib/lib conftest.c -lm -lpspdebug -lpspdisplay -lpspge -lpspctrl -lpspsdk -lc -lpspnet -lpspnet_inet -lpspnet_apctl -lpspnet_resolver -lpsputility -lpspuser -liberty -lpspsdk -lpspnet -lpspaudio -lpspgu -lpspge -lpsphprm -lpspkernel 1>&5
/tmp/cc4Xf1zm.o: In function `main':
conftest.c:(.text+0x10): undefined reference to `herror'
collect2: ld returned 1 exit status
configure: failed program was:
#line 4372 "configure"
#include "confdefs.h"
/* System header to define __stub macros and hopefully few prototypes,
    which can conflict with char herror(); below.  */
#include <assert.h>
/* Override any gcc2 internal prototype to avoid an error.  */
/* We use char because int might match the return type of a gcc2
    builtin and then its argument prototype would still apply.  */
char herror();

int main() {

/* The GNU C library defines this for functions which it implements
    to always fail with ENOSYS.  Some functions are actually named
    something starting with __ and the normal name is an alias.  */
#if defined (__stub_herror) || defined (__stub___herror)
choke me
#else
herror();
#endif

; return 0; }
configure:4418: checking for cfmakeraw
configure:4446: psp-gcc -I../../../../SharedLib/libpthread -I/usr/local/pspdev/psp/include/ -I/usr/local/pspdev/psp/sdk/include/ -I/usr/local/pspdev/psp/include/machine/ -o conftest -I/usr/local/pspdev/psp/sdk/include/ -I/usr/local/pspdev/psp/include/machine/ -I../../../../SharedLib/Tools  -L/usr/local/pspdev/psp/sdk/lib -L/usr/local/pspdev/psp/sdk/sdk/lib -L../../../../SharedLib/lib conftest.c -lm -lpspdebug -lpspdisplay -lpspge -lpspctrl -lpspsdk -lc -lpspnet -lpspnet_inet -lpspnet_apctl -lpspnet_resolver -lpsputility -lpspuser -liberty -lpspsdk -lpspnet -lpspaudio -lpspgu -lpspge -lpsphprm -lpspkernel 1>&5
/tmp/ccELg8qV.o: In function `main':
conftest.c:(.text+0x10): undefined reference to `cfmakeraw'
collect2: ld returned 1 exit status
configure: failed program was:
#line 4423 "configure"
#include "confdefs.h"
/* System header to define __stub macros and hopefully few prototypes,
    which can conflict with char cfmakeraw(); below.  */
#include <assert.h>
/* Override any gcc2 internal prototype to avoid an error.  */
/* We use char because int might match the return type of a gcc2
    builtin and then its argument prototype would still apply.  */
char cfmakeraw();

int main() {

/* The GNU C library defines this for functions which it implements
    to always fail with ENOSYS.  Some functions are actually named
    something starting with __ and the normal name is an alias.  */
#if defined (__stub_cfmakeraw) || defined (__stub___cfmakeraw)
choke me
#else
cfmakeraw();
#endif

; return 0; }
configure:4472: checking for cygwin_conv_to_full_win32_path
configure:4500: psp-gcc -I../../../../SharedLib/libpthread -I/usr/local/pspdev/psp/include/ -I/usr/local/pspdev/psp/sdk/include/ -I/usr/local/pspdev/psp/include/machine/ -o conftest -I/usr/local/pspdev/psp/sdk/include/ -I/usr/local/pspdev/psp/include/machine/ -I../../../../SharedLib/Tools  -L/usr/local/pspdev/psp/sdk/lib -L/usr/local/pspdev/psp/sdk/sdk/lib -L../../../../SharedLib/lib conftest.c -lm -lpspdebug -lpspdisplay -lpspge -lpspctrl -lpspsdk -lc -lpspnet -lpspnet_inet -lpspnet_apctl -lpspnet_resolver -lpsputility -lpspuser -liberty -lpspsdk -lpspnet -lpspaudio -lpspgu -lpspge -lpsphprm -lpspkernel 1>&5
/tmp/cco6B0cq.o: In function `main':
conftest.c:(.text+0x10): undefined reference to `cygwin_conv_to_full_win32_path'
collect2: ld returned 1 exit status
configure: failed program was:
#line 4477 "configure"
#include "confdefs.h"
/* System header to define __stub macros and hopefully few prototypes,
    which can conflict with char cygwin_conv_to_full_win32_path(); below.  */
#include <assert.h>
/* Override any gcc2 internal prototype to avoid an error.  */
/* We use char because int might match the return type of a gcc2
    builtin and then its argument prototype would still apply.  */
char cygwin_conv_to_full_win32_path();

int main() {

/* The GNU C library defines this for functions which it implements
    to always fail with ENOSYS.  Some functions are actually named
    something starting with __ and the normal name is an alias.  */
#if defined (__stub_cygwin_conv_to_full_win32_path) || defined (__stub___cygwin_conv_to_full_win32_path)
choke me
#else
cygwin_conv_to_full_win32_path();
#endif

; return 0; }
configure:4526: checking for requested debug level
configure:4547: checking if you want to enable javascript
configure:4563: checking for pcre_compile in -lpcre
configure:4582: psp-gcc -I../../../../SharedLib/libpthread -I/usr/local/pspdev/psp/include/ -I/usr/local/pspdev/psp/sdk/include/ -I/usr/local/pspdev/psp/include/machine/ -o conftest -I/usr/local/pspdev/psp/sdk/include/ -I/usr/local/pspdev/psp/include/machine/ -I../../../../SharedLib/Tools  -L/usr/local/pspdev/psp/sdk/lib -L/usr/local/pspdev/psp/sdk/sdk/lib -L../../../../SharedLib/lib conftest.c -lpcre  -lm -lpspdebug -lpspdisplay -lpspge -lpspctrl -lpspsdk -lc -lpspnet -lpspnet_inet -lpspnet_apctl -lpspnet_resolver -lpsputility -lpspuser -liberty -lpspsdk -lpspnet -lpspaudio -lpspgu -lpspge -lpsphprm -lpspkernel 1>&5
/usr/local/pspdev/lib/gcc/psp/4.0.2/../../../../psp/bin/ld: cannot find -lpcre
collect2: ld returned 1 exit status
configure: failed program was:
#line 4571 "configure"
#include "confdefs.h"
/* Override any gcc2 internal prototype to avoid an error.  */
/* We use char because int might match the return type of a gcc2
    builtin and then its argument prototype would still apply.  */
char pcre_compile();

int main() {
pcre_compile()
; return 0; }
configure:4613: checking for pcre.h
configure:4623: psp-gcc -I../../../../SharedLib/libpthread -I/usr/local/pspdev/psp/include/ -I/usr/local/pspdev/psp/sdk/include/ -I/usr/local/pspdev/psp/include/machine/ -E  conftest.c >/dev/null 2>conftest.out
configure:4619:18: error: pcre.h: No such file or directory
configure: failed program was:
#line 4618 "configure"
#include "confdefs.h"
#include <pcre.h>
configure:4659: checking for regcomp
configure:4687: psp-gcc -I../../../../SharedLib/libpthread -I/usr/local/pspdev/psp/include/ -I/usr/local/pspdev/psp/sdk/include/ -I/usr/local/pspdev/psp/include/machine/ -o conftest -I/usr/local/pspdev/psp/sdk/include/ -I/usr/local/pspdev/psp/include/machine/ -I../../../../SharedLib/Tools  -L/usr/local/pspdev/psp/sdk/lib -L/usr/local/pspdev/psp/sdk/sdk/lib -L../../../../SharedLib/lib conftest.c -lm -lpspdebug -lpspdisplay -lpspge -lpspctrl -lpspsdk -lc -lpspnet -lpspnet_inet -lpspnet_apctl -lpspnet_resolver -lpsputility -lpspuser -liberty -lpspsdk -lpspnet -lpspaudio -lpspgu -lpspge -lpsphprm -lpspkernel 1>&5
/tmp/ccK0mpJs.o: In function `main':
conftest.c:(.text+0x10): undefined reference to `regcomp'
collect2: ld returned 1 exit status
configure: failed program was:
#line 4664 "configure"
#include "confdefs.h"
/* System header to define __stub macros and hopefully few prototypes,
    which can conflict with char regcomp(); below.  */
#include <assert.h>
/* Override any gcc2 internal prototype to avoid an error.  */
/* We use char because int might match the return type of a gcc2
    builtin and then its argument prototype would still apply.  */
char regcomp();

int main() {

/* The GNU C library defines this for functions which it implements
    to always fail with ENOSYS.  Some functions are actually named
    something starting with __ and the normal name is an alias.  */
#if defined (__stub_regcomp) || defined (__stub___regcomp)
choke me
#else
regcomp();
#endif

; return 0; }
configure:4715: checking for regex.h
configure:4725: psp-gcc -I../../../../SharedLib/libpthread -I/usr/local/pspdev/psp/include/ -I/usr/local/pspdev/psp/sdk/include/ -I/usr/local/pspdev/psp/include/machine/ -E  conftest.c >/dev/null 2>conftest.out
configure:4721:19: error: regex.h: No such file or directory
configure: failed program was:
#line 4720 "configure"
#include "confdefs.h"
#include <regex.h>
configure:4775: checking if you want to use graphics
configure:4793: checking for Gpm_Open in -lgpm
configure:4812: psp-gcc -I../../../../SharedLib/libpthread -I/usr/local/pspdev/psp/include/ -I/usr/local/pspdev/psp/sdk/include/ -I/usr/local/pspdev/psp/include/machine/ -o conftest -I/usr/local/pspdev/psp/sdk/include/ -I/usr/local/pspdev/psp/include/machine/ -I../../../../SharedLib/Tools  -L/usr/local/pspdev/psp/sdk/lib -L/usr/local/pspdev/psp/sdk/sdk/lib -L../../../../SharedLib/lib conftest.c -lgpm  -lm -lpspdebug -lpspdisplay -lpspge -lpspctrl -lpspsdk -lc -lpspnet -lpspnet_inet -lpspnet_apctl -lpspnet_resolver -lpsputility -lpspuser -liberty -lpspsdk -lpspnet -lpspaudio -lpspgu -lpspge -lpsphprm -lpspkernel 1>&5
/usr/local/pspdev/lib/gcc/psp/4.0.2/../../../../psp/bin/ld: cannot find -lgpm
collect2: ld returned 1 exit status
configure: failed program was:
#line 4801 "configure"
#include "confdefs.h"
/* Override any gcc2 internal prototype to avoid an error.  */
/* We use char because int might match the return type of a gcc2
    builtin and then its argument prototype would still apply.  */
char Gpm_Open();

int main() {
Gpm_Open()
; return 0; }
configure:4844: checking for gpm.h
configure:4854: psp-gcc -I../../../../SharedLib/libpthread -I/usr/local/pspdev/psp/include/ -I/usr/local/pspdev/psp/sdk/include/ -I/usr/local/pspdev/psp/include/machine/ -E  conftest.c >/dev/null 2>conftest.out
configure:4850:17: error: gpm.h: No such file or directory
configure: failed program was:
#line 4849 "configure"
#include "confdefs.h"
#include <gpm.h>
configure:4887: checking for OS/2 threads
configure:4901: psp-gcc -I../../../../SharedLib/libpthread -I/usr/local/pspdev/psp/include/ -I/usr/local/pspdev/psp/sdk/include/ -I/usr/local/pspdev/psp/include/machine/ -o conftest -I/usr/local/pspdev/psp/sdk/include/ -I/usr/local/pspdev/psp/include/machine/ -I../../../../SharedLib/Tools -Zmt  -L/usr/local/pspdev/psp/sdk/lib -L/usr/local/pspdev/psp/sdk/sdk/lib -L../../../../SharedLib/lib conftest.c -lm -lpspdebug -lpspdisplay -lpspge -lpspctrl -lpspsdk -lc -lpspnet -lpspnet_inet -lpspnet_apctl -lpspnet_resolver -lpsputility -lpspuser -liberty -lpspsdk -lpspnet -lpspaudio -lpspgu -lpspge -lpsphprm -lpspkernel 1>&5
psp-gcc: unrecognized option '-Zmt'
configure: In function 'main':
configure:4897: error: 'NULL' undeclared (first use in this function)
configure:4897: error: (Each undeclared identifier is reported only once
configure:4897: error: for each function it appears in.)
configure: failed program was:
#line 4894 "configure"
#include "confdefs.h"
#include <stdlib.h>
int main() {
_beginthread(NULL, NULL, 0, NULL)
; return 0; }
configure:4936: checking for atheos/threads.h
configure:4946: psp-gcc -I../../../../SharedLib/libpthread -I/usr/local/pspdev/psp/include/ -I/usr/local/pspdev/psp/sdk/include/ -I/usr/local/pspdev/psp/include/machine/ -E  conftest.c >/dev/null 2>conftest.out
configure:4942:28: error: atheos/threads.h: No such file or directory
configure: failed program was:
#line 4941 "configure"
#include "confdefs.h"
#include <atheos/threads.h>
configure:4975: checking for spawn_thread
configure:5003: psp-gcc -I../../../../SharedLib/libpthread -I/usr/local/pspdev/psp/include/ -I/usr/local/pspdev/psp/sdk/include/ -I/usr/local/pspdev/psp/include/machine/ -o conftest -I/usr/local/pspdev/psp/sdk/include/ -I/usr/local/pspdev/psp/include/machine/ -I../../../../SharedLib/Tools  -L/usr/local/pspdev/psp/sdk/lib -L/usr/local/pspdev/psp/sdk/sdk/lib -L../../../../SharedLib/lib conftest.c -lm -lpspdebug -lpspdisplay -lpspge -lpspctrl -lpspsdk -lc -lpspnet -lpspnet_inet -lpspnet_apctl -lpspnet_resolver -lpsputility -lpspuser -liberty -lpspsdk -lpspnet -lpspaudio -lpspgu -lpspge -lpsphprm -lpspkernel 1>&5
/tmp/ccekmmRF.o: In function `main':
conftest.c:(.text+0x10): undefined reference to `spawn_thread'
collect2: ld returned 1 exit status
configure: failed program was:
#line 4980 "configure"
#include "confdefs.h"
/* System header to define __stub macros and hopefully few prototypes,
    which can conflict with char spawn_thread(); below.  */
#include <assert.h>
/* Override any gcc2 internal prototype to avoid an error.  */
/* We use char because int might match the return type of a gcc2
    builtin and then its argument prototype would still apply.  */
char spawn_thread();

int main() {

/* The GNU C library defines this for functions which it implements
    to always fail with ENOSYS.  Some functions are actually named
    something starting with __ and the normal name is an alias.  */
#if defined (__stub_spawn_thread) || defined (__stub___spawn_thread)
choke me
#else
spawn_thread();
#endif

; return 0; }
configure:5030: checking for resume_thread
configure:5058: psp-gcc -I../../../../SharedLib/libpthread -I/usr/local/pspdev/psp/include/ -I/usr/local/pspdev/psp/sdk/include/ -I/usr/local/pspdev/psp/include/machine/ -o conftest -I/usr/local/pspdev/psp/sdk/include/ -I/usr/local/pspdev/psp/include/machine/ -I../../../../SharedLib/Tools  -L/usr/local/pspdev/psp/sdk/lib -L/usr/local/pspdev/psp/sdk/sdk/lib -L../../../../SharedLib/lib conftest.c -lm -lpspdebug -lpspdisplay -lpspge -lpspctrl -lpspsdk -lc -lpspnet -lpspnet_inet -lpspnet_apctl -lpspnet_resolver -lpsputility -lpspuser -liberty -lpspsdk -lpspnet -lpspaudio -lpspgu -lpspge -lpsphprm -lpspkernel 1>&5
/tmp/ccCZSJ6a.o: In function `main':
conftest.c:(.text+0x10): undefined reference to `resume_thread'
collect2: ld returned 1 exit status
configure: failed program was:
#line 5035 "configure"
#include "confdefs.h"
/* System header to define __stub macros and hopefully few prototypes,
    which can conflict with char resume_thread(); below.  */
#include <assert.h>
/* Override any gcc2 internal prototype to avoid an error.  */
/* We use char because int might match the return type of a gcc2
    builtin and then its argument prototype would still apply.  */
char resume_thread();

int main() {

/* The GNU C library defines this for functions which it implements
    to always fail with ENOSYS.  Some functions are actually named
    something starting with __ and the normal name is an alias.  */
#if defined (__stub_resume_thread) || defined (__stub___resume_thread)
choke me
#else
resume_thread();
#endif

; return 0; }
configure:5084: checking for MouOpen
configure:5112: psp-gcc -I../../../../SharedLib/libpthread -I/usr/local/pspdev/psp/include/ -I/usr/local/pspdev/psp/sdk/include/ -I/usr/local/pspdev/psp/include/machine/ -o conftest -I/usr/local/pspdev/psp/sdk/include/ -I/usr/local/pspdev/psp/include/machine/ -I../../../../SharedLib/Tools  -L/usr/local/pspdev/psp/sdk/lib -L/usr/local/pspdev/psp/sdk/sdk/lib -L../../../../SharedLib/lib conftest.c -lm -lpspdebug -lpspdisplay -lpspge -lpspctrl -lpspsdk -lc -lpspnet -lpspnet_inet -lpspnet_apctl -lpspnet_resolver -lpsputility -lpspuser -liberty -lpspsdk -lpspnet -lpspaudio -lpspgu -lpspge -lpsphprm -lpspkernel 1>&5
/tmp/cc62N3tt.o: In function `main':
conftest.c:(.text+0x10): undefined reference to `MouOpen'
collect2: ld returned 1 exit status
configure: failed program was:
#line 5089 "configure"
#include "confdefs.h"
/* System header to define __stub macros and hopefully few prototypes,
    which can conflict with char MouOpen(); below.  */
#include <assert.h>
/* Override any gcc2 internal prototype to avoid an error.  */
/* We use char because int might match the return type of a gcc2
    builtin and then its argument prototype would still apply.  */
char MouOpen();

int main() {

/* The GNU C library defines this for functions which it implements
    to always fail with ENOSYS.  Some functions are actually named
    something starting with __ and the normal name is an alias.  */
#if defined (__stub_MouOpen) || defined (__stub___MouOpen)
choke me
#else
MouOpen();
#endif

; return 0; }
configure:5135: checking for _read_kbd
configure:5163: psp-gcc -I../../../../SharedLib/libpthread -I/usr/local/pspdev/psp/include/ -I/usr/local/pspdev/psp/sdk/include/ -I/usr/local/pspdev/psp/include/machine/ -o conftest -I/usr/local/pspdev/psp/sdk/include/ -I/usr/local/pspdev/psp/include/machine/ -I../../../../SharedLib/Tools  -L/usr/local/pspdev/psp/sdk/lib -L/usr/local/pspdev/psp/sdk/sdk/lib -L../../../../SharedLib/lib conftest.c -lm -lpspdebug -lpspdisplay -lpspge -lpspctrl -lpspsdk -lc -lpspnet -lpspnet_inet -lpspnet_apctl -lpspnet_resolver -lpsputility -lpspuser -liberty -lpspsdk -lpspnet -lpspaudio -lpspgu -lpspge -lpsphprm -lpspkernel 1>&5
/tmp/ccGenDQX.o: In function `main':
conftest.c:(.text+0x10): undefined reference to `_read_kbd'
collect2: ld returned 1 exit status
configure: failed program was:
#line 5140 "configure"
#include "confdefs.h"
/* System header to define __stub macros and hopefully few prototypes,
    which can conflict with char _read_kbd(); below.  */
#include <assert.h>
/* Override any gcc2 internal prototype to avoid an error.  */
/* We use char because int might match the return type of a gcc2
    builtin and then its argument prototype would still apply.  */
char _read_kbd();

int main() {

/* The GNU C library defines this for functions which it implements
    to always fail with ENOSYS.  Some functions are actually named
    something starting with __ and the normal name is an alias.  */
#if defined (__stub__read_kbd) || defined (__stub____read_kbd)
choke me
#else
_read_kbd();
#endif

; return 0; }
configure:5187: checking for XFree for OS/2
configure:5253: checking for dlopen in -ldl
configure:5272: psp-gcc -I../../../../SharedLib/libpthread -I/usr/local/pspdev/psp/include/ -I/usr/local/pspdev/psp/sdk/include/ -I/usr/local/pspdev/psp/include/machine/ -o conftest -I/usr/local/pspdev/psp/sdk/include/ -I/usr/local/pspdev/psp/include/machine/ -I../../../../SharedLib/Tools  -L/usr/local/pspdev/psp/sdk/lib -L/usr/local/pspdev/psp/sdk/sdk/lib -L../../../../SharedLib/lib conftest.c -ldl  -lm -lpspdebug -lpspdisplay -lpspge -lpspctrl -lpspsdk -lc -lpspnet -lpspnet_inet -lpspnet_apctl -lpspnet_resolver -lpsputility -lpspuser -liberty -lpspsdk -lpspnet -lpspaudio -lpspgu -lpspge -lpsphprm -lpspkernel 1>&5
/usr/local/pspdev/lib/gcc/psp/4.0.2/../../../../psp/bin/ld: cannot find -ldl
collect2: ld returned 1 exit status
configure: failed program was:
#line 5261 "configure"
#include "confdefs.h"
/* Override any gcc2 internal prototype to avoid an error.  */
/* We use char because int might match the return type of a gcc2
    builtin and then its argument prototype would still apply.  */
char dlopen();

int main() {
dlopen()
; return 0; }
configure:5318: checking for pkg-config
configure:5362: checking for openssl
configure:5369: checking OPENSSL_CFLAGS
configure:5374: checking OPENSSL_LIBS
configure:5402: checking for OpenSSL
configure:5413: psp-gcc -I../../../../SharedLib/libpthread -I/usr/local/pspdev/psp/include/ -I/usr/local/pspdev/psp/sdk/include/ -I/usr/local/pspdev/psp/include/machine/ -o conftest -I/usr/local/pspdev/psp/sdk/include/ -I/usr/local/pspdev/psp/include/machine/ -I../../../../SharedLib/Tools    -L/usr/local/pspdev/psp/sdk/lib -L/usr/local/pspdev/psp/sdk/sdk/lib -L../../../../SharedLib/lib conftest.c -lssl -lcrypto -ldl   -lm -lpspdebug -lpspdisplay -lpspge -lpspctrl -lpspsdk -lc -lpspnet -lpspnet_inet -lpspnet_apctl -lpspnet_resolver -lpsputility -lpspuser -liberty -lpspsdk -lpspnet -lpspaudio -lpspgu -lpspge -lpsphprm -lpspkernel 1>&5
configure:5407:25: error: openssl/ssl.h: No such file or directory
configure: failed program was:
#line 5406 "configure"
#include "confdefs.h"
#include <openssl/ssl.h>
int main() {
OpenSSL_add_all_algorithms()
; return 0; }
configure:5432: psp-gcc -I../../../../SharedLib/libpthread -I/usr/local/pspdev/psp/include/ -I/usr/local/pspdev/psp/sdk/include/ -I/usr/local/pspdev/psp/include/machine/ -o conftest -I/usr/local/pspdev/psp/sdk/include/ -I/usr/local/pspdev/psp/include/machine/ -I../../../../SharedLib/Tools    -L/usr/local/pspdev/psp/sdk/lib -L/usr/local/pspdev/psp/sdk/sdk/lib -L../../../../SharedLib/lib conftest.c -lssl -lcrypto -ldl   -lm -lpspdebug -lpspdisplay -lpspge -lpspctrl -lpspsdk -lc -lpspnet -lpspnet_inet -lpspnet_apctl -lpspnet_resolver -lpsputility -lpspuser -liberty -lpspsdk -lpspnet -lpspaudio -lpspgu -lpspge -lpsphprm -lpspkernel 1>&5
configure:5426:25: error: openssl/ssl.h: No such file or directory
configure: failed program was:
#line 5425 "configure"
#include "confdefs.h"
#include <openssl/ssl.h>
int main() {
SSLeay_add_ssl_algorithms()
; return 0; }
configure:6189: checking for sdl-config
configure:6224: checking for SDL >= 1.2.0
configure:6237: checking for XextAddDisplay in -lXext
configure:6256: psp-gcc -I../../../../SharedLib/libpthread -I/usr/local/pspdev/psp/include/ -I/usr/local/pspdev/psp/sdk/include/ -I/usr/local/pspdev/psp/include/machine/ -o conftest -I/usr/local/pspdev/psp/sdk/include/ -I/usr/local/pspdev/psp/include/machine/ -I../../../../SharedLib/Tools  -I/usr/include/SDL -D_REENTRANT -L/usr/local/pspdev/psp/sdk/lib -L/usr/local/pspdev/psp/sdk/sdk/lib -L../../../../SharedLib/lib conftest.c -lXext  -lm -lpspdebug -lpspdisplay -lpspge -lpspctrl -lpspsdk -lc -lpspnet -lpspnet_inet -lpspnet_apctl -lpspnet_resolver -lpsputility -lpspuser -liberty -lpspsdk -lpspnet -lpspaudio -lpspgu -lpspge -lpsphprm -lpspkernel 1>&5
/usr/local/pspdev/lib/gcc/psp/4.0.2/../../../../psp/bin/ld: cannot find -lXext
collect2: ld returned 1 exit status
configure: failed program was:
#line 6245 "configure"
#include "confdefs.h"
/* Override any gcc2 internal prototype to avoid an error.  */
/* We use char because int might match the return type of a gcc2
    builtin and then its argument prototype would still apply.  */
char XextAddDisplay();

int main() {
XextAddDisplay()
; return 0; }
configure:6826: checking for inflate in -lz
configure:6845: psp-gcc -I../../../../SharedLib/libpthread -I/usr/local/pspdev/psp/include/ -I/usr/local/pspdev/psp/sdk/include/ -I/usr/local/pspdev/psp/include/machine/ -o conftest -I/usr/local/pspdev/psp/sdk/include/ -I/usr/local/pspdev/psp/include/machine/ -I../../../../SharedLib/Tools  -I/usr/include/SDL -D_REENTRANT -L/usr/local/pspdev/psp/sdk/lib -L/usr/local/pspdev/psp/sdk/sdk/lib -L../../../../SharedLib/lib conftest.c -lz  -lSDL -lpthread -lm -lpspdebug -lpspdisplay -lpspge -lpspctrl -lpspsdk -lc -lpspnet -lpspnet_inet -lpspnet_apctl -lpspnet_resolver -lpsputility -lpspuser -liberty -lpspsdk -lpspnet -lpspaudio -lpspgu -lpspge -lpsphprm -lpspkernel 1>&5
configure:6876: checking for png.h
configure:6886: psp-gcc -I../../../../SharedLib/libpthread -I/usr/local/pspdev/psp/include/ -I/usr/local/pspdev/psp/sdk/include/ -I/usr/local/pspdev/psp/include/machine/ -E  -I/usr/include/SDL -D_REENTRANT conftest.c >/dev/null 2>conftest.out
configure:6876: checking for libpng/png.h
configure:6886: psp-gcc -I../../../../SharedLib/libpthread -I/usr/local/pspdev/psp/include/ -I/usr/local/pspdev/psp/sdk/include/ -I/usr/local/pspdev/psp/include/machine/ -E  -I/usr/include/SDL -D_REENTRANT conftest.c >/dev/null 2>conftest.out
configure:6882:24: error: libpng/png.h: No such file or directory
configure: failed program was:
#line 6881 "configure"
#include "confdefs.h"
#include <libpng/png.h>
configure:6913: checking for png_create_info_struct in -lpng
configure:6932: psp-gcc -I../../../../SharedLib/libpthread -I/usr/local/pspdev/psp/include/ -I/usr/local/pspdev/psp/sdk/include/ -I/usr/local/pspdev/psp/include/machine/ -o conftest -I/usr/local/pspdev/psp/sdk/include/ -I/usr/local/pspdev/psp/include/machine/ -I../../../../SharedLib/Tools  -I/usr/include/SDL -D_REENTRANT -L/usr/local/pspdev/psp/sdk/lib -L/usr/local/pspdev/psp/sdk/sdk/lib -L../../../../SharedLib/lib conftest.c -lpng  -lz -lSDL -lpthread -lm -lpspdebug -lpspdisplay -lpspge -lpspctrl -lpspsdk -lc -lpspnet -lpspnet_inet -lpspnet_apctl -lpspnet_resolver -lpsputility -lpspuser -liberty -lpspsdk -lpspnet -lpspaudio -lpspgu -lpspge -lpsphprm -lpspkernel 1>&5
configure:6966: checking for png_set_rgb_to_gray
configure:6994: psp-gcc -I../../../../SharedLib/libpthread -I/usr/local/pspdev/psp/include/ -I/usr/local/pspdev/psp/sdk/include/ -I/usr/local/pspdev/psp/include/machine/ -o conftest -I/usr/local/pspdev/psp/sdk/include/ -I/usr/local/pspdev/psp/include/machine/ -I../../../../SharedLib/Tools  -I/usr/include/SDL -D_REENTRANT -L/usr/local/pspdev/psp/sdk/lib -L/usr/local/pspdev/psp/sdk/sdk/lib -L../../../../SharedLib/lib conftest.c -lpng -lz -lSDL -lpthread -lm -lpspdebug -lpspdisplay -lpspge -lpspctrl -lpspsdk -lc -lpspnet -lpspnet_inet -lpspnet_apctl -lpspnet_resolver -lpsputility -lpspuser -liberty -lpspsdk -lpspnet -lpspaudio -lpspgu -lpspge -lpsphprm -lpspkernel 1>&5
configure:7021: checking for png_get_image_width
configure:7049: psp-gcc -I../../../../SharedLib/libpthread -I/usr/local/pspdev/psp/include/ -I/usr/local/pspdev/psp/sdk/include/ -I/usr/local/pspdev/psp/include/machine/ -o conftest -I/usr/local/pspdev/psp/sdk/include/ -I/usr/local/pspdev/psp/include/machine/ -I../../../../SharedLib/Tools  -I/usr/include/SDL -D_REENTRANT -L/usr/local/pspdev/psp/sdk/lib -L/usr/local/pspdev/psp/sdk/sdk/lib -L../../../../SharedLib/lib conftest.c -lpng -lz -lSDL -lpthread -lm -lpspdebug -lpspdisplay -lpspge -lpspctrl -lpspsdk -lc -lpspnet -lpspnet_inet -lpspnet_apctl -lpspnet_resolver -lpsputility -lpspuser -liberty -lpspsdk -lpspnet -lpspaudio -lpspgu -lpspge -lpsphprm -lpspkernel 1>&5
configure:7021: checking for png_get_image_height
configure:7049: psp-gcc -I../../../../SharedLib/libpthread -I/usr/local/pspdev/psp/include/ -I/usr/local/pspdev/psp/sdk/include/ -I/usr/local/pspdev/psp/include/machine/ -o conftest -I/usr/local/pspdev/psp/sdk/include/ -I/usr/local/pspdev/psp/include/machine/ -I../../../../SharedLib/Tools  -I/usr/include/SDL -D_REENTRANT -L/usr/local/pspdev/psp/sdk/lib -L/usr/local/pspdev/psp/sdk/sdk/lib -L../../../../SharedLib/lib conftest.c -lpng -lz -lSDL -lpthread -lm -lpspdebug -lpspdisplay -lpspge -lpspctrl -lpspsdk -lc -lpspnet -lpspnet_inet -lpspnet_apctl -lpspnet_resolver -lpsputility -lpspuser -liberty -lpspsdk -lpspnet -lpspaudio -lpspgu -lpspge -lpsphprm -lpspkernel 1>&5
configure:7021: checking for png_get_gAMA
configure:7049: psp-gcc -I../../../../SharedLib/libpthread -I/usr/local/pspdev/psp/include/ -I/usr/local/pspdev/psp/sdk/include/ -I/usr/local/pspdev/psp/include/machine/ -o conftest -I/usr/local/pspdev/psp/sdk/include/ -I/usr/local/pspdev/psp/include/machine/ -I../../../../SharedLib/Tools  -I/usr/include/SDL -D_REENTRANT -L/usr/local/pspdev/psp/sdk/lib -L/usr/local/pspdev/psp/sdk/sdk/lib -L../../../../SharedLib/lib conftest.c -lpng -lz -lSDL -lpthread -lm -lpspdebug -lpspdisplay -lpspge -lpspctrl -lpspsdk -lc -lpspnet -lpspnet_inet -lpspnet_apctl -lpspnet_resolver -lpsputility -lpspuser -liberty -lpspsdk -lpspnet -lpspaudio -lpspgu -lpspge -lpsphprm -lpspkernel 1>&5
configure:7021: checking for png_get_color_type
configure:7049: psp-gcc -I../../../../SharedLib/libpthread -I/usr/local/pspdev/psp/include/ -I/usr/local/pspdev/psp/sdk/include/ -I/usr/local/pspdev/psp/include/machine/ -o conftest -I/usr/local/pspdev/psp/sdk/include/ -I/usr/local/pspdev/psp/include/machine/ -I../../../../SharedLib/Tools  -I/usr/include/SDL -D_REENTRANT -L/usr/local/pspdev/psp/sdk/lib -L/usr/local/pspdev/psp/sdk/sdk/lib -L../../../../SharedLib/lib conftest.c -lpng -lz -lSDL -lpthread -lm -lpspdebug -lpspdisplay -lpspge -lpspctrl -lpspsdk -lc -lpspnet -lpspnet_inet -lpspnet_apctl -lpspnet_resolver -lpsputility -lpspuser -liberty -lpspsdk -lpspnet -lpspaudio -lpspgu -lpspge -lpsphprm -lpspkernel 1>&5
configure:7021: checking for png_get_bit_depth
configure:7049: psp-gcc -I../../../../SharedLib/libpthread -I/usr/local/pspdev/psp/include/ -I/usr/local/pspdev/psp/sdk/include/ -I/usr/local/pspdev/psp/include/machine/ -o conftest -I/usr/local/pspdev/psp/sdk/include/ -I/usr/local/pspdev/psp/include/machine/ -I../../../../SharedLib/Tools  -I/usr/include/SDL -D_REENTRANT -L/usr/local/pspdev/psp/sdk/lib -L/usr/local/pspdev/psp/sdk/sdk/lib -L../../../../SharedLib/lib conftest.c -lpng -lz -lSDL -lpthread -lm -lpspdebug -lpspdisplay -lpspge -lpspctrl -lpspsdk -lc -lpspnet -lpspnet_inet -lpspnet_apctl -lpspnet_resolver -lpsputility -lpspuser -liberty -lpspsdk -lpspnet -lpspaudio -lpspgu -lpspge -lpsphprm -lpspkernel 1>&5
configure:7021: checking for png_set_strip_alpha
configure:7049: psp-gcc -I../../../../SharedLib/libpthread -I/usr/local/pspdev/psp/include/ -I/usr/local/pspdev/psp/sdk/include/ -I/usr/local/pspdev/psp/include/machine/ -o conftest -I/usr/local/pspdev/psp/sdk/include/ -I/usr/local/pspdev/psp/include/machine/ -I../../../../SharedLib/Tools  -I/usr/include/SDL -D_REENTRANT -L/usr/local/pspdev/psp/sdk/lib -L/usr/local/pspdev/psp/sdk/sdk/lib -L../../../../SharedLib/lib conftest.c -lpng -lz -lSDL -lpthread -lm -lpspdebug -lpspdisplay -lpspge -lpspctrl -lpspsdk -lc -lpspnet -lpspnet_inet -lpspnet_apctl -lpspnet_resolver -lpsputility -lpspuser -liberty -lpspsdk -lpspnet -lpspaudio -lpspgu -lpspge -lpsphprm -lpspkernel 1>&5
configure:7021: checking for png_get_valid
configure:7049: psp-gcc -I../../../../SharedLib/libpthread -I/usr/local/pspdev/psp/include/ -I/usr/local/pspdev/psp/sdk/include/ -I/usr/local/pspdev/psp/include/machine/ -o conftest -I/usr/local/pspdev/psp/sdk/include/ -I/usr/local/pspdev/psp/include/machine/ -I../../../../SharedLib/Tools  -I/usr/include/SDL -D_REENTRANT -L/usr/local/pspdev/psp/sdk/lib -L/usr/local/pspdev/psp/sdk/sdk/lib -L../../../../SharedLib/lib conftest.c -lpng -lz -lSDL -lpthread -lm -lpspdebug -lpspdisplay -lpspge -lpspctrl -lpspsdk -lc -lpspnet -lpspnet_inet -lpspnet_apctl -lpspnet_resolver -lpsputility -lpspuser -liberty -lpspsdk -lpspnet -lpspaudio -lpspgu -lpspge -lpsphprm -lpspkernel 1>&5
configure:7021: checking for png_get_sRGB
configure:7049: psp-gcc -I../../../../SharedLib/libpthread -I/usr/local/pspdev/psp/include/ -I/usr/local/pspdev/psp/sdk/include/ -I/usr/local/pspdev/psp/include/machine/ -o conftest -I/usr/local/pspdev/psp/sdk/include/ -I/usr/local/pspdev/psp/include/machine/ -I../../../../SharedLib/Tools  -I/usr/include/SDL -D_REENTRANT -L/usr/local/pspdev/psp/sdk/lib -L/usr/local/pspdev/psp/sdk/sdk/lib -L../../../../SharedLib/lib conftest.c -lpng -lz -lSDL -lpthread -lm -lpspdebug -lpspdisplay -lpspge -lpspctrl -lpspsdk -lc -lpspnet -lpspnet_inet -lpspnet_apctl -lpspnet_resolver -lpsputility -lpspuser -liberty -lpspsdk -lpspnet -lpspaudio -lpspgu -lpspge -lpsphprm -lpspkernel 1>&5
configure:7086: checking if you can include both setjmp.h and png.h
configure:7099: psp-gcc -I../../../../SharedLib/libpthread -I/usr/local/pspdev/psp/include/ -I/usr/local/pspdev/psp/sdk/include/ -I/usr/local/pspdev/psp/include/machine/ -c -I/usr/local/pspdev/psp/sdk/include/ -I/usr/local/pspdev/psp/include/machine/ -I../../../../SharedLib/Tools  -I/usr/include/SDL -D_REENTRANT conftest.c 1>&5
In file included from configure:7092:
/usr/local/pspdev/psp/include/machine/setjmp.h:212: error: syntax error before 'typedef'
In file included from /usr/local/pspdev/lib/gcc/psp/4.0.2/../../../../psp/include/zlib.h:34,
                 from /usr/local/pspdev/lib/gcc/psp/4.0.2/../../../../psp/include/png.h:359,
                 from configure:7093:
/usr/local/pspdev/lib/gcc/psp/4.0.2/../../../../psp/include/zconf.h:255: error: syntax error before 'typedef'
configure: failed program was:
#line 7091 "configure"
#include "confdefs.h"
#include <setjmp.h>
		#include <png.h>
int main() {
jmp_buf bla;
; return 0; }
configure:7133: checking for jpeglib.h
configure:7143: psp-gcc -I../../../../SharedLib/libpthread -I/usr/local/pspdev/psp/include/ -I/usr/local/pspdev/psp/sdk/include/ -I/usr/local/pspdev/psp/include/machine/ -E  -I/usr/include/SDL -D_REENTRANT conftest.c >/dev/null 2>conftest.out
configure:7170: checking for jpeg_destroy_decompress in -ljpeg
configure:7189: psp-gcc -I../../../../SharedLib/libpthread -I/usr/local/pspdev/psp/include/ -I/usr/local/pspdev/psp/sdk/include/ -I/usr/local/pspdev/psp/include/machine/ -o conftest -I/usr/local/pspdev/psp/sdk/include/ -I/usr/local/pspdev/psp/include/machine/ -I../../../../SharedLib/Tools  -I/usr/include/SDL -D_REENTRANT -L/usr/local/pspdev/psp/sdk/lib -L/usr/local/pspdev/psp/sdk/sdk/lib -L../../../../SharedLib/lib conftest.c -ljpeg  -lpng -lz -lSDL -lpthread -lm -lpspdebug -lpspdisplay -lpspge -lpspctrl -lpspsdk -lc -lpspnet -lpspnet_inet -lpspnet_apctl -lpspnet_resolver -lpsputility -lpspuser -liberty -lpspsdk -lpspnet -lpspaudio -lpspgu -lpspge -lpsphprm -lpspkernel 1>&5
configure:7238: checking for tiffio.h
configure:7248: psp-gcc -I../../../../SharedLib/libpthread -I/usr/local/pspdev/psp/include/ -I/usr/local/pspdev/psp/sdk/include/ -I/usr/local/pspdev/psp/include/machine/ -E  -I/usr/include/SDL -D_REENTRANT conftest.c >/dev/null 2>conftest.out
configure:7244:20: error: tiffio.h: No such file or directory
configure: failed program was:
#line 7243 "configure"
#include "confdefs.h"
#include <tiffio.h>
configure:7275: checking for TIFFClientOpen in -ltiff
configure:7294: psp-gcc -I../../../../SharedLib/libpthread -I/usr/local/pspdev/psp/include/ -I/usr/local/pspdev/psp/sdk/include/ -I/usr/local/pspdev/psp/include/machine/ -o conftest -I/usr/local/pspdev/psp/sdk/include/ -I/usr/local/pspdev/psp/include/machine/ -I../../../../SharedLib/Tools  -I/usr/include/SDL -D_REENTRANT -L/usr/local/pspdev/psp/sdk/lib -L/usr/local/pspdev/psp/sdk/sdk/lib -L../../../../SharedLib/lib conftest.c -ltiff  -ljpeg -lpng -lz -lSDL -lpthread -lm -lpspdebug -lpspdisplay -lpspge -lpspctrl -lpspsdk -lc -lpspnet -lpspnet_inet -lpspnet_apctl -lpspnet_resolver -lpsputility -lpspuser -liberty -lpspsdk -lpspnet -lpspaudio -lpspgu -lpspge -lpsphprm -lpspkernel 1>&5
/usr/local/pspdev/lib/gcc/psp/4.0.2/../../../../psp/bin/ld: cannot find -ltiff
collect2: ld returned 1 exit status
configure: failed program was:
#line 7283 "configure"
#include "confdefs.h"
/* Override any gcc2 internal prototype to avoid an error.  */
/* We use char because int might match the return type of a gcc2
    builtin and then its argument prototype would still apply.  */
char TIFFClientOpen();

int main() {
TIFFClientOpen()
; return 0; }
